{"/Users/rodneypattison/Desktop/global-travel-report/app/error.tsx": {"path":"/Users/rodneypattison/Desktop/global-travel-report/app/error.tsx","statementMap":{"0":{"start":{"line":5,"column":24},"end":{"line":5,"column":30}},"1":{"start":{"line":3,"column":26},"end":{"line":3,"column":null}},"2":{"start":{"line":12,"column":2},"end":{"line":15,"column":null}},"3":{"start":{"line":14,"column":4},"end":{"line":14,"column":null}}},"fnMap":{"0":{"name":"Error","decl":{"start":{"line":5,"column":24},"end":{"line":5,"column":30}},"loc":{"start":{"line":11,"column":1},"end":{"line":35,"column":null}}},"1":{"name":"(anonymous_2)","decl":{"start":{"line":12,"column":12},"end":{"line":12,"column":null}},"loc":{"start":{"line":12,"column":12},"end":{"line":15,"column":5}}}},"branchMap":{},"s":{"0":0,"1":0,"2":0,"3":0},"f":{"0":0,"1":0},"b":{}}
,"/Users/rodneypattison/Desktop/global-travel-report/app/layout.tsx": {"path":"/Users/rodneypattison/Desktop/global-travel-report/app/layout.tsx","statementMap":{"0":{"start":{"line":75,"column":24},"end":{"line":75,"column":35}},"1":{"start":{"line":19,"column":13},"end":{"line":19,"column":21}},"2":{"start":{"line":14,"column":13},"end":{"line":14,"column":21}},"3":{"start":{"line":2,"column":22},"end":{"line":2,"column":null}},"4":{"start":{"line":3,"column":7},"end":{"line":3,"column":null}},"5":{"start":{"line":4,"column":23},"end":{"line":4,"column":null}},"6":{"start":{"line":5,"column":19},"end":{"line":5,"column":null}},"7":{"start":{"line":6,"column":28},"end":{"line":6,"column":null}},"8":{"start":{"line":7,"column":29},"end":{"line":7,"column":null}},"9":{"start":{"line":8,"column":24},"end":{"line":8,"column":null}},"10":{"start":{"line":9,"column":26},"end":{"line":9,"column":null}},"11":{"start":{"line":10,"column":30},"end":{"line":10,"column":null}},"12":{"start":{"line":12,"column":14},"end":{"line":12,"column":null}},"13":{"start":{"line":14,"column":34},"end":{"line":16,"column":null}},"14":{"start":{"line":19,"column":34},"end":{"line":73,"column":null}}},"fnMap":{"0":{"name":"RootLayout","decl":{"start":{"line":75,"column":24},"end":{"line":75,"column":35}},"loc":{"start":{"line":79,"column":1},"end":{"line":153,"column":1}}}},"branchMap":{"0":{"loc":{"start":{"line":123,"column":9},"end":{"line":123,"column":null}},"type":"binary-expr","locations":[{"start":{"line":123,"column":9},"end":{"line":123,"column":null}}]}},"s":{"0":0,"1":0,"2":0,"3":0,"4":0,"5":0,"6":0,"7":0,"8":0,"9":0,"10":0,"11":0,"12":0,"13":0,"14":0},"f":{"0":0},"b":{"0":[0]}}
,"/Users/rodneypattison/Desktop/global-travel-report/app/loading.tsx": {"path":"/Users/rodneypattison/Desktop/global-travel-report/app/loading.tsx","statementMap":{"0":{"start":{"line":1,"column":24},"end":{"line":1,"column":null}}},"fnMap":{"0":{"name":"Loading","decl":{"start":{"line":1,"column":24},"end":{"line":1,"column":null}},"loc":{"start":{"line":1,"column":24},"end":{"line":7,"column":null}}}},"branchMap":{},"s":{"0":0},"f":{"0":0},"b":{}}
,"/Users/rodneypattison/Desktop/global-travel-report/app/middleware.ts": {"path":"/Users/rodneypattison/Desktop/global-travel-report/app/middleware.ts","statementMap":{"0":{"start":{"line":52,"column":13},"end":{"line":52,"column":19}},"1":{"start":{"line":8,"column":16},"end":{"line":8,"column":26}},"2":{"start":{"line":1,"column":29},"end":{"line":1,"column":null}},"3":{"start":{"line":5,"column":23},"end":{"line":5,"column":null}},"4":{"start":{"line":6,"column":23},"end":{"line":6,"column":null}},"5":{"start":{"line":10,"column":2},"end":{"line":46,"column":null}},"6":{"start":{"line":11,"column":23},"end":{"line":11,"column":null}},"7":{"start":{"line":12,"column":23},"end":{"line":12,"column":null}},"8":{"start":{"line":15,"column":4},"end":{"line":17,"column":null}},"9":{"start":{"line":16,"column":6},"end":{"line":16,"column":null}},"10":{"start":{"line":20,"column":4},"end":{"line":36,"column":null}},"11":{"start":{"line":21,"column":32},"end":{"line":21,"column":56}},"12":{"start":{"line":22,"column":26},"end":{"line":22,"column":null}},"13":{"start":{"line":23,"column":35},"end":{"line":23,"column":null}},"14":{"start":{"line":25,"column":6},"end":{"line":35,"column":null}},"15":{"start":{"line":26,"column":25},"end":{"line":26,"column":null}},"16":{"start":{"line":28,"column":8},"end":{"line":33,"column":null}},"17":{"start":{"line":34,"column":8},"end":{"line":34,"column":null}},"18":{"start":{"line":39,"column":4},"end":{"line":45,"column":null}},"19":{"start":{"line":48,"column":2},"end":{"line":48,"column":null}},"20":{"start":{"line":52,"column":22},"end":{"line":54,"column":null}}},"fnMap":{"0":{"name":"middleware","decl":{"start":{"line":8,"column":16},"end":{"line":8,"column":26}},"loc":{"start":{"line":8,"column":47},"end":{"line":49,"column":null}}}},"branchMap":{"0":{"loc":{"start":{"line":10,"column":2},"end":{"line":46,"column":null}},"type":"if","locations":[{"start":{"line":10,"column":2},"end":{"line":46,"column":null}}]},"1":{"loc":{"start":{"line":15,"column":4},"end":{"line":17,"column":null}},"type":"if","locations":[{"start":{"line":15,"column":4},"end":{"line":17,"column":null}}]},"2":{"loc":{"start":{"line":20,"column":4},"end":{"line":36,"column":null}},"type":"if","locations":[{"start":{"line":20,"column":4},"end":{"line":36,"column":null}}]},"3":{"loc":{"start":{"line":25,"column":6},"end":{"line":35,"column":null}},"type":"if","locations":[{"start":{"line":25,"column":6},"end":{"line":35,"column":null}}]},"4":{"loc":{"start":{"line":25,"column":10},"end":{"line":25,"column":70}},"type":"binary-expr","locations":[{"start":{"line":25,"column":10},"end":{"line":25,"column":41}},{"start":{"line":25,"column":41},"end":{"line":25,"column":70}}]}},"s":{"0":0,"1":0,"2":0,"3":0,"4":0,"5":0,"6":0,"7":0,"8":0,"9":0,"10":0,"11":0,"12":0,"13":0,"14":0,"15":0,"16":0,"17":0,"18":0,"19":0,"20":0},"f":{"0":0},"b":{"0":[0],"1":[0],"2":[0],"3":[0],"4":[0,0]}}
,"/Users/rodneypattison/Desktop/global-travel-report/app/not-found.tsx": {"path":"/Users/rodneypattison/Desktop/global-travel-report/app/not-found.tsx","statementMap":{"0":{"start":{"line":4,"column":24},"end":{"line":4,"column":null}},"1":{"start":{"line":1,"column":17},"end":{"line":1,"column":null}},"2":{"start":{"line":2,"column":23},"end":{"line":2,"column":null}}},"fnMap":{"0":{"name":"NotFound","decl":{"start":{"line":4,"column":24},"end":{"line":4,"column":null}},"loc":{"start":{"line":4,"column":24},"end":{"line":25,"column":null}}}},"branchMap":{},"s":{"0":0,"1":0,"2":0},"f":{"0":0},"b":{}}
,"/Users/rodneypattison/Desktop/global-travel-report/app/page.tsx": {"path":"/Users/rodneypattison/Desktop/global-travel-report/app/page.tsx","statementMap":{"0":{"start":{"line":11,"column":30},"end":{"line":11,"column":39}},"1":{"start":{"line":1,"column":54},"end":{"line":1,"column":null}},"2":{"start":{"line":2,"column":22},"end":{"line":2,"column":null}},"3":{"start":{"line":12,"column":22},"end":{"line":12,"column":null}},"4":{"start":{"line":13,"column":18},"end":{"line":13,"column":null}},"5":{"start":{"line":14,"column":52},"end":{"line":14,"column":null}}},"fnMap":{"0":{"name":"HomePage","decl":{"start":{"line":11,"column":30},"end":{"line":11,"column":39}},"loc":{"start":{"line":11,"column":70},"end":{"line":25,"column":null}}}},"branchMap":{"0":{"loc":{"start":{"line":12,"column":22},"end":{"line":12,"column":null}},"type":"binary-expr","locations":[{"start":{"line":12,"column":22},"end":{"line":12,"column":51}},{"start":{"line":12,"column":51},"end":{"line":12,"column":null}}]}},"s":{"0":0,"1":0,"2":0,"3":0,"4":0,"5":0},"f":{"0":0},"b":{"0":[0,0]}}
,"/Users/rodneypattison/Desktop/global-travel-report/app/sitemap.ts": {"path":"/Users/rodneypattison/Desktop/global-travel-report/app/sitemap.ts","statementMap":{"0":{"start":{"line":5,"column":30},"end":{"line":5,"column":null}},"1":{"start":{"line":2,"column":30},"end":{"line":2,"column":null}},"2":{"start":{"line":3,"column":27},"end":{"line":3,"column":null}},"3":{"start":{"line":6,"column":18},"end":{"line":6,"column":null}},"4":{"start":{"line":7,"column":18},"end":{"line":7,"column":36}},"5":{"start":{"line":10,"column":20},"end":{"line":15,"column":null}},"6":{"start":{"line":10,"column":42},"end":{"line":15,"column":null}},"7":{"start":{"line":18,"column":18},"end":{"line":23,"column":null}},"8":{"start":{"line":18,"column":62},"end":{"line":18,"column":72}},"9":{"start":{"line":18,"column":88},"end":{"line":23,"column":null}},"10":{"start":{"line":26,"column":22},"end":{"line":31,"column":null}},"11":{"start":{"line":26,"column":62},"end":{"line":26,"column":75}},"12":{"start":{"line":26,"column":95},"end":{"line":31,"column":null}},"13":{"start":{"line":34,"column":23},"end":{"line":39,"column":null}},"14":{"start":{"line":34,"column":63},"end":{"line":34,"column":77}},"15":{"start":{"line":34,"column":98},"end":{"line":39,"column":null}},"16":{"start":{"line":42,"column":22},"end":{"line":61,"column":null}},"17":{"start":{"line":63,"column":2},"end":{"line":69,"column":null}}},"fnMap":{"0":{"name":"sitemap","decl":{"start":{"line":5,"column":30},"end":{"line":5,"column":null}},"loc":{"start":{"line":5,"column":30},"end":{"line":70,"column":null}}},"1":{"name":"(anonymous_2)","decl":{"start":{"line":10,"column":32},"end":{"line":10,"column":42}},"loc":{"start":{"line":10,"column":42},"end":{"line":15,"column":null}}},"2":{"name":"(anonymous_3)","decl":{"start":{"line":18,"column":53},"end":{"line":18,"column":62}},"loc":{"start":{"line":18,"column":62},"end":{"line":18,"column":72}}},"3":{"name":"(anonymous_4)","decl":{"start":{"line":18,"column":80},"end":{"line":18,"column":88}},"loc":{"start":{"line":18,"column":88},"end":{"line":23,"column":null}}},"4":{"name":"(anonymous_5)","decl":{"start":{"line":26,"column":53},"end":{"line":26,"column":62}},"loc":{"start":{"line":26,"column":62},"end":{"line":26,"column":75}}},"5":{"name":"(anonymous_6)","decl":{"start":{"line":26,"column":83},"end":{"line":26,"column":95}},"loc":{"start":{"line":26,"column":95},"end":{"line":31,"column":null}}},"6":{"name":"(anonymous_7)","decl":{"start":{"line":34,"column":54},"end":{"line":34,"column":63}},"loc":{"start":{"line":34,"column":63},"end":{"line":34,"column":77}}},"7":{"name":"(anonymous_8)","decl":{"start":{"line":34,"column":85},"end":{"line":34,"column":98}},"loc":{"start":{"line":34,"column":98},"end":{"line":39,"column":null}}}},"branchMap":{},"s":{"0":0,"1":0,"2":0,"3":0,"4":0,"5":0,"6":0,"7":0,"8":0,"9":0,"10":0,"11":0,"12":0,"13":0,"14":0,"15":0,"16":0,"17":0},"f":{"0":0,"1":0,"2":0,"3":0,"4":0,"5":0,"6":0,"7":0},"b":{}}
,"/Users/rodneypattison/Desktop/global-travel-report/app/(articles)/layout.tsx": {"path":"/Users/rodneypattison/Desktop/global-travel-report/app/(articles)/layout.tsx","statementMap":{"0":{"start":{"line":24,"column":24},"end":{"line":24,"column":31}},"1":{"start":{"line":10,"column":13},"end":{"line":10,"column":21}},"2":{"start":{"line":4,"column":13},"end":{"line":4,"column":21}},"3":{"start":{"line":4,"column":34},"end":{"line":8,"column":null}},"4":{"start":{"line":10,"column":34},"end":{"line":18,"column":null}}},"fnMap":{"0":{"name":"Layout","decl":{"start":{"line":24,"column":24},"end":{"line":24,"column":31}},"loc":{"start":{"line":24,"column":56},"end":{"line":30,"column":1}}}},"branchMap":{},"s":{"0":0,"1":0,"2":0,"3":0,"4":0},"f":{"0":0},"b":{}}
,"/Users/rodneypattison/Desktop/global-travel-report/app/about/page.tsx": {"path":"/Users/rodneypattison/Desktop/global-travel-report/app/about/page.tsx","statementMap":{"0":{"start":{"line":14,"column":24},"end":{"line":14,"column":null}},"1":{"start":{"line":4,"column":13},"end":{"line":4,"column":21}},"2":{"start":{"line":2,"column":23},"end":{"line":2,"column":null}},"3":{"start":{"line":4,"column":34},"end":{"line":12,"column":null}}},"fnMap":{"0":{"name":"AboutPage","decl":{"start":{"line":14,"column":24},"end":{"line":14,"column":null}},"loc":{"start":{"line":14,"column":24},"end":{"line":75,"column":1}}}},"branchMap":{},"s":{"0":0,"1":0,"2":0,"3":0},"f":{"0":0},"b":{}}
,"/Users/rodneypattison/Desktop/global-travel-report/app/api/check-auth/route.ts": {"path":"/Users/rodneypattison/Desktop/global-travel-report/app/api/check-auth/route.ts","statementMap":{"0":{"start":{"line":4,"column":22},"end":{"line":4,"column":25}},"1":{"start":{"line":15,"column":22},"end":{"line":15,"column":26}},"2":{"start":{"line":1,"column":29},"end":{"line":1,"column":null}},"3":{"start":{"line":2,"column":24},"end":{"line":2,"column":null}},"4":{"start":{"line":5,"column":22},"end":{"line":5,"column":null}},"5":{"start":{"line":6,"column":21},"end":{"line":6,"column":null}},"6":{"start":{"line":8,"column":2},"end":{"line":10,"column":null}},"7":{"start":{"line":9,"column":4},"end":{"line":9,"column":null}},"8":{"start":{"line":12,"column":2},"end":{"line":12,"column":null}},"9":{"start":{"line":16,"column":2},"end":{"line":48,"column":null}},"10":{"start":{"line":17,"column":35},"end":{"line":17,"column":null}},"11":{"start":{"line":20,"column":4},"end":{"line":42,"column":null}},"12":{"start":{"line":21,"column":23},"end":{"line":21,"column":null}},"13":{"start":{"line":24,"column":19},"end":{"line":24,"column":null}},"14":{"start":{"line":25,"column":27},"end":{"line":25,"column":null}},"15":{"start":{"line":28,"column":28},"end":{"line":38,"column":null}},"16":{"start":{"line":40,"column":6},"end":{"line":40,"column":null}},"17":{"start":{"line":41,"column":6},"end":{"line":41,"column":null}},"18":{"start":{"line":44,"column":4},"end":{"line":44,"column":null}},"19":{"start":{"line":46,"column":4},"end":{"line":46,"column":null}},"20":{"start":{"line":47,"column":4},"end":{"line":47,"column":null}}},"fnMap":{"0":{"name":"GET","decl":{"start":{"line":4,"column":22},"end":{"line":4,"column":25}},"loc":{"start":{"line":4,"column":22},"end":{"line":13,"column":null}}},"1":{"name":"POST","decl":{"start":{"line":15,"column":22},"end":{"line":15,"column":26}},"loc":{"start":{"line":15,"column":43},"end":{"line":49,"column":null}}}},"branchMap":{"0":{"loc":{"start":{"line":8,"column":2},"end":{"line":10,"column":null}},"type":"if","locations":[{"start":{"line":8,"column":2},"end":{"line":10,"column":null}}]},"1":{"loc":{"start":{"line":8,"column":6},"end":{"line":8,"column":50}},"type":"binary-expr","locations":[{"start":{"line":8,"column":6},"end":{"line":8,"column":21}},{"start":{"line":8,"column":21},"end":{"line":8,"column":50}}]},"2":{"loc":{"start":{"line":20,"column":4},"end":{"line":42,"column":null}},"type":"if","locations":[{"start":{"line":20,"column":4},"end":{"line":42,"column":null}}]},"3":{"loc":{"start":{"line":20,"column":8},"end":{"line":20,"column":82}},"type":"binary-expr","locations":[{"start":{"line":20,"column":9},"end":{"line":20,"column":33}},{"start":{"line":20,"column":33},"end":{"line":20,"column":52}},{"start":{"line":20,"column":58},"end":{"line":20,"column":82}}]},"4":{"loc":{"start":{"line":24,"column":19},"end":{"line":24,"column":null}},"type":"binary-expr","locations":[{"start":{"line":24,"column":19},"end":{"line":24,"column":50}},{"start":{"line":24,"column":50},"end":{"line":24,"column":null}}]},"5":{"loc":{"start":{"line":35,"column":12},"end":{"line":37,"column":9}},"type":"binary-expr","locations":[{"start":{"line":35,"column":12},"end":{"line":35,"column":28}},{"start":{"line":35,"column":28},"end":{"line":35,"column":59}},{"start":{"line":35,"column":59},"end":{"line":37,"column":9}}]}},"s":{"0":0,"1":0,"2":0,"3":0,"4":0,"5":0,"6":0,"7":0,"8":0,"9":0,"10":0,"11":0,"12":0,"13":0,"14":0,"15":0,"16":0,"17":0,"18":0,"19":0,"20":0},"f":{"0":0,"1":0},"b":{"0":[0],"1":[0,0],"2":[0],"3":[0,0,0],"4":[0,0],"5":[0,0,0]}}
,"/Users/rodneypattison/Desktop/global-travel-report/app/api/contact/route.ts": {"path":"/Users/rodneypattison/Desktop/global-travel-report/app/api/contact/route.ts","statementMap":{"0":{"start":{"line":219,"column":22},"end":{"line":219,"column":27}},"1":{"start":{"line":1,"column":29},"end":{"line":1,"column":null}},"2":{"start":{"line":2,"column":23},"end":{"line":2,"column":null}},"3":{"start":{"line":5,"column":20},"end":{"line":13,"column":null}},"4":{"start":{"line":16,"column":34},"end":{"line":16,"column":null}},"5":{"start":{"line":19,"column":27},"end":{"line":19,"column":59}},"6":{"start":{"line":20,"column":0},"end":{"line":22,"column":null}},"7":{"start":{"line":21,"column":2},"end":{"line":21,"column":null}},"8":{"start":{"line":25,"column":0},"end":{"line":27,"column":null}},"9":{"start":{"line":26,"column":2},"end":{"line":26,"column":null}},"10":{"start":{"line":30,"column":2},"end":{"line":33,"column":null}},"11":{"start":{"line":31,"column":4},"end":{"line":31,"column":null}},"12":{"start":{"line":32,"column":4},"end":{"line":32,"column":null}},"13":{"start":{"line":35,"column":2},"end":{"line":35,"column":null}},"14":{"start":{"line":36,"column":19},"end":{"line":42,"column":null}},"15":{"start":{"line":44,"column":15},"end":{"line":44,"column":null}},"16":{"start":{"line":45,"column":2},"end":{"line":50,"column":null}},"17":{"start":{"line":52,"column":2},"end":{"line":55,"column":null}},"18":{"start":{"line":59,"column":2},"end":{"line":158,"column":null}},"19":{"start":{"line":162,"column":2},"end":{"line":174,"column":null}},"20":{"start":{"line":178,"column":2},"end":{"line":180,"column":null}},"21":{"start":{"line":179,"column":4},"end":{"line":179,"column":null}},"22":{"start":{"line":182,"column":22},"end":{"line":188,"column":null}},"23":{"start":{"line":190,"column":2},"end":{"line":209,"column":null}},"24":{"start":{"line":191,"column":17},"end":{"line":191,"column":null}},"25":{"start":{"line":192,"column":4},"end":{"line":192,"column":null}},"26":{"start":{"line":193,"column":4},"end":{"line":193,"column":null}},"27":{"start":{"line":195,"column":4},"end":{"line":195,"column":null}},"28":{"start":{"line":197,"column":4},"end":{"line":208,"column":null}},"29":{"start":{"line":198,"column":31},"end":{"line":201,"column":null}},"30":{"start":{"line":202,"column":19},"end":{"line":202,"column":null}},"31":{"start":{"line":203,"column":6},"end":{"line":203,"column":null}},"32":{"start":{"line":204,"column":6},"end":{"line":204,"column":null}},"33":{"start":{"line":206,"column":6},"end":{"line":206,"column":null}},"34":{"start":{"line":207,"column":6},"end":{"line":207,"column":null}},"35":{"start":{"line":220,"column":2},"end":{"line":261,"column":null}},"36":{"start":{"line":221,"column":34},"end":{"line":221,"column":null}},"37":{"start":{"line":222,"column":53},"end":{"line":222,"column":null}},"38":{"start":{"line":224,"column":4},"end":{"line":224,"column":null}},"39":{"start":{"line":227,"column":4},"end":{"line":233,"column":null}},"40":{"start":{"line":228,"column":6},"end":{"line":228,"column":null}},"41":{"start":{"line":229,"column":6},"end":{"line":231,"column":null}},"42":{"start":{"line":236,"column":31},"end":{"line":236,"column":null}},"43":{"start":{"line":238,"column":4},"end":{"line":244,"column":null}},"44":{"start":{"line":239,"column":6},"end":{"line":239,"column":null}},"45":{"start":{"line":240,"column":6},"end":{"line":242,"column":null}},"46":{"start":{"line":246,"column":4},"end":{"line":246,"column":null}},"47":{"start":{"line":249,"column":4},"end":{"line":249,"column":null}},"48":{"start":{"line":251,"column":4},"end":{"line":253,"column":null}},"49":{"start":{"line":256,"column":4},"end":{"line":256,"column":null}},"50":{"start":{"line":257,"column":4},"end":{"line":259,"column":null}}},"fnMap":{"0":{"name":"verifyRecaptcha","decl":{"start":{"line":29,"column":15},"end":{"line":29,"column":31}},"loc":{"start":{"line":29,"column":44},"end":{"line":56,"column":null}}},"1":{"name":"createEmailTemplate","decl":{"start":{"line":58,"column":9},"end":{"line":58,"column":29}},"loc":{"start":{"line":58,"column":73},"end":{"line":159,"column":null}}},"2":{"name":"createPlainTextTemplate","decl":{"start":{"line":161,"column":9},"end":{"line":161,"column":33}},"loc":{"start":{"line":161,"column":77},"end":{"line":175,"column":null}}},"3":{"name":"sendEmail","decl":{"start":{"line":177,"column":15},"end":{"line":177,"column":25}},"loc":{"start":{"line":177,"column":69},"end":{"line":210,"column":null}}},"4":{"name":"POST","decl":{"start":{"line":219,"column":22},"end":{"line":219,"column":27}},"loc":{"start":{"line":219,"column":43},"end":{"line":262,"column":null}}}},"branchMap":{"0":{"loc":{"start":{"line":16,"column":34},"end":{"line":16,"column":null}},"type":"binary-expr","locations":[{"start":{"line":16,"column":34},"end":{"line":16,"column":83}},{"start":{"line":16,"column":83},"end":{"line":16,"column":null}}]},"1":{"loc":{"start":{"line":20,"column":0},"end":{"line":22,"column":null}},"type":"if","locations":[{"start":{"line":20,"column":0},"end":{"line":22,"column":null}}]},"2":{"loc":{"start":{"line":25,"column":0},"end":{"line":27,"column":null}},"type":"if","locations":[{"start":{"line":25,"column":0},"end":{"line":27,"column":null}}]},"3":{"loc":{"start":{"line":25,"column":4},"end":{"line":25,"column":52}},"type":"binary-expr","locations":[{"start":{"line":25,"column":4},"end":{"line":25,"column":26}},{"start":{"line":25,"column":30},"end":{"line":25,"column":52}}]},"4":{"loc":{"start":{"line":30,"column":2},"end":{"line":33,"column":null}},"type":"if","locations":[{"start":{"line":30,"column":2},"end":{"line":33,"column":null}}]},"5":{"loc":{"start":{"line":178,"column":2},"end":{"line":180,"column":null}},"type":"if","locations":[{"start":{"line":178,"column":2},"end":{"line":180,"column":null}}]},"6":{"loc":{"start":{"line":178,"column":6},"end":{"line":178,"column":54}},"type":"binary-expr","locations":[{"start":{"line":178,"column":6},"end":{"line":178,"column":28}},{"start":{"line":178,"column":32},"end":{"line":178,"column":54}}]},"7":{"loc":{"start":{"line":227,"column":4},"end":{"line":233,"column":null}},"type":"if","locations":[{"start":{"line":227,"column":4},"end":{"line":233,"column":null}}]},"8":{"loc":{"start":{"line":227,"column":8},"end":{"line":227,"column":56}},"type":"binary-expr","locations":[{"start":{"line":227,"column":8},"end":{"line":227,"column":17}},{"start":{"line":227,"column":17},"end":{"line":227,"column":27}},{"start":{"line":227,"column":27},"end":{"line":227,"column":39}},{"start":{"line":227,"column":39},"end":{"line":227,"column":56}}]},"9":{"loc":{"start":{"line":238,"column":4},"end":{"line":244,"column":null}},"type":"if","locations":[{"start":{"line":238,"column":4},"end":{"line":244,"column":null}}]},"10":{"loc":{"start":{"line":238,"column":8},"end":{"line":238,"column":55}},"type":"binary-expr","locations":[{"start":{"line":238,"column":8},"end":{"line":238,"column":20}},{"start":{"line":238,"column":20},"end":{"line":238,"column":55}}]},"11":{"loc":{"start":{"line":258,"column":17},"end":{"line":258,"column":82}},"type":"cond-expr","locations":[{"start":{"line":258,"column":42},"end":{"line":258,"column":55}},{"start":{"line":258,"column":58},"end":{"line":258,"column":82}}]}},"s":{"0":0,"1":0,"2":0,"3":0,"4":0,"5":0,"6":0,"7":0,"8":0,"9":0,"10":0,"11":0,"12":0,"13":0,"14":0,"15":0,"16":0,"17":0,"18":0,"19":0,"20":0,"21":0,"22":0,"23":0,"24":0,"25":0,"26":0,"27":0,"28":0,"29":0,"30":0,"31":0,"32":0,"33":0,"34":0,"35":0,"36":0,"37":0,"38":0,"39":0,"40":0,"41":0,"42":0,"43":0,"44":0,"45":0,"46":0,"47":0,"48":0,"49":0,"50":0},"f":{"0":0,"1":0,"2":0,"3":0,"4":0},"b":{"0":[0,0],"1":[0],"2":[0],"3":[0,0],"4":[0],"5":[0],"6":[0,0],"7":[0],"8":[0,0,0,0],"9":[0],"10":[0,0],"11":[0,0]}}
,"/Users/rodneypattison/Desktop/global-travel-report/app/api/metrics/route.ts": {"path":"/Users/rodneypattison/Desktop/global-travel-report/app/api/metrics/route.ts","statementMap":{"0":{"start":{"line":7,"column":22},"end":{"line":7,"column":25}},"1":{"start":{"line":5,"column":13},"end":{"line":5,"column":23}},"2":{"start":{"line":1,"column":29},"end":{"line":1,"column":null}},"3":{"start":{"line":2,"column":27},"end":{"line":2,"column":null}},"4":{"start":{"line":3,"column":27},"end":{"line":3,"column":null}},"5":{"start":{"line":5,"column":26},"end":{"line":5,"column":58}},"6":{"start":{"line":8,"column":2},"end":{"line":17,"column":null}},"7":{"start":{"line":9,"column":20},"end":{"line":9,"column":null}},"8":{"start":{"line":10,"column":4},"end":{"line":10,"column":null}},"9":{"start":{"line":12,"column":4},"end":{"line":12,"column":null}},"10":{"start":{"line":13,"column":4},"end":{"line":15,"column":null}}},"fnMap":{"0":{"name":"GET","decl":{"start":{"line":7,"column":22},"end":{"line":7,"column":25}},"loc":{"start":{"line":7,"column":22},"end":{"line":18,"column":null}}}},"branchMap":{},"s":{"0":0,"1":0,"2":0,"3":0,"4":0,"5":0,"6":0,"7":0,"8":0,"9":0,"10":0},"f":{"0":0},"b":{}}
,"/Users/rodneypattison/Desktop/global-travel-report/app/api/rewrite/route.ts": {"path":"/Users/rodneypattison/Desktop/global-travel-report/app/api/rewrite/route.ts","statementMap":{"0":{"start":{"line":176,"column":22},"end":{"line":176,"column":26}},"1":{"start":{"line":18,"column":13},"end":{"line":18,"column":24}},"2":{"start":{"line":17,"column":13},"end":{"line":17,"column":20}},"3":{"start":{"line":1,"column":29},"end":{"line":1,"column":null}},"4":{"start":{"line":3,"column":19},"end":{"line":3,"column":null}},"5":{"start":{"line":4,"column":18},"end":{"line":4,"column":null}},"6":{"start":{"line":5,"column":25},"end":{"line":5,"column":null}},"7":{"start":{"line":7,"column":29},"end":{"line":7,"column":null}},"8":{"start":{"line":10,"column":21},"end":{"line":10,"column":null}},"9":{"start":{"line":11,"column":27},"end":{"line":11,"column":null}},"10":{"start":{"line":12,"column":27},"end":{"line":12,"column":null}},"11":{"start":{"line":13,"column":23},"end":{"line":13,"column":null}},"12":{"start":{"line":14,"column":20},"end":{"line":14,"column":null}},"13":{"start":{"line":17,"column":23},"end":{"line":17,"column":null}},"14":{"start":{"line":18,"column":27},"end":{"line":18,"column":30}},"15":{"start":{"line":33,"column":15},"end":{"line":36,"column":null}},"16":{"start":{"line":40,"column":2},"end":{"line":40,"column":null}},"17":{"start":{"line":44,"column":2},"end":{"line":54,"column":null}},"18":{"start":{"line":59,"column":20},"end":{"line":61,"column":null}},"19":{"start":{"line":63,"column":2},"end":{"line":141,"column":null}},"20":{"start":{"line":64,"column":21},"end":{"line":92,"column":null}},"21":{"start":{"line":94,"column":16},"end":{"line":94,"column":null}},"22":{"start":{"line":95,"column":4},"end":{"line":97,"column":null}},"23":{"start":{"line":96,"column":6},"end":{"line":96,"column":null}},"24":{"start":{"line":100,"column":22},"end":{"line":100,"column":null}},"25":{"start":{"line":101,"column":20},"end":{"line":101,"column":null}},"26":{"start":{"line":104,"column":4},"end":{"line":120,"column":null}},"27":{"start":{"line":105,"column":6},"end":{"line":105,"column":null}},"28":{"start":{"line":108,"column":22},"end":{"line":112,"column":null}},"29":{"start":{"line":114,"column":6},"end":{"line":119,"column":null}},"30":{"start":{"line":115,"column":8},"end":{"line":115,"column":null}},"31":{"start":{"line":117,"column":8},"end":{"line":117,"column":null}},"32":{"start":{"line":118,"column":8},"end":{"line":118,"column":null}},"33":{"start":{"line":122,"column":4},"end":{"line":124,"column":null}},"34":{"start":{"line":123,"column":6},"end":{"line":123,"column":null}},"35":{"start":{"line":126,"column":4},"end":{"line":126,"column":null}},"36":{"start":{"line":128,"column":4},"end":{"line":128,"column":null}},"37":{"start":{"line":130,"column":4},"end":{"line":133,"column":null}},"38":{"start":{"line":131,"column":6},"end":{"line":131,"column":null}},"39":{"start":{"line":131,"column":31},"end":{"line":131,"column":null}},"40":{"start":{"line":132,"column":6},"end":{"line":132,"column":null}},"41":{"start":{"line":135,"column":4},"end":{"line":138,"column":null}},"42":{"start":{"line":136,"column":6},"end":{"line":136,"column":null}},"43":{"start":{"line":136,"column":31},"end":{"line":136,"column":null}},"44":{"start":{"line":137,"column":6},"end":{"line":137,"column":null}},"45":{"start":{"line":140,"column":4},"end":{"line":140,"column":null}},"46":{"start":{"line":145,"column":42},"end":{"line":147,"column":null}},"47":{"start":{"line":149,"column":19},"end":{"line":153,"column":null}},"48":{"start":{"line":152,"column":30},"end":{"line":152,"column":null}},"49":{"start":{"line":155,"column":2},"end":{"line":157,"column":null}},"50":{"start":{"line":156,"column":4},"end":{"line":156,"column":null}},"51":{"start":{"line":159,"column":12},"end":{"line":159,"column":null}},"52":{"start":{"line":160,"column":2},"end":{"line":160,"column":null}},"53":{"start":{"line":162,"column":16},"end":{"line":162,"column":null}},"54":{"start":{"line":163,"column":18},"end":{"line":170,"column":null}},"55":{"start":{"line":165,"column":19},"end":{"line":165,"column":null}},"56":{"start":{"line":166,"column":6},"end":{"line":166,"column":null}},"57":{"start":{"line":172,"column":2},"end":{"line":172,"column":null}},"58":{"start":{"line":177,"column":18},"end":{"line":181,"column":null}},"59":{"start":{"line":183,"column":2},"end":{"line":185,"column":null}},"60":{"start":{"line":184,"column":4},"end":{"line":184,"column":null}},"61":{"start":{"line":187,"column":2},"end":{"line":231,"column":null}},"62":{"start":{"line":188,"column":17},"end":{"line":188,"column":null}},"63":{"start":{"line":189,"column":29},"end":{"line":189,"column":null}},"64":{"start":{"line":191,"column":4},"end":{"line":193,"column":null}},"65":{"start":{"line":192,"column":6},"end":{"line":192,"column":null}},"66":{"start":{"line":195,"column":25},"end":{"line":195,"column":null}},"67":{"start":{"line":196,"column":4},"end":{"line":206,"column":null}},"68":{"start":{"line":197,"column":6},"end":{"line":205,"column":null}},"69":{"start":{"line":198,"column":8},"end":{"line":198,"column":null}},"70":{"start":{"line":200,"column":29},"end":{"line":200,"column":null}},"71":{"start":{"line":201,"column":8},"end":{"line":203,"column":null}},"72":{"start":{"line":208,"column":4},"end":{"line":213,"column":null}},"73":{"start":{"line":209,"column":6},"end":{"line":211,"column":null}},"74":{"start":{"line":215,"column":4},"end":{"line":220,"column":null}},"75":{"start":{"line":216,"column":6},"end":{"line":218,"column":null}},"76":{"start":{"line":222,"column":22},"end":{"line":222,"column":null}},"77":{"start":{"line":223,"column":4},"end":{"line":223,"column":null}},"78":{"start":{"line":225,"column":4},"end":{"line":225,"column":null}},"79":{"start":{"line":226,"column":25},"end":{"line":226,"column":null}},"80":{"start":{"line":227,"column":4},"end":{"line":229,"column":null}}},"fnMap":{"0":{"name":"isApiError","decl":{"start":{"line":39,"column":9},"end":{"line":39,"column":20}},"loc":{"start":{"line":39,"column":34},"end":{"line":41,"column":null}}},"1":{"name":"isRewriteResult","decl":{"start":{"line":43,"column":9},"end":{"line":43,"column":25}},"loc":{"start":{"line":43,"column":37},"end":{"line":56,"column":null}}},"2":{"name":"rewriteContent","decl":{"start":{"line":58,"column":15},"end":{"line":58,"column":30}},"loc":{"start":{"line":58,"column":68},"end":{"line":142,"column":null}}},"3":{"name":"(anonymous_11)","decl":{"start":{"line":131,"column":24},"end":{"line":131,"column":31}},"loc":{"start":{"line":131,"column":31},"end":{"line":131,"column":null}}},"4":{"name":"(anonymous_12)","decl":{"start":{"line":136,"column":24},"end":{"line":136,"column":31}},"loc":{"start":{"line":136,"column":31},"end":{"line":136,"column":null}}},"5":{"name":"extractFromURL","decl":{"start":{"line":144,"column":15},"end":{"line":144,"column":30}},"loc":{"start":{"line":144,"column":41},"end":{"line":173,"column":null}}},"6":{"name":"(anonymous_14)","decl":{"start":{"line":152,"column":20},"end":{"line":152,"column":30}},"loc":{"start":{"line":152,"column":30},"end":{"line":152,"column":null}}},"7":{"name":"(anonymous_15)","decl":{"start":{"line":164,"column":9},"end":{"line":164,"column":10}},"loc":{"start":{"line":164,"column":14},"end":{"line":167,"column":null}}},"8":{"name":"POST","decl":{"start":{"line":176,"column":22},"end":{"line":176,"column":26}},"loc":{"start":{"line":176,"column":47},"end":{"line":232,"column":null}}}},"branchMap":{"0":{"loc":{"start":{"line":40,"column":9},"end":{"line":40,"column":null}},"type":"binary-expr","locations":[{"start":{"line":40,"column":9},"end":{"line":40,"column":35}},{"start":{"line":40,"column":35},"end":{"line":40,"column":null}}]},"1":{"loc":{"start":{"line":45,"column":4},"end":{"line":54,"column":null}},"type":"binary-expr","locations":[{"start":{"line":45,"column":4},"end":{"line":45,"column":null}},{"start":{"line":46,"column":4},"end":{"line":46,"column":null}},{"start":{"line":47,"column":4},"end":{"line":47,"column":null}},{"start":{"line":48,"column":4},"end":{"line":48,"column":null}},{"start":{"line":49,"column":4},"end":{"line":49,"column":null}},{"start":{"line":50,"column":4},"end":{"line":50,"column":null}},{"start":{"line":51,"column":4},"end":{"line":51,"column":null}},{"start":{"line":52,"column":4},"end":{"line":52,"column":null}},{"start":{"line":53,"column":4},"end":{"line":53,"column":null}},{"start":{"line":54,"column":4},"end":{"line":54,"column":null}}]},"2":{"loc":{"start":{"line":58,"column":47},"end":{"line":58,"column":68}},"type":"default-arg","locations":[{"start":{"line":58,"column":57},"end":{"line":58,"column":68}}]},"3":{"loc":{"start":{"line":59,"column":20},"end":{"line":61,"column":null}},"type":"cond-expr","locations":[{"start":{"line":60,"column":6},"end":{"line":60,"column":null}},{"start":{"line":61,"column":6},"end":{"line":61,"column":null}}]},"4":{"loc":{"start":{"line":95,"column":4},"end":{"line":97,"column":null}},"type":"if","locations":[{"start":{"line":95,"column":4},"end":{"line":97,"column":null}}]},"5":{"loc":{"start":{"line":101,"column":20},"end":{"line":101,"column":null}},"type":"cond-expr","locations":[{"start":{"line":101,"column":32},"end":{"line":101,"column":44}},{"start":{"line":101,"column":47},"end":{"line":101,"column":null}}]},"6":{"loc":{"start":{"line":122,"column":4},"end":{"line":124,"column":null}},"type":"if","locations":[{"start":{"line":122,"column":4},"end":{"line":124,"column":null}}]},"7":{"loc":{"start":{"line":130,"column":4},"end":{"line":133,"column":null}},"type":"if","locations":[{"start":{"line":130,"column":4},"end":{"line":133,"column":null}}]},"8":{"loc":{"start":{"line":130,"column":8},"end":{"line":130,"column":66}},"type":"binary-expr","locations":[{"start":{"line":130,"column":8},"end":{"line":130,"column":29}},{"start":{"line":130,"column":29},"end":{"line":130,"column":53}},{"start":{"line":130,"column":53},"end":{"line":130,"column":66}}]},"9":{"loc":{"start":{"line":135,"column":4},"end":{"line":138,"column":null}},"type":"if","locations":[{"start":{"line":135,"column":4},"end":{"line":138,"column":null}}]},"10":{"loc":{"start":{"line":140,"column":10},"end":{"line":140,"column":null}},"type":"cond-expr","locations":[{"start":{"line":140,"column":35},"end":{"line":140,"column":43}},{"start":{"line":140,"column":43},"end":{"line":140,"column":null}}]},"11":{"loc":{"start":{"line":155,"column":2},"end":{"line":157,"column":null}},"type":"if","locations":[{"start":{"line":155,"column":2},"end":{"line":157,"column":null}}]},"12":{"loc":{"start":{"line":162,"column":16},"end":{"line":162,"column":null}},"type":"binary-expr","locations":[{"start":{"line":162,"column":16},"end":{"line":162,"column":49}},{"start":{"line":162,"column":49},"end":{"line":162,"column":null}}]},"13":{"loc":{"start":{"line":166,"column":13},"end":{"line":166,"column":null}},"type":"cond-expr","locations":[{"start":{"line":166,"column":32},"end":{"line":166,"column":39}},{"start":{"line":166,"column":39},"end":{"line":166,"column":null}}]},"14":{"loc":{"start":{"line":183,"column":2},"end":{"line":185,"column":null}},"type":"if","locations":[{"start":{"line":183,"column":2},"end":{"line":185,"column":null}}]},"15":{"loc":{"start":{"line":191,"column":4},"end":{"line":193,"column":null}},"type":"if","locations":[{"start":{"line":191,"column":4},"end":{"line":193,"column":null}}]},"16":{"loc":{"start":{"line":196,"column":4},"end":{"line":206,"column":null}},"type":"if","locations":[{"start":{"line":196,"column":4},"end":{"line":206,"column":null}}]},"17":{"loc":{"start":{"line":200,"column":29},"end":{"line":200,"column":null}},"type":"cond-expr","locations":[{"start":{"line":200,"column":54},"end":{"line":200,"column":67}},{"start":{"line":200,"column":70},"end":{"line":200,"column":null}}]},"18":{"loc":{"start":{"line":208,"column":4},"end":{"line":213,"column":null}},"type":"if","locations":[{"start":{"line":208,"column":4},"end":{"line":213,"column":null}}]},"19":{"loc":{"start":{"line":215,"column":4},"end":{"line":220,"column":null}},"type":"if","locations":[{"start":{"line":215,"column":4},"end":{"line":220,"column":null}}]},"20":{"loc":{"start":{"line":226,"column":25},"end":{"line":226,"column":null}},"type":"cond-expr","locations":[{"start":{"line":226,"column":50},"end":{"line":226,"column":63}},{"start":{"line":226,"column":66},"end":{"line":226,"column":null}}]}},"s":{"0":0,"1":0,"2":0,"3":0,"4":0,"5":0,"6":0,"7":0,"8":0,"9":0,"10":0,"11":0,"12":0,"13":0,"14":0,"15":0,"16":0,"17":0,"18":0,"19":0,"20":0,"21":0,"22":0,"23":0,"24":0,"25":0,"26":0,"27":0,"28":0,"29":0,"30":0,"31":0,"32":0,"33":0,"34":0,"35":0,"36":0,"37":0,"38":0,"39":0,"40":0,"41":0,"42":0,"43":0,"44":0,"45":0,"46":0,"47":0,"48":0,"49":0,"50":0,"51":0,"52":0,"53":0,"54":0,"55":0,"56":0,"57":0,"58":0,"59":0,"60":0,"61":0,"62":0,"63":0,"64":0,"65":0,"66":0,"67":0,"68":0,"69":0,"70":0,"71":0,"72":0,"73":0,"74":0,"75":0,"76":0,"77":0,"78":0,"79":0,"80":0},"f":{"0":0,"1":0,"2":0,"3":0,"4":0,"5":0,"6":0,"7":0,"8":0},"b":{"0":[0,0],"1":[0,0,0,0,0,0,0,0,0,0],"2":[0],"3":[0,0],"4":[0],"5":[0,0],"6":[0],"7":[0],"8":[0,0,0],"9":[0],"10":[0,0],"11":[0],"12":[0,0],"13":[0,0],"14":[0],"15":[0],"16":[0],"17":[0,0],"18":[0],"19":[0],"20":[0,0]}}
,"/Users/rodneypattison/Desktop/global-travel-report/app/api/stories/route.ts": {"path":"/Users/rodneypattison/Desktop/global-travel-report/app/api/stories/route.ts","statementMap":{"0":{"start":{"line":33,"column":22},"end":{"line":33,"column":25}},"1":{"start":{"line":11,"column":22},"end":{"line":11,"column":26}},"2":{"start":{"line":1,"column":42},"end":{"line":1,"column":null}},"3":{"start":{"line":3,"column":15},"end":{"line":3,"column":null}},"4":{"start":{"line":4,"column":17},"end":{"line":4,"column":null}},"5":{"start":{"line":6,"column":22},"end":{"line":6,"column":null}},"6":{"start":{"line":9,"column":37},"end":{"line":9,"column":39}},"7":{"start":{"line":12,"column":2},"end":{"line":30,"column":null}},"8":{"start":{"line":13,"column":22},"end":{"line":13,"column":null}},"9":{"start":{"line":16,"column":23},"end":{"line":16,"column":null}},"10":{"start":{"line":17,"column":4},"end":{"line":17,"column":null}},"11":{"start":{"line":18,"column":4},"end":{"line":20,"column":null}},"12":{"start":{"line":23,"column":4},"end":{"line":23,"column":null}},"13":{"start":{"line":25,"column":4},"end":{"line":25,"column":null}},"14":{"start":{"line":26,"column":4},"end":{"line":28,"column":null}},"15":{"start":{"line":35,"column":2},"end":{"line":35,"column":null}}},"fnMap":{"0":{"name":"POST","decl":{"start":{"line":11,"column":22},"end":{"line":11,"column":26}},"loc":{"start":{"line":11,"column":47},"end":{"line":31,"column":null}}},"1":{"name":"GET","decl":{"start":{"line":33,"column":22},"end":{"line":33,"column":25}},"loc":{"start":{"line":33,"column":22},"end":{"line":36,"column":null}}}},"branchMap":{},"s":{"0":0,"1":0,"2":0,"3":0,"4":0,"5":0,"6":0,"7":0,"8":0,"9":0,"10":0,"11":0,"12":0,"13":0,"14":0,"15":0},"f":{"0":0,"1":0},"b":{}}
,"/Users/rodneypattison/Desktop/global-travel-report/app/api/submit/route.ts": {"path":"/Users/rodneypattison/Desktop/global-travel-report/app/api/submit/route.ts","statementMap":{"0":{"start":{"line":146,"column":22},"end":{"line":146,"column":27}},"1":{"start":{"line":1,"column":29},"end":{"line":1,"column":null}},"2":{"start":{"line":2,"column":51},"end":{"line":2,"column":null}},"3":{"start":{"line":3,"column":21},"end":{"line":3,"column":null}},"4":{"start":{"line":4,"column":29},"end":{"line":4,"column":null}},"5":{"start":{"line":5,"column":18},"end":{"line":5,"column":null}},"6":{"start":{"line":38,"column":24},"end":{"line":38,"column":null}},"7":{"start":{"line":39,"column":24},"end":{"line":39,"column":null}},"8":{"start":{"line":40,"column":19},"end":{"line":40,"column":null}},"9":{"start":{"line":41,"column":23},"end":{"line":41,"column":39}},"10":{"start":{"line":43,"column":28},"end":{"line":43,"column":null}},"11":{"start":{"line":45,"column":24},"end":{"line":45,"column":null}},"12":{"start":{"line":46,"column":25},"end":{"line":46,"column":null}},"13":{"start":{"line":47,"column":28},"end":{"line":47,"column":null}},"14":{"start":{"line":48,"column":31},"end":{"line":48,"column":null}},"15":{"start":{"line":51,"column":19},"end":{"line":57,"column":null}},"16":{"start":{"line":59,"column":15},"end":{"line":59,"column":null}},"17":{"start":{"line":60,"column":2},"end":{"line":60,"column":null}},"18":{"start":{"line":64,"column":36},"end":{"line":64,"column":38}},"19":{"start":{"line":67,"column":2},"end":{"line":69,"column":null}},"20":{"start":{"line":68,"column":4},"end":{"line":68,"column":null}},"21":{"start":{"line":71,"column":2},"end":{"line":73,"column":null}},"22":{"start":{"line":72,"column":4},"end":{"line":72,"column":null}},"23":{"start":{"line":75,"column":2},"end":{"line":77,"column":null}},"24":{"start":{"line":76,"column":4},"end":{"line":76,"column":null}},"25":{"start":{"line":79,"column":2},"end":{"line":81,"column":null}},"26":{"start":{"line":80,"column":4},"end":{"line":80,"column":null}},"27":{"start":{"line":83,"column":2},"end":{"line":89,"column":null}},"28":{"start":{"line":84,"column":4},"end":{"line":84,"column":null}},"29":{"start":{"line":85,"column":9},"end":{"line":89,"column":null}},"30":{"start":{"line":86,"column":4},"end":{"line":86,"column":null}},"31":{"start":{"line":87,"column":9},"end":{"line":89,"column":null}},"32":{"start":{"line":88,"column":4},"end":{"line":88,"column":null}},"33":{"start":{"line":92,"column":2},"end":{"line":100,"column":null}},"34":{"start":{"line":93,"column":4},"end":{"line":99,"column":null}},"35":{"start":{"line":94,"column":24},"end":{"line":94,"column":null}},"36":{"start":{"line":95,"column":6},"end":{"line":95,"column":null}},"37":{"start":{"line":96,"column":6},"end":{"line":96,"column":null}},"38":{"start":{"line":102,"column":2},"end":{"line":102,"column":null}},"39":{"start":{"line":106,"column":36},"end":{"line":106,"column":38}},"40":{"start":{"line":108,"column":2},"end":{"line":110,"column":null}},"41":{"start":{"line":109,"column":4},"end":{"line":109,"column":null}},"42":{"start":{"line":112,"column":2},"end":{"line":114,"column":null}},"43":{"start":{"line":113,"column":4},"end":{"line":113,"column":null}},"44":{"start":{"line":116,"column":2},"end":{"line":116,"column":null}},"45":{"start":{"line":120,"column":36},"end":{"line":120,"column":38}},"46":{"start":{"line":121,"column":17},"end":{"line":121,"column":null}},"47":{"start":{"line":122,"column":19},"end":{"line":122,"column":null}},"48":{"start":{"line":124,"column":2},"end":{"line":141,"column":null}},"49":{"start":{"line":125,"column":4},"end":{"line":130,"column":null}},"50":{"start":{"line":126,"column":6},"end":{"line":129,"column":null}},"51":{"start":{"line":132,"column":24},"end":{"line":132,"column":56}},"52":{"start":{"line":133,"column":28},"end":{"line":133,"column":null}},"53":{"start":{"line":135,"column":4},"end":{"line":140,"column":null}},"54":{"start":{"line":136,"column":6},"end":{"line":139,"column":null}},"55":{"start":{"line":143,"column":2},"end":{"line":143,"column":null}},"56":{"start":{"line":147,"column":2},"end":{"line":302,"column":null}},"57":{"start":{"line":148,"column":21},"end":{"line":148,"column":null}},"58":{"start":{"line":151,"column":27},"end":{"line":151,"column":null}},"59":{"start":{"line":152,"column":4},"end":{"line":157,"column":null}},"60":{"start":{"line":153,"column":6},"end":{"line":155,"column":null}},"61":{"start":{"line":160,"column":18},"end":{"line":160,"column":null}},"62":{"start":{"line":161,"column":19},"end":{"line":161,"column":null}},"63":{"start":{"line":162,"column":21},"end":{"line":162,"column":null}},"64":{"start":{"line":163,"column":20},"end":{"line":163,"column":null}},"65":{"start":{"line":164,"column":17},"end":{"line":164,"column":null}},"66":{"start":{"line":165,"column":28},"end":{"line":165,"column":null}},"67":{"start":{"line":166,"column":17},"end":{"line":166,"column":null}},"68":{"start":{"line":166,"column":72},"end":{"line":166,"column":null}},"69":{"start":{"line":167,"column":24},"end":{"line":167,"column":null}},"70":{"start":{"line":168,"column":24},"end":{"line":168,"column":null}},"71":{"start":{"line":171,"column":17},"end":{"line":174,"column":null}},"72":{"start":{"line":177,"column":25},"end":{"line":190,"column":null}},"73":{"start":{"line":193,"column":24},"end":{"line":193,"column":null}},"74":{"start":{"line":194,"column":4},"end":{"line":199,"column":null}},"75":{"start":{"line":195,"column":6},"end":{"line":197,"column":null}},"76":{"start":{"line":202,"column":18},"end":{"line":202,"column":null}},"77":{"start":{"line":203,"column":43},"end":{"line":203,"column":45}},"78":{"start":{"line":205,"column":4},"end":{"line":264,"column":null}},"79":{"start":{"line":207,"column":6},"end":{"line":212,"column":null}},"80":{"start":{"line":208,"column":8},"end":{"line":210,"column":null}},"81":{"start":{"line":215,"column":25},"end":{"line":215,"column":null}},"82":{"start":{"line":216,"column":6},"end":{"line":216,"column":null}},"83":{"start":{"line":219,"column":6},"end":{"line":259,"column":null}},"84":{"start":{"line":221,"column":28},"end":{"line":221,"column":null}},"85":{"start":{"line":222,"column":8},"end":{"line":227,"column":null}},"86":{"start":{"line":223,"column":10},"end":{"line":225,"column":null}},"87":{"start":{"line":230,"column":32},"end":{"line":230,"column":null}},"88":{"start":{"line":231,"column":8},"end":{"line":236,"column":null}},"89":{"start":{"line":232,"column":10},"end":{"line":234,"column":null}},"90":{"start":{"line":238,"column":22},"end":{"line":238,"column":null}},"91":{"start":{"line":239,"column":23},"end":{"line":239,"column":null}},"92":{"start":{"line":240,"column":26},"end":{"line":240,"column":null}},"93":{"start":{"line":241,"column":26},"end":{"line":241,"column":52}},"94":{"start":{"line":244,"column":21},"end":{"line":244,"column":null}},"95":{"start":{"line":245,"column":8},"end":{"line":245,"column":null}},"96":{"start":{"line":248,"column":25},"end":{"line":248,"column":null}},"97":{"start":{"line":251,"column":8},"end":{"line":258,"column":null}},"98":{"start":{"line":262,"column":6},"end":{"line":262,"column":null}},"99":{"start":{"line":263,"column":6},"end":{"line":263,"column":null}},"100":{"start":{"line":267,"column":23},"end":{"line":267,"column":null}},"101":{"start":{"line":268,"column":4},"end":{"line":268,"column":null}},"102":{"start":{"line":270,"column":22},"end":{"line":270,"column":null}},"103":{"start":{"line":271,"column":4},"end":{"line":271,"column":null}},"104":{"start":{"line":273,"column":4},"end":{"line":278,"column":null}},"105":{"start":{"line":280,"column":4},"end":{"line":280,"column":null}},"106":{"start":{"line":283,"column":4},"end":{"line":296,"column":null}},"107":{"start":{"line":284,"column":6},"end":{"line":289,"column":null}},"108":{"start":{"line":285,"column":8},"end":{"line":287,"column":null}},"109":{"start":{"line":290,"column":6},"end":{"line":295,"column":null}},"110":{"start":{"line":291,"column":8},"end":{"line":293,"column":null}},"111":{"start":{"line":298,"column":4},"end":{"line":300,"column":null}}},"fnMap":{"0":{"name":"verifyRecaptcha","decl":{"start":{"line":50,"column":15},"end":{"line":50,"column":31}},"loc":{"start":{"line":50,"column":44},"end":{"line":61,"column":null}}},"1":{"name":"validateStory","decl":{"start":{"line":63,"column":15},"end":{"line":63,"column":29}},"loc":{"start":{"line":63,"column":50},"end":{"line":103,"column":null}}},"2":{"name":"validateImage","decl":{"start":{"line":105,"column":15},"end":{"line":105,"column":29}},"loc":{"start":{"line":105,"column":39},"end":{"line":117,"column":null}}},"3":{"name":"validateImageDimensions","decl":{"start":{"line":119,"column":15},"end":{"line":119,"column":39}},"loc":{"start":{"line":119,"column":49},"end":{"line":144,"column":null}}},"4":{"name":"POST","decl":{"start":{"line":146,"column":22},"end":{"line":146,"column":27}},"loc":{"start":{"line":146,"column":43},"end":{"line":303,"column":null}}},"5":{"name":"(anonymous_7)","decl":{"start":{"line":166,"column":65},"end":{"line":166,"column":72}},"loc":{"start":{"line":166,"column":72},"end":{"line":166,"column":null}}}},"branchMap":{"0":{"loc":{"start":{"line":67,"column":2},"end":{"line":69,"column":null}},"type":"if","locations":[{"start":{"line":67,"column":2},"end":{"line":69,"column":null}}]},"1":{"loc":{"start":{"line":71,"column":2},"end":{"line":73,"column":null}},"type":"if","locations":[{"start":{"line":71,"column":2},"end":{"line":73,"column":null}}]},"2":{"loc":{"start":{"line":75,"column":2},"end":{"line":77,"column":null}},"type":"if","locations":[{"start":{"line":75,"column":2},"end":{"line":77,"column":null}}]},"3":{"loc":{"start":{"line":79,"column":2},"end":{"line":81,"column":null}},"type":"if","locations":[{"start":{"line":79,"column":2},"end":{"line":81,"column":null}}]},"4":{"loc":{"start":{"line":83,"column":2},"end":{"line":89,"column":null}},"type":"if","locations":[{"start":{"line":83,"column":2},"end":{"line":89,"column":null}},{"start":{"line":85,"column":9},"end":{"line":89,"column":null}}]},"5":{"loc":{"start":{"line":85,"column":9},"end":{"line":89,"column":null}},"type":"if","locations":[{"start":{"line":85,"column":9},"end":{"line":89,"column":null}},{"start":{"line":87,"column":9},"end":{"line":89,"column":null}}]},"6":{"loc":{"start":{"line":87,"column":9},"end":{"line":89,"column":null}},"type":"if","locations":[{"start":{"line":87,"column":9},"end":{"line":89,"column":null}}]},"7":{"loc":{"start":{"line":92,"column":2},"end":{"line":100,"column":null}},"type":"if","locations":[{"start":{"line":92,"column":2},"end":{"line":100,"column":null}}]},"8":{"loc":{"start":{"line":108,"column":2},"end":{"line":110,"column":null}},"type":"if","locations":[{"start":{"line":108,"column":2},"end":{"line":110,"column":null}}]},"9":{"loc":{"start":{"line":112,"column":2},"end":{"line":114,"column":null}},"type":"if","locations":[{"start":{"line":112,"column":2},"end":{"line":114,"column":null}}]},"10":{"loc":{"start":{"line":124,"column":2},"end":{"line":141,"column":null}},"type":"if","locations":[{"start":{"line":124,"column":2},"end":{"line":141,"column":null}}]},"11":{"loc":{"start":{"line":124,"column":6},"end":{"line":124,"column":39}},"type":"binary-expr","locations":[{"start":{"line":124,"column":6},"end":{"line":124,"column":20}},{"start":{"line":124,"column":24},"end":{"line":124,"column":39}}]},"12":{"loc":{"start":{"line":125,"column":4},"end":{"line":130,"column":null}},"type":"if","locations":[{"start":{"line":125,"column":4},"end":{"line":130,"column":null}}]},"13":{"loc":{"start":{"line":125,"column":8},"end":{"line":125,"column":80}},"type":"binary-expr","locations":[{"start":{"line":125,"column":8},"end":{"line":125,"column":44}},{"start":{"line":125,"column":44},"end":{"line":125,"column":80}}]},"14":{"loc":{"start":{"line":135,"column":4},"end":{"line":140,"column":null}},"type":"if","locations":[{"start":{"line":135,"column":4},"end":{"line":140,"column":null}}]},"15":{"loc":{"start":{"line":152,"column":4},"end":{"line":157,"column":null}},"type":"if","locations":[{"start":{"line":152,"column":4},"end":{"line":157,"column":null}}]},"16":{"loc":{"start":{"line":152,"column":8},"end":{"line":152,"column":69}},"type":"binary-expr","locations":[{"start":{"line":152,"column":8},"end":{"line":152,"column":27}},{"start":{"line":152,"column":27},"end":{"line":152,"column":69}}]},"17":{"loc":{"start":{"line":194,"column":4},"end":{"line":199,"column":null}},"type":"if","locations":[{"start":{"line":194,"column":4},"end":{"line":199,"column":null}}]},"18":{"loc":{"start":{"line":205,"column":4},"end":{"line":264,"column":null}},"type":"if","locations":[{"start":{"line":205,"column":4},"end":{"line":264,"column":null}}]},"19":{"loc":{"start":{"line":207,"column":6},"end":{"line":212,"column":null}},"type":"if","locations":[{"start":{"line":207,"column":6},"end":{"line":212,"column":null}}]},"20":{"loc":{"start":{"line":222,"column":8},"end":{"line":227,"column":null}},"type":"if","locations":[{"start":{"line":222,"column":8},"end":{"line":227,"column":null}}]},"21":{"loc":{"start":{"line":231,"column":8},"end":{"line":236,"column":null}},"type":"if","locations":[{"start":{"line":231,"column":8},"end":{"line":236,"column":null}}]},"22":{"loc":{"start":{"line":283,"column":4},"end":{"line":296,"column":null}},"type":"if","locations":[{"start":{"line":283,"column":4},"end":{"line":296,"column":null}}]},"23":{"loc":{"start":{"line":284,"column":6},"end":{"line":289,"column":null}},"type":"if","locations":[{"start":{"line":284,"column":6},"end":{"line":289,"column":null}}]},"24":{"loc":{"start":{"line":290,"column":6},"end":{"line":295,"column":null}},"type":"if","locations":[{"start":{"line":290,"column":6},"end":{"line":295,"column":null}}]}},"s":{"0":0,"1":0,"2":0,"3":0,"4":0,"5":0,"6":0,"7":0,"8":0,"9":0,"10":0,"11":0,"12":0,"13":0,"14":0,"15":0,"16":0,"17":0,"18":0,"19":0,"20":0,"21":0,"22":0,"23":0,"24":0,"25":0,"26":0,"27":0,"28":0,"29":0,"30":0,"31":0,"32":0,"33":0,"34":0,"35":0,"36":0,"37":0,"38":0,"39":0,"40":0,"41":0,"42":0,"43":0,"44":0,"45":0,"46":0,"47":0,"48":0,"49":0,"50":0,"51":0,"52":0,"53":0,"54":0,"55":0,"56":0,"57":0,"58":0,"59":0,"60":0,"61":0,"62":0,"63":0,"64":0,"65":0,"66":0,"67":0,"68":0,"69":0,"70":0,"71":0,"72":0,"73":0,"74":0,"75":0,"76":0,"77":0,"78":0,"79":0,"80":0,"81":0,"82":0,"83":0,"84":0,"85":0,"86":0,"87":0,"88":0,"89":0,"90":0,"91":0,"92":0,"93":0,"94":0,"95":0,"96":0,"97":0,"98":0,"99":0,"100":0,"101":0,"102":0,"103":0,"104":0,"105":0,"106":0,"107":0,"108":0,"109":0,"110":0,"111":0},"f":{"0":0,"1":0,"2":0,"3":0,"4":0,"5":0},"b":{"0":[0],"1":[0],"2":[0],"3":[0],"4":[0,0],"5":[0,0],"6":[0],"7":[0],"8":[0],"9":[0],"10":[0],"11":[0,0],"12":[0],"13":[0,0],"14":[0],"15":[0],"16":[0,0],"17":[0],"18":[0],"19":[0],"20":[0],"21":[0],"22":[0],"23":[0],"24":[0]}}
,"/Users/rodneypattison/Desktop/global-travel-report/app/api/test-auth/route.ts": {"path":"/Users/rodneypattison/Desktop/global-travel-report/app/api/test-auth/route.ts","statementMap":{"0":{"start":{"line":3,"column":22},"end":{"line":3,"column":null}},"1":{"start":{"line":1,"column":29},"end":{"line":1,"column":null}},"2":{"start":{"line":4,"column":2},"end":{"line":7,"column":null}}},"fnMap":{"0":{"name":"GET","decl":{"start":{"line":3,"column":22},"end":{"line":3,"column":null}},"loc":{"start":{"line":3,"column":22},"end":{"line":8,"column":null}}}},"branchMap":{},"s":{"0":0,"1":0,"2":0},"f":{"0":0},"b":{}}
,"/Users/rodneypattison/Desktop/global-travel-report/app/api/unsplash/search/route.ts": {"path":"/Users/rodneypattison/Desktop/global-travel-report/app/api/unsplash/search/route.ts","statementMap":{"0":{"start":{"line":5,"column":22},"end":{"line":5,"column":26}},"1":{"start":{"line":1,"column":29},"end":{"line":1,"column":null}},"2":{"start":{"line":3,"column":28},"end":{"line":3,"column":59}},"3":{"start":{"line":6,"column":27},"end":{"line":6,"column":null}},"4":{"start":{"line":7,"column":16},"end":{"line":7,"column":null}},"5":{"start":{"line":9,"column":2},"end":{"line":14,"column":null}},"6":{"start":{"line":10,"column":4},"end":{"line":12,"column":null}},"7":{"start":{"line":16,"column":2},"end":{"line":21,"column":null}},"8":{"start":{"line":17,"column":4},"end":{"line":19,"column":null}},"9":{"start":{"line":23,"column":2},"end":{"line":45,"column":null}},"10":{"start":{"line":24,"column":21},"end":{"line":30,"column":null}},"11":{"start":{"line":33,"column":4},"end":{"line":35,"column":null}},"12":{"start":{"line":34,"column":6},"end":{"line":34,"column":null}},"13":{"start":{"line":37,"column":17},"end":{"line":37,"column":null}},"14":{"start":{"line":38,"column":4},"end":{"line":38,"column":null}},"15":{"start":{"line":40,"column":4},"end":{"line":40,"column":null}},"16":{"start":{"line":41,"column":4},"end":{"line":43,"column":null}}},"fnMap":{"0":{"name":"GET","decl":{"start":{"line":5,"column":22},"end":{"line":5,"column":26}},"loc":{"start":{"line":5,"column":42},"end":{"line":46,"column":null}}}},"branchMap":{"0":{"loc":{"start":{"line":9,"column":2},"end":{"line":14,"column":null}},"type":"if","locations":[{"start":{"line":9,"column":2},"end":{"line":14,"column":null}}]},"1":{"loc":{"start":{"line":16,"column":2},"end":{"line":21,"column":null}},"type":"if","locations":[{"start":{"line":16,"column":2},"end":{"line":21,"column":null}}]},"2":{"loc":{"start":{"line":33,"column":4},"end":{"line":35,"column":null}},"type":"if","locations":[{"start":{"line":33,"column":4},"end":{"line":35,"column":null}}]}},"s":{"0":0,"1":0,"2":0,"3":0,"4":0,"5":0,"6":0,"7":0,"8":0,"9":0,"10":0,"11":0,"12":0,"13":0,"14":0,"15":0,"16":0},"f":{"0":0},"b":{"0":[0],"1":[0],"2":[0]}}
,"/Users/rodneypattison/Desktop/global-travel-report/app/api/unzip/route.ts": {"path":"/Users/rodneypattison/Desktop/global-travel-report/app/api/unzip/route.ts","statementMap":{"0":{"start":{"line":9,"column":22},"end":{"line":9,"column":27}},"1":{"start":{"line":1,"column":29},"end":{"line":1,"column":null}},"2":{"start":{"line":2,"column":33},"end":{"line":2,"column":null}},"3":{"start":{"line":3,"column":17},"end":{"line":3,"column":null}},"4":{"start":{"line":4,"column":27},"end":{"line":4,"column":null}},"5":{"start":{"line":5,"column":19},"end":{"line":5,"column":null}},"6":{"start":{"line":7,"column":25},"end":{"line":7,"column":null}},"7":{"start":{"line":10,"column":2},"end":{"line":69,"column":null}},"8":{"start":{"line":11,"column":21},"end":{"line":11,"column":null}},"9":{"start":{"line":12,"column":17},"end":{"line":12,"column":null}},"10":{"start":{"line":14,"column":4},"end":{"line":19,"column":null}},"11":{"start":{"line":15,"column":6},"end":{"line":17,"column":null}},"12":{"start":{"line":22,"column":4},"end":{"line":27,"column":null}},"13":{"start":{"line":23,"column":6},"end":{"line":25,"column":null}},"14":{"start":{"line":30,"column":22},"end":{"line":30,"column":null}},"15":{"start":{"line":31,"column":23},"end":{"line":31,"column":null}},"16":{"start":{"line":34,"column":4},"end":{"line":36,"column":null}},"17":{"start":{"line":35,"column":6},"end":{"line":35,"column":null}},"18":{"start":{"line":39,"column":18},"end":{"line":39,"column":null}},"19":{"start":{"line":40,"column":19},"end":{"line":40,"column":null}},"20":{"start":{"line":41,"column":24},"end":{"line":41,"column":null}},"21":{"start":{"line":42,"column":4},"end":{"line":42,"column":null}},"22":{"start":{"line":45,"column":16},"end":{"line":45,"column":null}},"23":{"start":{"line":46,"column":4},"end":{"line":46,"column":null}},"24":{"start":{"line":49,"column":27},"end":{"line":54,"column":null}},"25":{"start":{"line":49,"column":71},"end":{"line":54,"column":null}},"26":{"start":{"line":57,"column":4},"end":{"line":61,"column":null}},"27":{"start":{"line":64,"column":4},"end":{"line":64,"column":null}},"28":{"start":{"line":65,"column":4},"end":{"line":67,"column":null}}},"fnMap":{"0":{"name":"POST","decl":{"start":{"line":9,"column":22},"end":{"line":9,"column":27}},"loc":{"start":{"line":9,"column":43},"end":{"line":70,"column":null}}},"1":{"name":"(anonymous_3)","decl":{"start":{"line":49,"column":48},"end":{"line":49,"column":49}},"loc":{"start":{"line":49,"column":71},"end":{"line":54,"column":null}}}},"branchMap":{"0":{"loc":{"start":{"line":14,"column":4},"end":{"line":19,"column":null}},"type":"if","locations":[{"start":{"line":14,"column":4},"end":{"line":19,"column":null}}]},"1":{"loc":{"start":{"line":22,"column":4},"end":{"line":27,"column":null}},"type":"if","locations":[{"start":{"line":22,"column":4},"end":{"line":27,"column":null}}]},"2":{"loc":{"start":{"line":34,"column":4},"end":{"line":36,"column":null}},"type":"if","locations":[{"start":{"line":34,"column":4},"end":{"line":36,"column":null}}]}},"s":{"0":0,"1":0,"2":0,"3":0,"4":0,"5":0,"6":0,"7":0,"8":0,"9":0,"10":0,"11":0,"12":0,"13":0,"14":0,"15":0,"16":0,"17":0,"18":0,"19":0,"20":0,"21":0,"22":0,"23":0,"24":0,"25":0,"26":0,"27":0,"28":0},"f":{"0":0,"1":0},"b":{"0":[0],"1":[0],"2":[0]}}
,"/Users/rodneypattison/Desktop/global-travel-report/app/api/upload/route.ts": {"path":"/Users/rodneypattison/Desktop/global-travel-report/app/api/upload/route.ts","statementMap":{"0":{"start":{"line":57,"column":22},"end":{"line":57,"column":26}},"1":{"start":{"line":8,"column":13},"end":{"line":8,"column":20}},"2":{"start":{"line":1,"column":29},"end":{"line":1,"column":null}},"3":{"start":{"line":2,"column":33},"end":{"line":2,"column":null}},"4":{"start":{"line":3,"column":17},"end":{"line":3,"column":null}},"5":{"start":{"line":4,"column":18},"end":{"line":4,"column":null}},"6":{"start":{"line":5,"column":26},"end":{"line":5,"column":null}},"7":{"start":{"line":8,"column":23},"end":{"line":8,"column":null}},"8":{"start":{"line":11,"column":22},"end":{"line":11,"column":39}},"9":{"start":{"line":12,"column":27},"end":{"line":17,"column":null}},"10":{"start":{"line":20,"column":18},"end":{"line":20,"column":null}},"11":{"start":{"line":21,"column":16},"end":{"line":21,"column":null}},"12":{"start":{"line":24,"column":16},"end":{"line":28,"column":null}},"13":{"start":{"line":32,"column":2},"end":{"line":35,"column":null}},"14":{"start":{"line":40,"column":16},"end":{"line":40,"column":null}},"15":{"start":{"line":41,"column":19},"end":{"line":41,"column":null}},"16":{"start":{"line":44,"column":2},"end":{"line":49,"column":null}},"17":{"start":{"line":45,"column":4},"end":{"line":48,"column":null}},"18":{"start":{"line":52,"column":2},"end":{"line":54,"column":null}},"19":{"start":{"line":58,"column":2},"end":{"line":141,"column":null}},"20":{"start":{"line":60,"column":15},"end":{"line":60,"column":null}},"21":{"start":{"line":61,"column":4},"end":{"line":61,"column":null}},"22":{"start":{"line":63,"column":21},"end":{"line":63,"column":null}},"23":{"start":{"line":64,"column":18},"end":{"line":64,"column":null}},"24":{"start":{"line":66,"column":4},"end":{"line":71,"column":null}},"25":{"start":{"line":67,"column":6},"end":{"line":69,"column":null}},"26":{"start":{"line":73,"column":22},"end":{"line":73,"column":null}},"27":{"start":{"line":74,"column":20},"end":{"line":74,"column":22}},"28":{"start":{"line":77,"column":4},"end":{"line":85,"column":null}},"29":{"start":{"line":78,"column":6},"end":{"line":78,"column":null}},"30":{"start":{"line":80,"column":6},"end":{"line":80,"column":null}},"31":{"start":{"line":81,"column":6},"end":{"line":83,"column":null}},"32":{"start":{"line":88,"column":4},"end":{"line":129,"column":null}},"33":{"start":{"line":90,"column":6},"end":{"line":95,"column":null}},"34":{"start":{"line":91,"column":8},"end":{"line":93,"column":null}},"35":{"start":{"line":98,"column":6},"end":{"line":103,"column":null}},"36":{"start":{"line":99,"column":8},"end":{"line":101,"column":null}},"37":{"start":{"line":106,"column":20},"end":{"line":106,"column":null}},"38":{"start":{"line":107,"column":21},"end":{"line":107,"column":null}},"39":{"start":{"line":108,"column":36},"end":{"line":108,"column":null}},"40":{"start":{"line":109,"column":23},"end":{"line":109,"column":86}},"41":{"start":{"line":110,"column":23},"end":{"line":110,"column":null}},"42":{"start":{"line":113,"column":6},"end":{"line":128,"column":null}},"43":{"start":{"line":114,"column":32},"end":{"line":114,"column":null}},"44":{"start":{"line":115,"column":8},"end":{"line":115,"column":null}},"45":{"start":{"line":117,"column":8},"end":{"line":121,"column":null}},"46":{"start":{"line":123,"column":8},"end":{"line":123,"column":null}},"47":{"start":{"line":124,"column":8},"end":{"line":126,"column":null}},"48":{"start":{"line":131,"column":4},"end":{"line":134,"column":null}},"49":{"start":{"line":136,"column":4},"end":{"line":136,"column":null}},"50":{"start":{"line":137,"column":4},"end":{"line":139,"column":null}}},"fnMap":{"0":{"name":"sanitizeFilename","decl":{"start":{"line":31,"column":9},"end":{"line":31,"column":26}},"loc":{"start":{"line":31,"column":42},"end":{"line":36,"column":null}}},"1":{"name":"optimizeImage","decl":{"start":{"line":39,"column":15},"end":{"line":39,"column":29}},"loc":{"start":{"line":39,"column":43},"end":{"line":55,"column":null}}},"2":{"name":"POST","decl":{"start":{"line":57,"column":22},"end":{"line":57,"column":26}},"loc":{"start":{"line":57,"column":43},"end":{"line":142,"column":null}}}},"branchMap":{"0":{"loc":{"start":{"line":44,"column":2},"end":{"line":49,"column":null}},"type":"if","locations":[{"start":{"line":44,"column":2},"end":{"line":49,"column":null}}]},"1":{"loc":{"start":{"line":44,"column":6},"end":{"line":44,"column":52}},"type":"binary-expr","locations":[{"start":{"line":44,"column":6},"end":{"line":44,"column":20}},{"start":{"line":44,"column":24},"end":{"line":44,"column":52}}]},"2":{"loc":{"start":{"line":60,"column":15},"end":{"line":60,"column":null}},"type":"binary-expr","locations":[{"start":{"line":60,"column":15},"end":{"line":60,"column":57}},{"start":{"line":60,"column":57},"end":{"line":60,"column":null}}]},"3":{"loc":{"start":{"line":66,"column":4},"end":{"line":71,"column":null}},"type":"if","locations":[{"start":{"line":66,"column":4},"end":{"line":71,"column":null}}]},"4":{"loc":{"start":{"line":66,"column":8},"end":{"line":66,"column":38}},"type":"binary-expr","locations":[{"start":{"line":66,"column":8},"end":{"line":66,"column":18}},{"start":{"line":66,"column":18},"end":{"line":66,"column":38}}]},"5":{"loc":{"start":{"line":90,"column":6},"end":{"line":95,"column":null}},"type":"if","locations":[{"start":{"line":90,"column":6},"end":{"line":95,"column":null}}]},"6":{"loc":{"start":{"line":98,"column":6},"end":{"line":103,"column":null}},"type":"if","locations":[{"start":{"line":98,"column":6},"end":{"line":103,"column":null}}]}},"s":{"0":0,"1":0,"2":0,"3":0,"4":0,"5":0,"6":0,"7":0,"8":0,"9":0,"10":0,"11":0,"12":0,"13":0,"14":0,"15":0,"16":0,"17":0,"18":0,"19":0,"20":0,"21":0,"22":0,"23":0,"24":0,"25":0,"26":0,"27":0,"28":0,"29":0,"30":0,"31":0,"32":0,"33":0,"34":0,"35":0,"36":0,"37":0,"38":0,"39":0,"40":0,"41":0,"42":0,"43":0,"44":0,"45":0,"46":0,"47":0,"48":0,"49":0,"50":0},"f":{"0":0,"1":0,"2":0},"b":{"0":[0],"1":[0,0],"2":[0,0],"3":[0],"4":[0,0],"5":[0],"6":[0]}}
,"/Users/rodneypattison/Desktop/global-travel-report/app/api/verify-recaptcha/route.ts": {"path":"/Users/rodneypattison/Desktop/global-travel-report/app/api/verify-recaptcha/route.ts","statementMap":{"0":{"start":{"line":7,"column":22},"end":{"line":7,"column":27}},"1":{"start":{"line":1,"column":29},"end":{"line":1,"column":null}},"2":{"start":{"line":2,"column":29},"end":{"line":2,"column":null}},"3":{"start":{"line":4,"column":29},"end":{"line":4,"column":null}},"4":{"start":{"line":5,"column":19},"end":{"line":5,"column":null}},"5":{"start":{"line":8,"column":2},"end":{"line":66,"column":null}},"6":{"start":{"line":9,"column":22},"end":{"line":9,"column":null}},"7":{"start":{"line":11,"column":4},"end":{"line":17,"column":null}},"8":{"start":{"line":12,"column":6},"end":{"line":12,"column":null}},"9":{"start":{"line":13,"column":6},"end":{"line":15,"column":null}},"10":{"start":{"line":19,"column":4},"end":{"line":19,"column":null}},"11":{"start":{"line":21,"column":21},"end":{"line":25,"column":null}},"12":{"start":{"line":27,"column":19},"end":{"line":27,"column":null}},"13":{"start":{"line":29,"column":4},"end":{"line":35,"column":null}},"14":{"start":{"line":30,"column":6},"end":{"line":30,"column":null}},"15":{"start":{"line":31,"column":6},"end":{"line":33,"column":null}},"16":{"start":{"line":37,"column":4},"end":{"line":37,"column":null}},"17":{"start":{"line":39,"column":4},"end":{"line":47,"column":null}},"18":{"start":{"line":40,"column":6},"end":{"line":42,"column":null}},"19":{"start":{"line":43,"column":6},"end":{"line":45,"column":null}},"20":{"start":{"line":49,"column":4},"end":{"line":52,"column":null}},"21":{"start":{"line":54,"column":4},"end":{"line":59,"column":null}},"22":{"start":{"line":61,"column":4},"end":{"line":61,"column":null}},"23":{"start":{"line":62,"column":4},"end":{"line":64,"column":null}}},"fnMap":{"0":{"name":"POST","decl":{"start":{"line":7,"column":22},"end":{"line":7,"column":27}},"loc":{"start":{"line":7,"column":43},"end":{"line":67,"column":null}}}},"branchMap":{"0":{"loc":{"start":{"line":11,"column":4},"end":{"line":17,"column":null}},"type":"if","locations":[{"start":{"line":11,"column":4},"end":{"line":17,"column":null}}]},"1":{"loc":{"start":{"line":29,"column":4},"end":{"line":35,"column":null}},"type":"if","locations":[{"start":{"line":29,"column":4},"end":{"line":35,"column":null}}]},"2":{"loc":{"start":{"line":39,"column":4},"end":{"line":47,"column":null}},"type":"if","locations":[{"start":{"line":39,"column":4},"end":{"line":47,"column":null}}]}},"s":{"0":0,"1":0,"2":0,"3":0,"4":0,"5":0,"6":0,"7":0,"8":0,"9":0,"10":0,"11":0,"12":0,"13":0,"14":0,"15":0,"16":0,"17":0,"18":0,"19":0,"20":0,"21":0,"22":0,"23":0},"f":{"0":0},"b":{"0":[0],"1":[0],"2":[0]}}
,"/Users/rodneypattison/Desktop/global-travel-report/app/api/version/route.ts": {"path":"/Users/rodneypattison/Desktop/global-travel-report/app/api/version/route.ts","statementMap":{"0":{"start":{"line":8,"column":22},"end":{"line":8,"column":null}},"1":{"start":{"line":1,"column":29},"end":{"line":1,"column":null}},"2":{"start":{"line":4,"column":18},"end":{"line":4,"column":null}},"3":{"start":{"line":5,"column":16},"end":{"line":5,"column":null}},"4":{"start":{"line":6,"column":18},"end":{"line":6,"column":null}},"5":{"start":{"line":9,"column":2},"end":{"line":18,"column":null}}},"fnMap":{"0":{"name":"GET","decl":{"start":{"line":8,"column":22},"end":{"line":8,"column":null}},"loc":{"start":{"line":8,"column":22},"end":{"line":19,"column":null}}}},"branchMap":{"0":{"loc":{"start":{"line":4,"column":18},"end":{"line":4,"column":null}},"type":"binary-expr","locations":[{"start":{"line":4,"column":18},"end":{"line":4,"column":52}},{"start":{"line":4,"column":56},"end":{"line":4,"column":null}}]},"1":{"loc":{"start":{"line":5,"column":16},"end":{"line":5,"column":null}},"type":"binary-expr","locations":[{"start":{"line":5,"column":16},"end":{"line":5,"column":48}},{"start":{"line":5,"column":52},"end":{"line":5,"column":null}}]},"2":{"loc":{"start":{"line":6,"column":18},"end":{"line":6,"column":null}},"type":"binary-expr","locations":[{"start":{"line":6,"column":18},"end":{"line":6,"column":63}},{"start":{"line":6,"column":67},"end":{"line":6,"column":null}}]},"3":{"loc":{"start":{"line":10,"column":13},"end":{"line":10,"column":null}},"type":"binary-expr","locations":[{"start":{"line":10,"column":13},"end":{"line":10,"column":44}},{"start":{"line":10,"column":48},"end":{"line":10,"column":null}}]},"4":{"loc":{"start":{"line":15,"column":19},"end":{"line":15,"column":null}},"type":"binary-expr","locations":[{"start":{"line":15,"column":19},"end":{"line":15,"column":53}},{"start":{"line":15,"column":57},"end":{"line":15,"column":null}}]}},"s":{"0":0,"1":0,"2":0,"3":0,"4":0,"5":0},"f":{"0":0},"b":{"0":[0,0],"1":[0,0],"2":[0,0],"3":[0,0],"4":[0,0]}}
,"/Users/rodneypattison/Desktop/global-travel-report/app/articles/[slug]/metadata.ts": {"path":"/Users/rodneypattison/Desktop/global-travel-report/app/articles/[slug]/metadata.ts","statementMap":{"0":{"start":{"line":17,"column":22},"end":{"line":17,"column":39}},"1":{"start":{"line":2,"column":15},"end":{"line":2,"column":null}},"2":{"start":{"line":3,"column":17},"end":{"line":3,"column":null}},"3":{"start":{"line":6,"column":2},"end":{"line":14,"column":null}},"4":{"start":{"line":7,"column":21},"end":{"line":7,"column":null}},"5":{"start":{"line":8,"column":24},"end":{"line":8,"column":null}},"6":{"start":{"line":9,"column":21},"end":{"line":9,"column":null}},"7":{"start":{"line":10,"column":4},"end":{"line":10,"column":null}},"8":{"start":{"line":10,"column":43},"end":{"line":10,"column":null}},"9":{"start":{"line":12,"column":4},"end":{"line":12,"column":null}},"10":{"start":{"line":13,"column":4},"end":{"line":13,"column":null}},"11":{"start":{"line":18,"column":18},"end":{"line":18,"column":null}},"12":{"start":{"line":20,"column":2},"end":{"line":25,"column":null}},"13":{"start":{"line":21,"column":4},"end":{"line":24,"column":null}},"14":{"start":{"line":27,"column":2},"end":{"line":35,"column":null}}},"fnMap":{"0":{"name":"getArticle","decl":{"start":{"line":5,"column":15},"end":{"line":5,"column":26}},"loc":{"start":{"line":5,"column":38},"end":{"line":15,"column":null}}},"1":{"name":"(anonymous_3)","decl":{"start":{"line":10,"column":25},"end":{"line":10,"column":26}},"loc":{"start":{"line":10,"column":43},"end":{"line":10,"column":null}}},"2":{"name":"generateMetadata","decl":{"start":{"line":17,"column":22},"end":{"line":17,"column":39}},"loc":{"start":{"line":17,"column":79},"end":{"line":36,"column":null}}}},"branchMap":{"0":{"loc":{"start":{"line":20,"column":2},"end":{"line":25,"column":null}},"type":"if","locations":[{"start":{"line":20,"column":2},"end":{"line":25,"column":null}}]}},"s":{"0":0,"1":0,"2":0,"3":0,"4":0,"5":0,"6":0,"7":0,"8":0,"9":0,"10":0,"11":0,"12":0,"13":0,"14":0},"f":{"0":0,"1":0,"2":0},"b":{"0":[0]}}
,"/Users/rodneypattison/Desktop/global-travel-report/app/articles/[slug]/page.tsx": {"path":"/Users/rodneypattison/Desktop/global-travel-report/app/articles/[slug]/page.tsx","statementMap":{"0":{"start":{"line":68,"column":24},"end":{"line":68,"column":36}},"1":{"start":{"line":8,"column":13},"end":{"line":8,"column":20}},"2":{"start":{"line":44,"column":22},"end":{"line":44,"column":38}},"3":{"start":{"line":36,"column":22},"end":{"line":36,"column":42}},"4":{"start":{"line":9,"column":13},"end":{"line":9,"column":23}},"5":{"start":{"line":1,"column":25},"end":{"line":1,"column":null}},"6":{"start":{"line":2,"column":21},"end":{"line":2,"column":null}},"7":{"start":{"line":5,"column":23},"end":{"line":5,"column":null}},"8":{"start":{"line":6,"column":25},"end":{"line":6,"column":null}},"9":{"start":{"line":8,"column":23},"end":{"line":8,"column":null}},"10":{"start":{"line":9,"column":26},"end":{"line":9,"column":32}},"11":{"start":{"line":37,"column":16},"end":{"line":39,"column":null}},"12":{"start":{"line":37,"column":52},"end":{"line":39,"column":null}},"13":{"start":{"line":40,"column":2},"end":{"line":40,"column":null}},"14":{"start":{"line":41,"column":2},"end":{"line":41,"column":null}},"15":{"start":{"line":45,"column":18},"end":{"line":45,"column":null}},"16":{"start":{"line":45,"column":48},"end":{"line":45,"column":70}},"17":{"start":{"line":47,"column":2},"end":{"line":51,"column":null}},"18":{"start":{"line":48,"column":4},"end":{"line":50,"column":null}},"19":{"start":{"line":53,"column":2},"end":{"line":65,"column":null}},"20":{"start":{"line":69,"column":18},"end":{"line":69,"column":null}},"21":{"start":{"line":69,"column":48},"end":{"line":69,"column":70}},"22":{"start":{"line":71,"column":2},"end":{"line":73,"column":null}},"23":{"start":{"line":72,"column":4},"end":{"line":72,"column":null}},"24":{"start":{"line":75,"column":24},"end":{"line":77,"column":null}},"25":{"start":{"line":79,"column":19},"end":{"line":79,"column":null}},"26":{"start":{"line":80,"column":19},"end":{"line":80,"column":62}}},"fnMap":{"0":{"name":"generateStaticParams","decl":{"start":{"line":36,"column":22},"end":{"line":36,"column":42}},"loc":{"start":{"line":36,"column":22},"end":{"line":42,"column":null}}},"1":{"name":"(anonymous_8)","decl":{"start":{"line":37,"column":29},"end":{"line":37,"column":30}},"loc":{"start":{"line":37,"column":52},"end":{"line":39,"column":null}}},"2":{"name":"generateMetadata","decl":{"start":{"line":44,"column":22},"end":{"line":44,"column":38}},"loc":{"start":{"line":44,"column":79},"end":{"line":66,"column":null}}},"3":{"name":"(anonymous_10)","decl":{"start":{"line":45,"column":32},"end":{"line":45,"column":33}},"loc":{"start":{"line":45,"column":48},"end":{"line":45,"column":70}}},"4":{"name":"ArticlePage","decl":{"start":{"line":68,"column":24},"end":{"line":68,"column":36}},"loc":{"start":{"line":68,"column":76},"end":{"line":102,"column":1}}},"5":{"name":"(anonymous_12)","decl":{"start":{"line":69,"column":32},"end":{"line":69,"column":33}},"loc":{"start":{"line":69,"column":48},"end":{"line":69,"column":70}}}},"branchMap":{"0":{"loc":{"start":{"line":47,"column":2},"end":{"line":51,"column":null}},"type":"if","locations":[{"start":{"line":47,"column":2},"end":{"line":51,"column":null}}]},"1":{"loc":{"start":{"line":54,"column":11},"end":{"line":54,"column":46}},"type":"binary-expr","locations":[{"start":{"line":54,"column":11},"end":{"line":54,"column":33}},{"start":{"line":54,"column":33},"end":{"line":54,"column":46}}]},"2":{"loc":{"start":{"line":55,"column":17},"end":{"line":55,"column":60}},"type":"binary-expr","locations":[{"start":{"line":55,"column":17},"end":{"line":55,"column":45}},{"start":{"line":55,"column":45},"end":{"line":55,"column":60}}]},"3":{"loc":{"start":{"line":58,"column":13},"end":{"line":58,"column":48}},"type":"binary-expr","locations":[{"start":{"line":58,"column":13},"end":{"line":58,"column":35}},{"start":{"line":58,"column":35},"end":{"line":58,"column":48}}]},"4":{"loc":{"start":{"line":59,"column":19},"end":{"line":59,"column":62}},"type":"binary-expr","locations":[{"start":{"line":59,"column":19},"end":{"line":59,"column":47}},{"start":{"line":59,"column":47},"end":{"line":59,"column":62}}]},"5":{"loc":{"start":{"line":61,"column":21},"end":{"line":61,"column":56}},"type":"binary-expr","locations":[{"start":{"line":61,"column":21},"end":{"line":61,"column":40}},{"start":{"line":61,"column":44},"end":{"line":61,"column":56}}]},"6":{"loc":{"start":{"line":62,"column":16},"end":{"line":62,"column":57}},"type":"binary-expr","locations":[{"start":{"line":62,"column":16},"end":{"line":62,"column":30}},{"start":{"line":62,"column":34},"end":{"line":62,"column":57}}]},"7":{"loc":{"start":{"line":63,"column":14},"end":{"line":63,"column":75}},"type":"cond-expr","locations":[{"start":{"line":63,"column":43},"end":{"line":63,"column":73}},{"start":{"line":63,"column":73},"end":{"line":63,"column":75}}]},"8":{"loc":{"start":{"line":71,"column":2},"end":{"line":73,"column":null}},"type":"if","locations":[{"start":{"line":71,"column":2},"end":{"line":73,"column":null}}]},"9":{"loc":{"start":{"line":76,"column":13},"end":{"line":76,"column":null}},"type":"binary-expr","locations":[{"start":{"line":76,"column":13},"end":{"line":76,"column":32}},{"start":{"line":76,"column":36},"end":{"line":76,"column":48}},{"start":{"line":76,"column":52},"end":{"line":76,"column":69}},{"start":{"line":76,"column":73},"end":{"line":76,"column":null}}]},"10":{"loc":{"start":{"line":79,"column":19},"end":{"line":79,"column":null}},"type":"binary-expr","locations":[{"start":{"line":79,"column":19},"end":{"line":79,"column":49}},{"start":{"line":79,"column":49},"end":{"line":79,"column":62}},{"start":{"line":79,"column":66},"end":{"line":79,"column":null}}]},"11":{"loc":{"start":{"line":80,"column":19},"end":{"line":80,"column":62}},"type":"binary-expr","locations":[{"start":{"line":80,"column":19},"end":{"line":80,"column":49}},{"s
[...]
,"/Users/rodneypattison/Desktop/global-travel-report/app/stories/page.tsx": {"path":"/Users/rodneypattison/Desktop/global-travel-report/app/stories/page.tsx","statementMap":{"0":{"start":{"line":14,"column":30},"end":{"line":14,"column":42}},"1":{"start":{"line":1,"column":57},"end":{"line":1,"column":null}},"2":{"start":{"line":2,"column":22},"end":{"line":2,"column":null}},"3":{"start":{"line":15,"column":15},"end":{"line":15,"column":null}},"4":{"start":{"line":16,"column":19},"end":{"line":16,"column":40}},"5":{"start":{"line":17,"column":18},"end":{"line":17,"column":38}},"6":{"start":{"line":18,"column":14},"end":{"line":18,"column":30}},"7":{"start":{"line":19,"column":16},"end":{"line":19,"column":30}},"8":{"start":{"line":22,"column":16},"end":{"line":22,"column":null}},"9":{"start":{"line":25,"column":2},"end":{"line":27,"column":null}},"10":{"start":{"line":26,"column":4},"end":{"line":26,"column":null}},"11":{"start":{"line":26,"column":38},"end":{"line":26,"column":null}},"12":{"start":{"line":28,"column":2},"end":{"line":30,"column":null}},"13":{"start":{"line":29,"column":4},"end":{"line":29,"column":null}},"14":{"start":{"line":29,"column":38},"end":{"line":29,"column":null}},"15":{"start":{"line":31,"column":2},"end":{"line":33,"column":null}},"16":{"start":{"line":32,"column":4},"end":{"line":32,"column":null}},"17":{"start":{"line":32,"column":38},"end":{"line":32,"column":null}},"18":{"start":{"line":34,"column":2},"end":{"line":46,"column":null}},"19":{"start":{"line":35,"column":24},"end":{"line":35,"column":null}},"20":{"start":{"line":36,"column":4},"end":{"line":45,"column":null}},"21":{"start":{"line":37,"column":29},"end":{"line":43,"column":null}},"22":{"start":{"line":44,"column":6},"end":{"line":44,"column":null}},"23":{"start":{"line":44,"column":39},"end":{"line":44,"column":null}},"24":{"start":{"line":49,"column":52},"end":{"line":49,"column":null}}},"fnMap":{"0":{"name":"StoriesPage","decl":{"start":{"line":14,"column":30},"end":{"line":14,"column":42}},"loc":{"start":{"line":14,"column":76},"end":{"line":61,"column":null}}},"1":{"name":"(anonymous_3)","decl":{"start":{"line":26,"column":29},"end":{"line":26,"column":38}},"loc":{"start":{"line":26,"column":38},"end":{"line":26,"column":null}}},"2":{"name":"(anonymous_4)","decl":{"start":{"line":29,"column":29},"end":{"line":29,"column":38}},"loc":{"start":{"line":29,"column":38},"end":{"line":29,"column":null}}},"3":{"name":"(anonymous_5)","decl":{"start":{"line":32,"column":29},"end":{"line":32,"column":38}},"loc":{"start":{"line":32,"column":38},"end":{"line":32,"column":null}}},"4":{"name":"(anonymous_6)","decl":{"start":{"line":36,"column":29},"end":{"line":36,"column":null}},"loc":{"start":{"line":36,"column":29},"end":{"line":45,"column":null}}},"5":{"name":"(anonymous_7)","decl":{"start":{"line":44,"column":31},"end":{"line":44,"column":39}},"loc":{"start":{"line":44,"column":39},"end":{"line":44,"column":null}}}},"branchMap":{"0":{"loc":{"start":{"line":15,"column":15},"end":{"line":15,"column":null}},"type":"binary-expr","locations":[{"start":{"line":15,"column":15},"end":{"line":15,"column":44}},{"start":{"line":15,"column":44},"end":{"line":15,"column":null}}]},"1":{"loc":{"start":{"line":25,"column":2},"end":{"line":27,"column":null}},"type":"if","locations":[{"start":{"line":25,"column":2},"end":{"line":27,"column":null}}]},"2":{"loc":{"start":{"line":28,"column":2},"end":{"line":30,"column":null}},"type":"if","locations":[{"start":{"line":28,"column":2},"end":{"line":30,"column":null}}]},"3":{"loc":{"start":{"line":31,"column":2},"end":{"line":33,"column":null}},"type":"if","locations":[{"start":{"line":31,"column":2},"end":{"line":33,"column":null}}]},"4":{"loc":{"start":{"line":34,"column":2},"end":{"line":46,"column":null}},"type":"if","locations":[{"start":{"line":34,"column":2},"end":{"line":46,"column":null}}]}},"s":{"0":0,"1":0,"2":0,"3":0,"4":0,"5":0,"6":0,"7":0,"8":0,"9":0,"10":0,"11":0,"12":0,"13":0,"14":0,"15":0,"16":0,"17":0,"18":0,"19":0,"20":0,"21":0,"22":0,"23":0,"24":0},"f":{"0":0,"1":0,"2":0,"3":0,"4":0,"5":0},"b":{"0":[0,0],"1":[0],"2":[0],"3":[0],"4":[0]}}
,"/Users/rodneypattison/Desktop/global-travel-report/app/stories/[slug]/page.tsx": {"path":"/Users/rodneypattison/Desktop/global-travel-report/app/stories/[slug]/page.tsx","statementMap":{"0":{"start":{"line":13,"column":30},"end":{"line":13,"column":40}},"1":{"start":{"line":1,"column":31},"end":{"line":1,"column":null}},"2":{"start":{"line":3,"column":17},"end":{"line":3,"column":null}},"3":{"start":{"line":4,"column":25},"end":{"line":4,"column":null}},"4":{"start":{"line":5,"column":27},"end":{"line":5,"column":null}},"5":{"start":{"line":14,"column":16},"end":{"line":14,"column":null}},"6":{"start":{"line":16,"column":2},"end":{"line":18,"column":null}},"7":{"start":{"line":17,"column":4},"end":{"line":17,"column":null}},"8":{"start":{"line":80,"column":12},"end":{"line":81,"column":null}}},"fnMap":{"0":{"name":"StoryPage","decl":{"start":{"line":13,"column":30},"end":{"line":13,"column":40}},"loc":{"start":{"line":13,"column":66},"end":{"line":95,"column":null}}},"1":{"name":"(anonymous_3)","decl":{"start":{"line":79,"column":26},"end":{"line":79,"column":27}},"loc":{"start":{"line":80,"column":12},"end":{"line":81,"column":null}}}},"branchMap":{"0":{"loc":{"start":{"line":16,"column":2},"end":{"line":18,"column":null}},"type":"if","locations":[{"start":{"line":16,"column":2},"end":{"line":18,"column":null}}]},"1":{"loc":{"start":{"line":22,"column":7},"end":{"line":22,"column":24}},"type":"binary-expr","locations":[{"start":{"line":22,"column":7},"end":{"line":22,"column":24}}]},"2":{"loc":{"start":{"line":54,"column":9},"end":{"line":54,"column":23}},"type":"binary-expr","locations":[{"start":{"line":54,"column":9},"end":{"line":54,"column":23}}]},"3":{"loc":{"start":{"line":77,"column":7},"end":{"line":77,"column":17}},"type":"binary-expr","locations":[{"start":{"line":77,"column":7},"end":{"line":77,"column":17}},{"start":{"line":77,"column":21},"end":{"line":77,"column":null}}]}},"s":{"0":0,"1":0,"2":0,"3":0,"4":0,"5":0,"6":0,"7":0,"8":0},"f":{"0":0,"1":0},"b":{"0":[0],"1":[0],"2":[0],"3":[0,0]}}
,"/Users/rodneypattison/Desktop/global-travel-report/app/submit/page.tsx": {"path":"/Users/rodneypattison/Desktop/global-travel-report/app/submit/page.tsx","statementMap":{"0":{"start":{"line":9,"column":24},"end":{"line":9,"column":null}},"1":{"start":{"line":4,"column":13},"end":{"line":4,"column":21}},"2":{"start":{"line":1,"column":22},"end":{"line":1,"column":null}},"3":{"start":{"line":4,"column":34},"end":{"line":7,"column":null}}},"fnMap":{"0":{"name":"SubmitPage","decl":{"start":{"line":9,"column":24},"end":{"line":9,"column":null}},"loc":{"start":{"line":9,"column":24},"end":{"line":25,"column":1}}}},"branchMap":{},"s":{"0":0,"1":0,"2":0,"3":0},"f":{"0":0},"b":{}}
,"/Users/rodneypattison/Desktop/global-travel-report/app/terms/page.tsx": {"path":"/Users/rodneypattison/Desktop/global-travel-report/app/terms/page.tsx","statementMap":{"0":{"start":{"line":14,"column":24},"end":{"line":14,"column":null}},"1":{"start":{"line":4,"column":13},"end":{"line":4,"column":21}},"2":{"start":{"line":2,"column":23},"end":{"line":2,"column":null}},"3":{"start":{"line":4,"column":34},"end":{"line":12,"column":null}}},"fnMap":{"0":{"name":"TermsPage","decl":{"start":{"line":14,"column":24},"end":{"line":14,"column":null}},"loc":{"start":{"line":14,"column":24},"end":{"line":105,"column":1}}}},"branchMap":{},"s":{"0":0,"1":0,"2":0,"3":0},"f":{"0":0},"b":{}}
,"/Users/rodneypattison/Desktop/global-travel-report/app/test-upload/page.tsx": {"path":"/Users/rodneypattison/Desktop/global-travel-report/app/test-upload/page.tsx","statementMap":{"0":{"start":{"line":5,"column":24},"end":{"line":5,"column":null}},"1":{"start":{"line":3,"column":24},"end":{"line":3,"column":null}}},"fnMap":{"0":{"name":"TestUpload","decl":{"start":{"line":5,"column":24},"end":{"line":5,"column":null}},"loc":{"start":{"line":5,"column":24},"end":{"line":19,"column":null}}}},"branchMap":{},"s":{"0":0,"1":0},"f":{"0":0},"b":{}}
,"/Users/rodneypattison/Desktop/global-travel-report/app/tips/page.tsx": {"path":"/Users/rodneypattison/Desktop/global-travel-report/app/tips/page.tsx","statementMap":{"0":{"start":{"line":62,"column":24},"end":{"line":62,"column":null}},"1":{"start":{"line":1,"column":23},"end":{"line":1,"column":null}},"2":{"start":{"line":2,"column":24},"end":{"line":2,"column":null}},"3":{"start":{"line":5,"column":33},"end":{"line":60,"column":null}}},"fnMap":{"0":{"name":"TipsPage","decl":{"start":{"line":62,"column":24},"end":{"line":62,"column":null}},"loc":{"start":{"line":62,"column":24},"end":{"line":72,"column":null}}}},"branchMap":{},"s":{"0":0,"1":0,"2":0,"3":0},"f":{"0":0},"b":{}}
,"/Users/rodneypattison/Desktop/global-travel-report/app/unsplash-demo/page.tsx": {"path":"/Users/rodneypattison/Desktop/global-travel-report/app/unsplash-demo/page.tsx","statementMap":{"0":{"start":{"line":1,"column":24},"end":{"line":1,"column":null}}},"fnMap":{"0":{"name":"UnsplashDemo","decl":{"start":{"line":1,"column":24},"end":{"line":1,"column":null}},"loc":{"start":{"line":1,"column":24},"end":{"line":65,"column":null}}}},"branchMap":{},"s":{"0":0},"f":{"0":0},"b":{}}
,"/Users/rodneypattison/Desktop/global-travel-report/app/unzip/page.tsx": {"path":"/Users/rodneypattison/Desktop/global-travel-report/app/unzip/page.tsx","statementMap":{"0":{"start":{"line":4,"column":24},"end":{"line":4,"column":null}},"1":{"start":{"line":1,"column":24},"end":{"line":1,"column":null}},"2":{"start":{"line":2,"column":23},"end":{"line":2,"column":null}}},"fnMap":{"0":{"name":"UnzipPage","decl":{"start":{"line":4,"column":24},"end":{"line":4,"column":null}},"loc":{"start":{"line":4,"column":24},"end":{"line":19,"column":null}}}},"branchMap":{},"s":{"0":0,"1":0,"2":0},"f":{"0":0},"b":{}}
,"/Users/rodneypattison/Desktop/global-travel-report/app/utils/recaptcha.ts": {"path":"/Users/rodneypattison/Desktop/global-travel-report/app/utils/recaptcha.ts","statementMap":{"0":{"start":{"line":8,"column":13},"end":{"line":8,"column":21}},"1":{"start":{"line":53,"column":13},"end":{"line":53,"column":33}},"2":{"start":{"line":11,"column":13},"end":{"line":11,"column":25}},"3":{"start":{"line":36,"column":13},"end":{"line":36,"column":35}},"4":{"start":{"line":1,"column":14},"end":{"line":1,"column":null}},"5":{"start":{"line":2,"column":16},"end":{"line":2,"column":null}},"6":{"start":{"line":5,"column":22},"end":{"line":5,"column":null}},"7":{"start":{"line":6,"column":22},"end":{"line":6,"column":65}},"8":{"start":{"line":8,"column":24},"end":{"line":8,"column":null}},"9":{"start":{"line":11,"column":28},"end":{"line":33,"column":null}},"10":{"start":{"line":13,"column":4},"end":{"line":15,"column":null}},"11":{"start":{"line":14,"column":6},"end":{"line":14,"column":null}},"12":{"start":{"line":18,"column":4},"end":{"line":18,"column":null}},"13":{"start":{"line":21,"column":4},"end":{"line":21,"column":null}},"14":{"start":{"line":24,"column":4},"end":{"line":26,"column":null}},"15":{"start":{"line":25,"column":6},"end":{"line":25,"column":null}},"16":{"start":{"line":29,"column":4},"end":{"line":31,"column":null}},"17":{"start":{"line":30,"column":6},"end":{"line":30,"column":null}},"18":{"start":{"line":36,"column":38},"end":{"line":50,"column":null}},"19":{"start":{"line":37,"column":2},"end":{"line":40,"column":null}},"20":{"start":{"line":38,"column":4},"end":{"line":38,"column":null}},"21":{"start":{"line":39,"column":4},"end":{"line":39,"column":null}},"22":{"start":{"line":41,"column":2},"end":{"line":44,"column":null}},"23":{"start":{"line":42,"column":4},"end":{"line":42,"column":null}},"24":{"start":{"line":43,"column":4},"end":{"line":43,"column":null}},"25":{"start":{"line":45,"column":2},"end":{"line":48,"column":null}},"26":{"start":{"line":46,"column":4},"end":{"line":46,"column":null}},"27":{"start":{"line":47,"column":4},"end":{"line":47,"column":null}},"28":{"start":{"line":49,"column":2},"end":{"line":49,"column":null}},"29":{"start":{"line":53,"column":36},"end":{"line":68,"column":null}},"30":{"start":{"line":54,"column":2},"end":{"line":57,"column":null}},"31":{"start":{"line":55,"column":4},"end":{"line":55,"column":null}},"32":{"start":{"line":56,"column":4},"end":{"line":56,"column":null}},"33":{"start":{"line":59,"column":2},"end":{"line":61,"column":null}},"34":{"start":{"line":60,"column":4},"end":{"line":60,"column":null}},"35":{"start":{"line":63,"column":2},"end":{"line":65,"column":null}},"36":{"start":{"line":64,"column":4},"end":{"line":64,"column":null}},"37":{"start":{"line":67,"column":2},"end":{"line":67,"column":null}}},"fnMap":{"0":{"name":"(anonymous_5)","decl":{"start":{"line":12,"column":8},"end":{"line":12,"column":9}},"loc":{"start":{"line":12,"column":26},"end":{"line":16,"column":null}}},"1":{"name":"(anonymous_6)","decl":{"start":{"line":17,"column":8},"end":{"line":17,"column":9}},"loc":{"start":{"line":17,"column":26},"end":{"line":19,"column":null}}},"2":{"name":"(anonymous_7)","decl":{"start":{"line":20,"column":9},"end":{"line":20,"column":10}},"loc":{"start":{"line":20,"column":27},"end":{"line":22,"column":null}}},"3":{"name":"(anonymous_8)","decl":{"start":{"line":23,"column":11},"end":{"line":23,"column":12}},"loc":{"start":{"line":23,"column":29},"end":{"line":27,"column":null}}},"4":{"name":"(anonymous_9)","decl":{"start":{"line":28,"column":9},"end":{"line":28,"column":10}},"loc":{"start":{"line":28,"column":27},"end":{"line":32,"column":null}}},"5":{"name":"(anonymous_10)","decl":{"start":{"line":36,"column":38},"end":{"line":36,"column":39}},"loc":{"start":{"line":36,"column":39},"end":{"line":50,"column":null}}},"6":{"name":"(anonymous_11)","decl":{"start":{"line":53,"column":36},"end":{"line":53,"column":null}},"loc":{"start":{"line":53,"column":36},"end":{"line":68,"column":null}}}},"branchMap":{"0":{"loc":{"start":{"line":8,"column":24},"end":{"line":8,"column":null}},"type":"cond-expr","locations":[{"start":{"line":8,"column":32},"end":{"line":8,"column":48}},{"start":{"line":8,"column":48},"end":{"line":8,"column":null}}]},"1":{"loc":{"start":{"line":13,"column":4},"end":{"line":15,"column":null}},"type":"if","locations":[{"start":{"line":13,"column":4},"end":{"line":15,"column":null}}]},"2":{"loc":{"start":{"line":13,"column":8},"end":{"line":13,"column":26}},"type":"binary-expr","locations":[{"start":{"line":13,"column":8},"end":{"line":13,"column":19}},{"start":{"line":13,"column":19},"end":{"line":13,"column":26}}]},"3":{"loc":{"start":{"line":14,"column":54},"end":{"line":14,"column":null}},"type":"binary-expr","locations":[{"start":{"line":14,"column":54},"end":{"line":14,"column":62}},{"start":{"line":14,"column":62},"end":{"line":14,"column":null}}]},"4":{"loc":{"start":{"line":18,"column":52},"end":{"line":18,"column":null}},"type":"binary-expr","locations":[{"start":{"line":18,"column":52},"end":{"line":18,"column":60}},{"start":{"line":18,"column":60},"end":{"line":18,"column":null}}]},"5":{"loc":{"start":{"line":21,"column":53},"end":{"line":21,"column":null}},"type":"binary-expr","locations":[{"start":{"line":21,"column":53},"end":{"line":21,"column":62}},{"start":{"line":21,"column":62},"end":{"line":21,"column":null}}]},"6":{"loc":{"start":{"line":24,"column":4},"end":{"line":26,"column":null}},"type":"if","locations":[{"start":{"line":24,"column":4},"end":{"line":26,"column":null}}]},"7":{"loc":{"start":{"line":24,"column":8},"end":{"line":24,"column":26}},"type":"binary-expr","locations":[{"start":{"line":24,"column":8},"end":{"line":24,"column":19}},{"start":{"line":24,"column":19},"end":{"line":24,"column":26}}]},"8":{"loc":{"start":{"line":25,"column":55},"end":{"line":25,"column":null}},"type":"binary-expr","locations":[{"start":{"line":25,"column":55},"end":{"line":25,"column":63}},{"start":{"line":25,"column":63},"end":{"line":25,"column":null}}]},"9":{"loc":{"start":{"line":29,"column":4},"end":{"line":31,"column":null}},"type":"if","locations":[{"start":{"line":29,"column":4},"end":{"line":31,"column":null}}]},"10":{"loc":{"start":{"line":30,"column":56},"end":{"line":30,"column":null}},"type":"binary-expr","locations":[{"start":{"line":30,"column":56},"end":{"line":30,"column":64}},{"start":{"line":30,"column":64},"end":{"line":30,"column":null}}]},"11":{"loc":{"start":{"line":37,"column":2},"end":{"line":40,"column":null}},"type":"if","locations":[{"start":{"line":37,"column":2},"end":{"line":40,"column":null}}]},"12":{"loc":{"start":{"line":41,"column":2},"end":{"line":44,"column":null}},"type":"if","locations":[{"start":{"line":41,"column":2},"end":{"line":44,"column":null}}]},"13":{"loc":{"start":{"line":45,"column":2},"end":{"line":48,"column":null}},"type":"if","locations":[{"start":{"line":45,"column":2},"end":{"line":48,"column":null}}]},"14":{"loc":{"start":{"line":54,"column":2},"end":{"line":57,"column":null}},"type":"if","locations":[{"start":{"line":54,"column":2},"end":{"line":57,"column":null}}]},"15":{"loc":{"start":{"line":59,"column":2},"end":{"line":61,"column":null}},"type":"if","locations":[{"start":{"line":59,"column":2},"end":{"line":61,"column":null}}]},"16":{"loc":{"start":{"line":63,"column":2},"end":{"line":65,"column":null}},"type":"if","locations":[{"start":{"line":63,"column":2},"end":{"line":65,"column":null}}]}},"s":{"0":0,"1":0,"2":0,"3":0,"4":0,"5":0,"6":0,"7":0,"8":0,"9":0,"10":0,"11":0,"12":0,"13":0,"14":0,"15":0,"16":0,"17":0,"18":0,"19":0,"20":0,"21":0,"22":0,"23":0,"24":0,"25":0,"26":0,"27":0,"28":0,"29":0,"30":0,"31":0,"32":0,"33":0,"34":0,"35":0,"36":0,"37":0},"f":{"0":0,"1":0,"2":0,"3":0,"4":0,"5":0,"6":0},"b":{"0":[0,0],"1":[0],"2":[0,0],"3":[0,0],"4":[0,0],"5":[0,0],"6":[0],"7":[0,0],"8":[0,0],"9":[0],"10":[0,0],"11":[0],"12":[0],"13":[0],"14":[0],"15":[0],"16":[0]}}
,"/Users/rodneypattison/Desktop/global-travel-report/app/utils/safeLogger.ts": {"path":"/Users/rodneypattison/Desktop/global-travel-report/app/utils/safeLogger.ts","statementMap":{"0":{"start":{"line":3,"column":16},"end":{"line":3,"column":29}},"1":{"start":{"line":1,"column":23},"end":{"line":1,"column":null}},"2":{"start":{"line":4,"column":20},"end":{"line":11,"column":null}},"3":{"start":{"line":13,"column":2},"end":{"line":13,"column":null}}},"fnMap":{"0":{"name":"safeLogError","decl":{"start":{"line":3,"column":16},"end":{"line":3,"column":29}},"loc":{"start":{"line":3,"column":95},"end":{"line":14,"column":null}}}},"branchMap":{"0":{"loc":{"start":{"line":4,"column":20},"end":{"line":11,"column":null}},"type":"cond-expr","locations":[{"start":{"line":5,"column":6},"end":{"line":10,"column":null}},{"start":{"line":11,"column":6},"end":{"line":11,"column":null}}]},"1":{"loc":{"start":{"line":9,"column":11},"end":{"line":9,"column":69}},"type":"binary-expr","locations":[{"start":{"line":9,"column":11},"end":{"line":9,"column":32}},{"start":{"line":9,"column":36},"end":{"line":9,"column":69}}]}},"s":{"0":0,"1":0,"2":0,"3":0},"f":{"0":0},"b":{"0":[0,0],"1":[0,0]}}
}
