TN:
SF:app/error.tsx
FN:5,Error
FN:12,(anonymous_2)
FNF:2
FNH:0
FNDA:0,Error
FNDA:0,(anonymous_2)
DA:3,0
DA:5,0
DA:12,0
DA:14,0
LF:4
LH:0
BRF:0
BRH:0
end_of_record
TN:
SF:app/layout.tsx
FN:75,RootLayout
FNF:1
FNH:0
FNDA:0,RootLayout
DA:2,0
DA:3,0
DA:4,0
DA:5,0
DA:6,0
DA:7,0
DA:8,0
DA:9,0
DA:10,0
DA:12,0
DA:14,0
DA:19,0
DA:75,0
LF:13
LH:0
BRDA:123,0,0,0
BRF:1
BRH:0
end_of_record
TN:
SF:app/loading.tsx
FN:1,Loading
FNF:1
FNH:0
FNDA:0,Loading
DA:1,0
LF:1
LH:0
BRF:0
BRH:0
end_of_record
TN:
SF:app/middleware.ts
FN:8,middleware
FNF:1
FNH:0
FNDA:0,middleware
DA:1,0
DA:5,0
DA:6,0
DA:8,0
DA:10,0
DA:11,0
DA:12,0
DA:15,0
DA:16,0
DA:20,0
DA:21,0
DA:22,0
DA:23,0
DA:25,0
DA:26,0
DA:28,0
DA:34,0
DA:39,0
DA:48,0
DA:52,0
LF:20
LH:0
BRDA:10,0,0,0
BRDA:15,1,0,0
BRDA:20,2,0,0
BRDA:25,3,0,0
BRDA:25,4,0,0
BRDA:25,4,1,0
BRF:6
BRH:0
end_of_record
TN:
SF:app/not-found.tsx
FN:4,NotFound
FNF:1
FNH:0
FNDA:0,NotFound
DA:1,0
DA:2,0
DA:4,0
LF:3
LH:0
BRF:0
BRH:0
end_of_record
TN:
SF:app/page.tsx
FN:11,HomePage
FNF:1
FNH:0
FNDA:0,HomePage
DA:1,0
DA:2,0
DA:11,0
DA:12,0
DA:13,0
DA:14,0
LF:6
LH:0
BRDA:12,0,0,0
BRDA:12,0,1,0
BRF:2
BRH:0
end_of_record
TN:
SF:app/sitemap.ts
FN:5,sitemap
FN:10,(anonymous_2)
FN:18,(anonymous_3)
FN:18,(anonymous_4)
FN:26,(anonymous_5)
FN:26,(anonymous_6)
FN:34,(anonymous_7)
FN:34,(anonymous_8)
FNF:8
FNH:0
FNDA:0,sitemap
FNDA:0,(anonymous_2)
FNDA:0,(anonymous_3)
FNDA:0,(anonymous_4)
FNDA:0,(anonymous_5)
FNDA:0,(anonymous_6)
FNDA:0,(anonymous_7)
FNDA:0,(anonymous_8)
DA:2,0
DA:3,0
DA:5,0
DA:6,0
DA:7,0
DA:10,0
DA:18,0
DA:26,0
DA:34,0
DA:42,0
DA:63,0
LF:11
LH:0
BRF:0
BRH:0
end_of_record
TN:
SF:app/(articles)/layout.tsx
FN:24,Layout
FNF:1
FNH:0
FNDA:0,Layout
DA:4,0
DA:10,0
DA:24,0
LF:3
LH:0
BRF:0
BRH:0
end_of_record
TN:
SF:app/about/page.tsx
FN:14,AboutPage
FNF:1
FNH:0
FNDA:0,AboutPage
DA:2,0
DA:4,0
DA:14,0
LF:3
LH:0
BRF:0
BRH:0
end_of_record
TN:
SF:app/api/check-auth/route.ts
FN:4,GET
FN:15,POST
FNF:2
FNH:0
FNDA:0,GET
FNDA:0,POST
DA:1,0
DA:2,0
DA:4,0
DA:5,0
DA:6,0
DA:8,0
DA:9,0
DA:12,0
DA:15,0
DA:16,0
DA:17,0
DA:20,0
DA:21,0
DA:24,0
DA:25,0
DA:28,0
DA:40,0
DA:41,0
DA:44,0
DA:46,0
DA:47,0
LF:21
LH:0
BRDA:8,0,0,0
BRDA:8,1,0,0
BRDA:8,1,1,0
BRDA:20,2,0,0
BRDA:20,3,0,0
BRDA:20,3,1,0
BRDA:20,3,2,0
BRDA:24,4,0,0
BRDA:24,4,1,0
BRDA:35,5,0,0
BRDA:35,5,1,0
BRDA:35,5,2,0
BRF:12
BRH:0
end_of_record
TN:
SF:app/api/contact/route.ts
FN:29,verifyRecaptcha
FN:58,createEmailTemplate
FN:161,createPlainTextTemplate
FN:177,sendEmail
FN:219,POST
FNF:5
FNH:0
FNDA:0,verifyRecaptcha
FNDA:0,createEmailTemplate
FNDA:0,createPlainTextTemplate
FNDA:0,sendEmail
FNDA:0,POST
DA:1,0
DA:2,0
DA:5,0
DA:16,0
DA:19,0
DA:20,0
DA:21,0
DA:25,0
DA:26,0
DA:30,0
DA:31,0
DA:32,0
DA:35,0
DA:36,0
DA:44,0
DA:45,0
DA:52,0
DA:59,0
DA:162,0
DA:178,0
DA:179,0
DA:182,0
DA:190,0
DA:191,0
DA:192,0
DA:193,0
DA:195,0
DA:197,0
DA:198,0
DA:202,0
DA:203,0
DA:204,0
DA:206,0
DA:207,0
DA:219,0
DA:220,0
DA:221,0
DA:222,0
DA:224,0
DA:227,0
DA:228,0
DA:229,0
DA:236,0
DA:238,0
DA:239,0
DA:240,0
DA:246,0
DA:249,0
DA:251,0
DA:256,0
DA:257,0
LF:51
LH:0
BRDA:16,0,0,0
BRDA:16,0,1,0
BRDA:20,1,0,0
BRDA:25,2,0,0
BRDA:25,3,0,0
BRDA:25,3,1,0
BRDA:30,4,0,0
BRDA:178,5,0,0
BRDA:178,6,0,0
BRDA:178,6,1,0
BRDA:227,7,0,0
BRDA:227,8,0,0
BRDA:227,8,1,0
BRDA:227,8,2,0
BRDA:227,8,3,0
BRDA:238,9,0,0
BRDA:238,10,0,0
BRDA:238,10,1,0
BRDA:258,11,0,0
BRDA:258,11,1,0
BRF:20
BRH:0
end_of_record
TN:
SF:app/api/metrics/route.ts
FN:7,GET
FNF:1
FNH:0
FNDA:0,GET
DA:1,0
DA:2,0
DA:3,0
DA:5,0
DA:7,0
DA:8,0
DA:9,0
DA:10,0
DA:12,0
DA:13,0
LF:10
LH:0
BRF:0
BRH:0
end_of_record
TN:
SF:app/api/rewrite/route.ts
FN:39,isApiError
FN:43,isRewriteResult
FN:58,rewriteContent
FN:131,(anonymous_11)
FN:136,(anonymous_12)
FN:144,extractFromURL
FN:152,(anonymous_14)
FN:164,(anonymous_15)
FN:176,POST
FNF:9
FNH:0
FNDA:0,isApiError
FNDA:0,isRewriteResult
FNDA:0,rewriteContent
FNDA:0,(anonymous_11)
FNDA:0,(anonymous_12)
FNDA:0,extractFromURL
FNDA:0,(anonymous_14)
FNDA:0,(anonymous_15)
FNDA:0,POST
DA:1,0
DA:3,0
DA:4,0
DA:5,0
DA:7,0
DA:10,0
DA:11,0
DA:12,0
DA:13,0
DA:14,0
DA:17,0
DA:18,0
DA:33,0
DA:40,0
DA:44,0
DA:59,0
DA:63,0
DA:64,0
DA:94,0
DA:95,0
DA:96,0
DA:100,0
DA:101,0
DA:104,0
DA:105,0
DA:108,0
DA:114,0
DA:115,0
DA:117,0
DA:118,0
DA:122,0
DA:123,0
DA:126,0
DA:128,0
DA:130,0
DA:131,0
DA:132,0
DA:135,0
DA:136,0
DA:137,0
DA:140,0
DA:145,0
DA:149,0
DA:152,0
DA:155,0
DA:156,0
DA:159,0
DA:160,0
DA:162,0
DA:163,0
DA:165,0
DA:166,0
DA:172,0
DA:176,0
DA:177,0
DA:183,0
DA:184,0
DA:187,0
DA:188,0
DA:189,0
DA:191,0
DA:192,0
DA:195,0
DA:196,0
DA:197,0
DA:198,0
DA:200,0
DA:201,0
DA:208,0
DA:209,0
DA:215,0
DA:216,0
DA:222,0
DA:223,0
DA:225,0
DA:226,0
DA:227,0
LF:77
LH:0
BRDA:40,0,0,0
BRDA:40,0,1,0
BRDA:45,1,0,0
BRDA:45,1,1,0
BRDA:45,1,2,0
BRDA:45,1,3,0
BRDA:45,1,4,0
BRDA:45,1,5,0
BRDA:45,1,6,0
BRDA:45,1,7,0
BRDA:45,1,8,0
BRDA:45,1,9,0
BRDA:58,2,0,0
BRDA:59,3,0,0
BRDA:59,3,1,0
BRDA:95,4,0,0
BRDA:101,5,0,0
BRDA:101,5,1,0
BRDA:122,6,0,0
BRDA:130,7,0,0
BRDA:130,8,0,0
BRDA:130,8,1,0
BRDA:130,8,2,0
BRDA:135,9,0,0
BRDA:140,10,0,0
BRDA:140,10,1,0
BRDA:155,11,0,0
BRDA:162,12,0,0
BRDA:162,12,1,0
BRDA:166,13,0,0
BRDA:166,13,1,0
BRDA:183,14,0,0
BRDA:191,15,0,0
BRDA:196,16,0,0
BRDA:200,17,0,0
BRDA:200,17,1,0
BRDA:208,18,0,0
BRDA:215,19,0,0
BRDA:226,20,0,0
BRDA:226,20,1,0
BRF:40
BRH:0
end_of_record
TN:
SF:app/api/stories/route.ts
FN:11,POST
FN:33,GET
FNF:2
FNH:0
FNDA:0,POST
FNDA:0,GET
DA:1,0
DA:3,0
DA:4,0
DA:6,0
DA:9,0
DA:11,0
DA:12,0
DA:13,0
DA:16,0
DA:17,0
DA:18,0
DA:23,0
DA:25,0
DA:26,0
DA:33,0
DA:35,0
LF:16
LH:0
BRF:0
BRH:0
end_of_record
TN:
SF:app/api/submit/route.ts
FN:50,verifyRecaptcha
FN:63,validateStory
FN:105,validateImage
FN:119,validateImageDimensions
FN:146,POST
FN:166,(anonymous_7)
FNF:6
FNH:0
FNDA:0,verifyRecaptcha
FNDA:0,validateStory
FNDA:0,validateImage
FNDA:0,validateImageDimensions
FNDA:0,POST
FNDA:0,(anonymous_7)
DA:1,0
DA:2,0
DA:3,0
DA:4,0
DA:5,0
DA:38,0
DA:39,0
DA:40,0
DA:41,0
DA:43,0
DA:45,0
DA:46,0
DA:47,0
DA:48,0
DA:51,0
DA:59,0
DA:60,0
DA:64,0
DA:67,0
DA:68,0
DA:71,0
DA:72,0
DA:75,0
DA:76,0
DA:79,0
DA:80,0
DA:83,0
DA:84,0
DA:85,0
DA:86,0
DA:87,0
DA:88,0
DA:92,0
DA:93,0
DA:94,0
DA:95,0
DA:96,0
DA:102,0
DA:106,0
DA:108,0
DA:109,0
DA:112,0
DA:113,0
DA:116,0
DA:120,0
DA:121,0
DA:122,0
DA:124,0
DA:125,0
DA:126,0
DA:132,0
DA:133,0
DA:135,0
DA:136,0
DA:143,0
DA:146,0
DA:147,0
DA:148,0
DA:151,0
DA:152,0
DA:153,0
DA:160,0
DA:161,0
DA:162,0
DA:163,0
DA:164,0
DA:165,0
DA:166,0
DA:167,0
DA:168,0
DA:171,0
DA:177,0
DA:193,0
DA:194,0
DA:195,0
DA:202,0
DA:203,0
DA:205,0
DA:207,0
DA:208,0
DA:215,0
DA:216,0
DA:219,0
DA:221,0
DA:222,0
DA:223,0
DA:230,0
DA:231,0
DA:232,0
DA:238,0
DA:239,0
DA:240,0
DA:241,0
DA:244,0
DA:245,0
DA:248,0
DA:251,0
DA:262,0
DA:263,0
DA:267,0
DA:268,0
DA:270,0
DA:271,0
DA:273,0
DA:280,0
DA:283,0
DA:284,0
DA:285,0
DA:290,0
DA:291,0
DA:298,0
LF:111
LH:0
BRDA:67,0,0,0
BRDA:71,1,0,0
BRDA:75,2,0,0
BRDA:79,3,0,0
BRDA:83,4,0,0
BRDA:83,4,1,0
BRDA:85,5,0,0
BRDA:85,5,1,0
BRDA:87,6,0,0
BRDA:92,7,0,0
BRDA:108,8,0,0
BRDA:112,9,0,0
BRDA:124,10,0,0
BRDA:124,11,0,0
BRDA:124,11,1,0
BRDA:125,12,0,0
BRDA:125,13,0,0
BRDA:125,13,1,0
BRDA:135,14,0,0
BRDA:152,15,0,0
BRDA:152,16,0,0
BRDA:152,16,1,0
BRDA:194,17,0,0
BRDA:205,18,0,0
BRDA:207,19,0,0
BRDA:222,20,0,0
BRDA:231,21,0,0
BRDA:283,22,0,0
BRDA:284,23,0,0
BRDA:290,24,0,0
BRF:30
BRH:0
end_of_record
TN:
SF:app/api/test-auth/route.ts
FN:3,GET
FNF:1
FNH:0
FNDA:0,GET
DA:1,0
DA:3,0
DA:4,0
LF:3
LH:0
BRF:0
BRH:0
end_of_record
TN:
SF:app/api/unsplash/search/route.ts
FN:5,GET
FNF:1
FNH:0
FNDA:0,GET
DA:1,0
DA:3,0
DA:5,0
DA:6,0
DA:7,0
DA:9,0
DA:10,0
DA:16,0
DA:17,0
DA:23,0
DA:24,0
DA:33,0
DA:34,0
DA:37,0
DA:38,0
DA:40,0
DA:41,0
LF:17
LH:0
BRDA:9,0,0,0
BRDA:16,1,0,0
BRDA:33,2,0,0
BRF:3
BRH:0
end_of_record
TN:
SF:app/api/unzip/route.ts
FN:9,POST
FN:49,(anonymous_3)
FNF:2
FNH:0
FNDA:0,POST
FNDA:0,(anonymous_3)
DA:1,0
DA:2,0
DA:3,0
DA:4,0
DA:5,0
DA:7,0
DA:9,0
DA:10,0
DA:11,0
DA:12,0
DA:14,0
DA:15,0
DA:22,0
DA:23,0
DA:30,0
DA:31,0
DA:34,0
DA:35,0
DA:39,0
DA:40,0
DA:41,0
DA:42,0
DA:45,0
DA:46,0
DA:49,0
DA:57,0
DA:64,0
DA:65,0
LF:28
LH:0
BRDA:14,0,0,0
BRDA:22,1,0,0
BRDA:34,2,0,0
BRF:3
BRH:0
end_of_record
TN:
SF:app/api/upload/route.ts
FN:31,sanitizeFilename
FN:39,optimizeImage
FN:57,POST
FNF:3
FNH:0
FNDA:0,sanitizeFilename
FNDA:0,optimizeImage
FNDA:0,POST
DA:1,0
DA:2,0
DA:3,0
DA:4,0
DA:5,0
DA:8,0
DA:11,0
DA:12,0
DA:20,0
DA:21,0
DA:24,0
DA:32,0
DA:40,0
DA:41,0
DA:44,0
DA:45,0
DA:52,0
DA:57,0
DA:58,0
DA:60,0
DA:61,0
DA:63,0
DA:64,0
DA:66,0
DA:67,0
DA:73,0
DA:74,0
DA:77,0
DA:78,0
DA:80,0
DA:81,0
DA:88,0
DA:90,0
DA:91,0
DA:98,0
DA:99,0
DA:106,0
DA:107,0
DA:108,0
DA:109,0
DA:110,0
DA:113,0
DA:114,0
DA:115,0
DA:117,0
DA:123,0
DA:124,0
DA:131,0
DA:136,0
DA:137,0
LF:50
LH:0
BRDA:44,0,0,0
BRDA:44,1,0,0
BRDA:44,1,1,0
BRDA:60,2,0,0
BRDA:60,2,1,0
BRDA:66,3,0,0
BRDA:66,4,0,0
BRDA:66,4,1,0
BRDA:90,5,0,0
BRDA:98,6,0,0
BRF:10
BRH:0
end_of_record
TN:
SF:app/api/verify-recaptcha/route.ts
FN:7,POST
FNF:1
FNH:0
FNDA:0,POST
DA:1,0
DA:2,0
DA:4,0
DA:5,0
DA:7,0
DA:8,0
DA:9,0
DA:11,0
DA:12,0
DA:13,0
DA:19,0
DA:21,0
DA:27,0
DA:29,0
DA:30,0
DA:31,0
DA:37,0
DA:39,0
DA:40,0
DA:43,0
DA:49,0
DA:54,0
DA:61,0
DA:62,0
LF:24
LH:0
BRDA:11,0,0,0
BRDA:29,1,0,0
BRDA:39,2,0,0
BRF:3
BRH:0
end_of_record
TN:
SF:app/api/version/route.ts
FN:8,GET
FNF:1
FNH:0
FNDA:0,GET
DA:1,0
DA:4,0
DA:5,0
DA:6,0
DA:8,0
DA:9,0
LF:6
LH:0
BRDA:4,0,0,0
BRDA:4,0,1,0
BRDA:5,1,0,0
BRDA:5,1,1,0
BRDA:6,2,0,0
BRDA:6,2,1,0
BRDA:10,3,0,0
BRDA:10,3,1,0
BRDA:15,4,0,0
BRDA:15,4,1,0
BRF:10
BRH:0
end_of_record
TN:
SF:app/articles/[slug]/metadata.ts
FN:5,getArticle
FN:10,(anonymous_3)
FN:17,generateMetadata
FNF:3
FNH:0
FNDA:0,getArticle
FNDA:0,(anonymous_3)
FNDA:0,generateMetadata
DA:2,0
DA:3,0
DA:6,0
DA:7,0
DA:8,0
DA:9,0
DA:10,0
DA:12,0
DA:13,0
DA:17,0
DA:18,0
DA:20,0
DA:21,0
DA:27,0
LF:14
LH:0
BRDA:20,0,0,0
BRF:1
BRH:0
end_of_record
TN:
SF:app/articles/[slug]/page.tsx
FN:36,generateStaticParams
FN:37,(anonymous_8)
FN:44,generateMetadata
FN:45,(anonymous_10)
FN:68,ArticlePage
FN:69,(anonymous_12)
FNF:6
FNH:0
FNDA:0,generateStaticParams
FNDA:0,(anonymous_8)
FNDA:0,generateMetadata
FNDA:0,(anonymous_10)
FNDA:0,ArticlePage
FNDA:0,(anonymous_12)
DA:1,0
DA:2,0
DA:5,0
DA:6,0
DA:8,0
DA:9,0
DA:36,0
DA:37,0
DA:40,0
DA:41,0
DA:44,0
DA:45,0
DA:47,0
DA:48,0
DA:53,0
DA:68,0
DA:69,0
DA:71,0
DA:72,0
DA:75,0
DA:79,0
DA:80,0
LF:22
LH:0
BRDA:47,0,0,0
BRDA:54,1,0,0
BRDA:54,1,1,0
BRDA:55,2,0,0
BRDA:55,2,1,0
BRDA:58,3,0,0
BRDA:58,3,1,0
BRDA:59,4,0,0
BRDA:59,4,1,0
BRDA:61,5,0,0
BRDA:61,5,1,0
BRDA:62,6,0,0
BRDA:62,6,1,0
BRDA:63,7,0,0
BRDA:63,7,1,0
BRDA:71,8,0,0
BRDA:76,9,0,0
BRDA:76,9,1,0
BRDA:76,9,2,0
BRDA:76,9,3,0
BRDA:79,10,0,0
BRDA:79,10,1,0
BRDA:79,10,2,0
BRDA:80,11,0,0
BRDA:80,11,1,0
BRDA:93,12,0,0
BRF:26
BRH:0
end_of_record
TN:
SF:app/categories/[category]/page.tsx
FN:14,CategoryPage
FNF:1
FNH:0
FNDA:0,CategoryPage
DA:1,0
DA:2,0
DA:14,0
DA:15,0
DA:16,0
DA:17,0
LF:6
LH:0
BRDA:15,0,0,0
BRDA:15,0,1,0
BRF:2
BRH:0
end_of_record
TN:
SF:app/category/[type]/page.tsx
FN:11,CategoryPage
FN:26,(anonymous_3)
FNF:2
FNH:0
FNDA:0,CategoryPage
FNDA:0,(anonymous_3)
DA:1,0
DA:2,0
DA:3,0
DA:11,0
DA:12,0
DA:14,0
DA:15,0
DA:27,0
LF:8
LH:0
BRDA:14,0,0,0
BRF:1
BRH:0
end_of_record
TN:
SF:app/components/ActiveFilters.tsx
FN:16,ActiveFilters
FN:28,(anonymous_2)
FN:34,(anonymous_3)
FN:38,(anonymous_4)
FN:59,(anonymous_5)
FN:72,(anonymous_6)
FN:85,(anonymous_7)
FN:98,(anonymous_8)
FN:119,(anonymous_9)
FN:127,(anonymous_10)
FN:145,(anonymous_11)
FNF:11
FNH:0
FNDA:0,ActiveFilters
FNDA:0,(anonymous_2)
FNDA:0,(anonymous_3)
FNDA:0,(anonymous_4)
FNDA:0,(anonymous_5)
FNDA:0,(anonymous_6)
FNDA:0,(anonymous_7)
FNDA:0,(anonymous_8)
FNDA:0,(anonymous_9)
FNDA:0,(anonymous_10)
FNDA:0,(anonymous_11)
DA:3,0
DA:4,0
DA:5,0
DA:16,0
DA:23,0
DA:24,0
DA:25,0
DA:26,0
DA:28,0
DA:29,0
DA:30,0
DA:31,0
DA:34,0
DA:35,0
DA:36,0
DA:37,0
DA:38,0
DA:40,0
DA:44,0
DA:46,0
DA:47,0
DA:59,0
DA:72,0
DA:85,0
DA:98,0
DA:119,0
DA:127,0
DA:145,0
LF:28
LH:0
BRDA:44,0,0,0
BRDA:44,0,1,0
BRDA:44,0,2,0
BRDA:44,0,3,0
BRDA:46,1,0,0
BRDA:55,2,0,0
BRDA:68,3,0,0
BRDA:81,4,0,0
BRDA:94,5,0,0
BRDA:115,6,0,0
BRDA:115,6,1,0
BRDA:136,7,0,0
BRF:12
BRH:0
end_of_record
TN:
SF:app/components/ArticleImage.tsx
FN:10,ArticleImage
FN:19,(anonymous_3)
FNF:2
FNH:0
FNDA:0,ArticleImage
FNDA:0,(anonymous_3)
DA:3,0
DA:10,0
DA:20,0
DA:21,0
LF:4
LH:0
BRF:0
BRH:0
end_of_record
TN:
SF:app/components/BackButton.tsx
FN:11,BackButton
FN:14,(anonymous_3)
FNF:2
FNH:0
FNDA:0,BackButton
FNDA:0,(anonymous_3)
DA:3,0
DA:4,0
DA:11,0
DA:12,0
DA:14,0
DA:15,0
DA:16,0
DA:17,0
LF:8
LH:0
BRDA:11,0,0,0
BRDA:15,1,0,0
BRDA:23,2,0,0
BRDA:23,2,1,0
BRF:4
BRH:0
end_of_record
TN:
SF:app/components/BackToTop.tsx
FN:5,BackToTop
FN:8,(anonymous_2)
FN:9,(anonymous_3)
FN:15,(anonymous_4)
FN:18,(anonymous_5)
FNF:5
FNH:0
FNDA:0,BackToTop
FNDA:0,(anonymous_2)
FNDA:0,(anonymous_3)
FNDA:0,(anonymous_4)
FNDA:0,(anonymous_5)
DA:3,0
DA:5,0
DA:6,0
DA:8,0
DA:9,0
DA:10,0
DA:11,0
DA:14,0
DA:15,0
DA:18,0
DA:19,0
LF:11
LH:0
BRDA:29,0,0,0
BRDA:29,0,1,0
BRF:2
BRH:0
end_of_record
TN:
SF:app/components/ClientPageLayout.tsx
FN:14,ClientPageLayout
FNF:1
FNH:0
FNDA:0,ClientPageLayout
DA:4,0
DA:5,0
DA:14,0
DA:20,0
LF:4
LH:0
BRDA:18,0,0,0
BRDA:20,1,0,0
BRDA:20,1,1,0
BRF:3
BRH:0
end_of_record
TN:
SF:app/components/ContactForm.tsx
FN:13,ContactForm
FN:25,(anonymous_2)
FN:34,(anonymous_3)
FN:59,(anonymous_4)
FN:87,(anonymous_5)
FN:89,(anonymous_6)
FNF:6
FNH:0
FNDA:0,ContactForm
FNDA:0,(anonymous_2)
FNDA:0,(anonymous_3)
FNDA:0,(anonymous_4)
FNDA:0,(anonymous_5)
FNDA:0,(anonymous_6)
DA:3,0
DA:4,0
DA:13,0
DA:14,0
DA:20,0
DA:21,0
DA:22,0
DA:25,0
DA:26,0
DA:27,0
DA:28,0
DA:30,0
DA:34,0
DA:35,0
DA:37,0
DA:38,0
DA:39,0
DA:40,0
DA:41,0
DA:44,0
DA:45,0
DA:46,0
DA:48,0
DA:50,0
DA:51,0
DA:53,0
DA:54,0
DA:55,0
DA:59,0
DA:61,0
DA:63,0
DA:71,0
DA:72,0
DA:74,0
DA:75,0
DA:78,0
DA:79,0
DA:81,0
DA:82,0
DA:83,0
DA:87,0
DA:88,0
DA:89,0
LF:43
LH:0
BRDA:26,0,0,0
BRDA:26,0,1,0
BRDA:37,1,0,0
BRDA:53,2,0,0
BRDA:74,3,0,0
BRDA:75,4,0,0
BRDA:75,4,1,0
BRDA:83,5,0,0
BRDA:83,5,1,0
BRDA:96,6,0,0
BRDA:103,7,0,0
BRDA:166,8,0,0
BRDA:166,8,1,0
BRDA:168,9,0,0
BRDA:168,9,1,0
BRDA:168,10,0,0
BRDA:168,10,1,0
BRDA:171,11,0,0
BRDA:171,11,1,0
BRF:19
BRH:0
end_of_record
TN:
SF:app/components/ContentCard.tsx
FN:13,ContentCard
FNF:1
FNH:0
FNDA:0,ContentCard
DA:4,0
DA:13,0
LF:2
LH:0
BRDA:18,0,0,0
BRF:1
BRH:0
end_of_record
TN:
SF:app/components/ContentGrid.tsx
FN:11,ContentGrid
FN:30,(anonymous_3)
FN:85,(anonymous_4)
FN:100,(anonymous_5)
FN:113,(anonymous_6)
FNF:5
FNH:0
FNDA:0,ContentGrid
FNDA:0,(anonymous_3)
FNDA:0,(anonymous_4)
FNDA:0,(anonymous_5)
FNDA:0,(anonymous_6)
DA:3,0
DA:4,0
DA:11,0
DA:12,0
DA:31,0
DA:32,0
DA:58,0
DA:86,0
DA:87,0
DA:88,0
DA:100,0
DA:113,0
LF:12
LH:0
BRDA:11,0,0,0
BRDA:12,1,0,0
BRDA:12,2,0,0
BRDA:12,2,1,0
BRDA:92,3,0,0
BRF:5
BRH:0
end_of_record
TN:
SF:app/components/ContentRewriter.tsx
FN:11,ContentRewriter
FN:19,(anonymous_2)
FN:68,(anonymous_3)
FN:80,(anonymous_4)
FN:119,(anonymous_5)
FNF:5
FNH:0
FNDA:0,ContentRewriter
FNDA:0,(anonymous_2)
FNDA:0,(anonymous_3)
FNDA:0,(anonymous_4)
FNDA:0,(anonymous_5)
DA:3,0
DA:11,0
DA:12,0
DA:13,0
DA:14,0
DA:15,0
DA:16,0
DA:17,0
DA:19,0
DA:20,0
DA:21,0
DA:22,0
DA:25,0
DA:26,0
DA:27,0
DA:28,0
DA:30,0
DA:31,0
DA:42,0
DA:43,0
DA:44,0
DA:47,0
DA:48,0
DA:49,0
DA:50,0
DA:52,0
DA:53,0
DA:55,0
DA:68,0
DA:80,0
DA:120,0
LF:31
LH:0
BRDA:20,0,0,0
BRDA:20,1,0,0
BRDA:20,1,1,0
BRDA:42,2,0,0
BRDA:44,3,0,0
BRDA:44,3,1,0
BRDA:53,4,0,0
BRDA:53,4,1,0
BRDA:86,5,0,0
BRDA:92,6,0,0
BRDA:92,6,1,0
BRDA:132,7,0,0
BRDA:132,7,1,0
BRDA:132,7,2,0
BRDA:135,8,0,0
BRDA:135,8,1,0
BRF:16
BRH:0
end_of_record
TN:
SF:app/components/Deals.tsx
FN:33,(anonymous_2)
FN:39,(anonymous_3)
FNF:2
FNH:0
FNDA:0,(anonymous_2)
FNDA:0,(anonymous_3)
DA:1,0
DA:2,0
DA:4,0
DA:33,0
DA:40,0
DA:41,0
DA:91,0
LF:7
LH:0
BRDA:63,0,0,0
BRF:1
BRH:0
end_of_record
TN:
SF:app/components/ErrorBoundary.tsx
FN:16,(anonymous_2)
FN:21,(anonymous_3)
FN:25,(anonymous_4)
FN:30,(anonymous_5)
FN:44,(anonymous_6)
FNF:5
FNH:4
FNDA:4,(anonymous_2)
FNDA:2,(anonymous_3)
FNDA:1,(anonymous_4)
FNDA:5,(anonymous_5)
FNDA:0,(anonymous_6)
DA:3,1
DA:15,2
DA:17,4
DA:18,3
DA:22,2
DA:27,1
DA:31,5
DA:45,0
DA:46,0
DA:59,3
LF:10
LH:8
BRDA:31,0,0,2
BRDA:40,1,0,2
BRDA:40,1,1,0
BRF:3
BRH:2
end_of_record
TN:
SF:app/components/FeaturedArticle.tsx
FN:22,FeaturedArticle
FNF:1
FNH:0
FNDA:0,FeaturedArticle
DA:3,0
DA:4,0
DA:22,0
DA:32,0
LF:4
LH:0
BRDA:45,0,0,0
BRDA:52,1,0,0
BRF:2
BRH:0
end_of_record
TN:
SF:app/components/FilterSidebar.tsx
FN:17,FilterSidebar
FN:30,(anonymous_2)
FN:31,(anonymous_3)
FN:41,(anonymous_4)
FN:46,(anonymous_5)
FN:49,(anonymous_6)
FN:62,(anonymous_7)
FN:72,(anonymous_8)
FN:95,(anonymous_9)
FN:108,(anonymous_10)
FN:111,(anonymous_11)
FN:126,(anonymous_12)
FN:129,(anonymous_13)
FN:144,(anonymous_14)
FN:147,(anonymous_15)
FN:158,(anonymous_16)
FNF:16
FNH:0
FNDA:0,FilterSidebar
FNDA:0,(anonymous_2)
FNDA:0,(anonymous_3)
FNDA:0,(anonymous_4)
FNDA:0,(anonymous_5)
FNDA:0,(anonymous_6)
FNDA:0,(anonymous_7)
FNDA:0,(anonymous_8)
FNDA:0,(anonymous_9)
FNDA:0,(anonymous_10)
FNDA:0,(anonymous_11)
FNDA:0,(anonymous_12)
FNDA:0,(anonymous_13)
FNDA:0,(anonymous_14)
FNDA:0,(anonymous_15)
FNDA:0,(anonymous_16)
DA:3,0
DA:4,0
DA:5,0
DA:17,0
DA:25,0
DA:26,0
DA:27,0
DA:30,0
DA:31,0
DA:32,0
DA:33,0
DA:35,0
DA:40,0
DA:41,0
DA:45,0
DA:46,0
DA:49,0
DA:50,0
DA:53,0
DA:54,0
DA:56,0
DA:59,0
DA:62,0
DA:63,0
DA:64,0
DA:65,0
DA:72,0
DA:96,0
DA:109,0
DA:111,0
DA:127,0
DA:129,0
DA:145,0
DA:147,0
DA:159,0
DA:160,0
LF:36
LH:0
BRDA:32,0,0,0
BRDA:32,0,1,0
BRDA:53,1,0,0
BRDA:53,1,1,0
BRDA:77,2,0,0
BRDA:86,3,0,0
BRDA:86,3,1,0
BRDA:111,4,0,0
BRDA:111,4,1,0
BRDA:113,5,0,0
BRDA:113,5,1,0
BRDA:129,6,0,0
BRDA:129,6,1,0
BRDA:131,7,0,0
BRDA:131,7,1,0
BRDA:147,8,0,0
BRDA:147,8,1,0
BRDA:149,9,0,0
BRDA:149,9,1,0
BRDA:155,10,0,0
BRF:20
BRH:0
end_of_record
TN:
SF:app/components/Footer.tsx
FN:7,(anonymous_2)
FN:47,(anonymous_3)
FN:62,(anonymous_4)
FNF:3
FNH:0
FNDA:0,(anonymous_2)
FNDA:0,(anonymous_3)
FNDA:0,(anonymous_4)
DA:3,0
DA:4,0
DA:5,0
DA:7,0
DA:8,0
DA:15,0
DA:48,0
DA:63,0
DA:64,0
DA:88,0
LF:10
LH:0
BRF:0
BRH:0
end_of_record
TN:
SF:app/components/GoogleAnalytics.tsx
FN:12,GoogleAnalytics
FNF:1
FNH:0
FNDA:0,GoogleAnalytics
DA:3,0
DA:12,0
DA:13,0
DA:14,0
LF:4
LH:0
BRDA:13,0,0,0
BRF:1
BRH:0
end_of_record
TN:
SF:app/components/Header.tsx
FN:3,(anonymous_2)
FN:22,(anonymous_3)
FNF:2
FNH:0
FNDA:0,(anonymous_2)
FNDA:0,(anonymous_3)
DA:1,0
DA:3,0
DA:4,0
DA:23,0
DA:59,0
LF:5
LH:0
BRF:0
BRH:0
end_of_record
TN:
SF:app/components/Hero.tsx
FN:12,Hero
FN:53,(anonymous_3)
FN:66,(anonymous_4)
FNF:3
FNH:0
FNDA:0,Hero
FNDA:0,(anonymous_3)
FNDA:0,(anonymous_4)
DA:3,0
DA:4,0
DA:12,0
DA:17,0
DA:18,0
DA:19,0
DA:53,0
DA:66,0
LF:8
LH:0
BRDA:15,0,0,0
BRDA:17,1,0,0
BRDA:17,1,1,0
BRDA:18,2,0,0
BRDA:18,2,1,0
BRDA:19,3,0,0
BRDA:19,3,1,0
BRDA:39,4,0,0
BRF:8
BRH:0
end_of_record
TN:
SF:app/components/HeroImage.tsx
FN:14,HeroImage
FNF:1
FNH:0
FNDA:0,HeroImage
DA:3,0
DA:4,0
DA:5,0
DA:14,0
DA:20,0
DA:22,0
DA:23,0
DA:24,0
LF:8
LH:0
BRDA:16,0,0,0
BRDA:17,1,0,0
BRDA:18,2,0,0
BRDA:22,3,0,0
BRDA:35,4,0,0
BRDA:35,4,1,0
BRDA:40,5,0,0
BRF:7
BRH:0
end_of_record
TN:
SF:app/components/ImageSearchModal.tsx
FN:12,ImageSearchModal
FN:17,(anonymous_3)
FN:52,(anonymous_4)
FN:53,(anonymous_5)
FN:58,(anonymous_6)
FN:67,(anonymous_7)
FN:71,(anonymous_8)
FNF:7
FNH:1
FNDA:19,ImageSearchModal
FNDA:0,(anonymous_3)
FNDA:0,(anonymous_4)
FNDA:0,(anonymous_5)
FNDA:0,(anonymous_6)
FNDA:0,(anonymous_7)
FNDA:0,(anonymous_8)
DA:3,1
DA:4,1
DA:12,19
DA:13,19
DA:14,19
DA:15,19
DA:17,19
DA:18,0
DA:20,0
DA:21,0
DA:22,0
DA:23,0
DA:24,0
DA:25,0
DA:27,0
DA:29,0
DA:33,19
DA:52,0
DA:53,0
DA:58,0
DA:68,0
DA:71,0
LF:22
LH:8
BRDA:18,0,0,0
BRDA:23,1,0,0
BRDA:25,2,0,0
BRDA:25,2,1,0
BRDA:33,3,0,19
BRDA:53,4,0,0
BRDA:53,4,1,0
BRDA:59,5,0,0
BRDA:59,5,1,0
BRDA:62,6,0,0
BRDA:62,6,1,0
BRDA:71,7,0,0
BRDA:71,7,1,0
BRDA:75,8,0,0
BRDA:75,8,1,0
BRF:15
BRH:1
end_of_record
TN:
SF:app/components/ImageUpload.tsx
FN:16,ImageUpload
FN:26,(anonymous_3)
FN:32,(anonymous_4)
FN:36,(anonymous_5)
FN:44,(anonymous_6)
FN:52,(anonymous_7)
FN:61,(anonymous_8)
FN:62,(anonymous_9)
FN:62,(anonymous_10)
FN:63,(anonymous_11)
FN:63,(anonymous_12)
FN:66,(anonymous_13)
FN:78,(anonymous_14)
FN:127,(anonymous_15)
FN:138,(anonymous_16)
FN:162,(anonymous_17)
FN:172,(anonymous_18)
FN:209,(anonymous_19)
FNF:18
FNH:0
FNDA:0,ImageUpload
FNDA:0,(anonymous_3)
FNDA:0,(anonymous_4)
FNDA:0,(anonymous_5)
FNDA:0,(anonymous_6)
FNDA:0,(anonymous_7)
FNDA:0,(anonymous_8)
FNDA:0,(anonymous_9)
FNDA:0,(anonymous_10)
FNDA:0,(anonymous_11)
FNDA:0,(anonymous_12)
FNDA:0,(anonymous_13)
FNDA:0,(anonymous_14)
FNDA:0,(anonymous_15)
FNDA:0,(anonymous_16)
FNDA:0,(anonymous_17)
FNDA:0,(anonymous_18)
FNDA:0,(anonymous_19)
DA:3,0
DA:4,0
DA:16,0
DA:17,0
DA:18,0
DA:19,0
DA:20,0
DA:21,0
DA:22,0
DA:23,0
DA:24,0
DA:26,0
DA:27,0
DA:28,0
DA:29,0
DA:32,0
DA:33,0
DA:36,0
DA:37,0
DA:38,0
DA:39,0
DA:40,0
DA:44,0
DA:45,0
DA:46,0
DA:47,0
DA:48,0
DA:52,0
DA:53,0
DA:54,0
DA:55,0
DA:56,0
DA:58,0
DA:61,0
DA:62,0
DA:63,0
DA:66,0
DA:67,0
DA:68,0
DA:69,0
DA:72,0
DA:73,0
DA:74,0
DA:76,0
DA:77,0
DA:78,0
DA:79,0
DA:82,0
DA:87,0
DA:89,0
DA:90,0
DA:93,0
DA:94,0
DA:95,0
DA:96,0
DA:97,0
DA:100,0
DA:102,0
DA:103,0
DA:127,0
DA:138,0
DA:163,0
DA:172,0
DA:210,0
LF:64
LH:0
BRDA:39,0,0,0
BRDA:47,1,0,0
BRDA:55,2,0,0
BRDA:67,3,0,0
BRDA:89,4,0,0
BRDA:90,5,0,0
BRDA:90,5,1,0
BRDA:96,6,0,0
BRDA:100,7,0,0
BRDA:100,7,1,0
BRDA:127,8,0,0
BRDA:127,8,1,0
BRDA:151,9,0,0
BRDA:158,10,0,0
BRDA:181,11,0,0
BRDA:198,12,0,0
BRDA:198,12,1,0
BRDA:201,13,0,0
BRDA:201,13,1,0
BRDA:205,14,0,0
BRF:20
BRH:0
end_of_record
TN:
SF:app/components/LatestNews.tsx
FN:27,LatestNews
FN:33,(anonymous_3)
FNF:2
FNH:0
FNDA:0,LatestNews
FNDA:0,(anonymous_3)
DA:3,0
DA:4,0
DA:27,0
DA:34,0
LF:4
LH:0
BRDA:37,0,0,0
BRDA:44,1,0,0
BRDA:80,2,0,0
BRDA:80,2,1,0
BRF:4
BRH:0
end_of_record
TN:
SF:app/components/LoginForm.tsx
FN:6,LoginForm
FN:13,(anonymous_2)
FN:63,(anonymous_3)
FN:79,(anonymous_4)
FNF:4
FNH:0
FNDA:0,LoginForm
FNDA:0,(anonymous_2)
FNDA:0,(anonymous_3)
FNDA:0,(anonymous_4)
DA:3,0
DA:4,0
DA:6,0
DA:7,0
DA:8,0
DA:9,0
DA:10,0
DA:11,0
DA:13,0
DA:14,0
DA:15,0
DA:16,0
DA:18,0
DA:19,0
DA:27,0
DA:29,0
DA:31,0
DA:34,0
DA:35,0
DA:37,0
DA:63,0
DA:79,0
LF:22
LH:0
BRDA:27,0,0,0
BRDA:27,0,1,0
BRDA:85,1,0,0
BRDA:94,2,0,0
BRDA:94,2,1,0
BRDA:99,3,0,0
BRDA:99,3,1,0
BRF:7
BRH:0
end_of_record
TN:
SF:app/components/MetaTags.tsx
FN:15,MetaTags
FN:56,(anonymous_3)
FNF:2
FNH:0
FNDA:0,MetaTags
FNDA:0,(anonymous_3)
DA:1,0
DA:2,0
DA:15,0
DA:25,0
DA:26,0
DA:27,0
DA:28,0
DA:57,0
LF:8
LH:0
BRDA:20,0,0,0
BRDA:23,1,0,0
BRDA:25,2,0,0
BRDA:25,2,1,0
BRDA:26,3,0,0
BRDA:26,3,1,0
BRDA:27,4,0,0
BRDA:27,4,1,0
BRDA:28,5,0,0
BRDA:28,5,1,0
BRDA:52,6,0,0
BRF:11
BRH:0
end_of_record
TN:
SF:app/components/Navigation.tsx
FN:57,(anonymous_2)
FN:100,(anonymous_3)
FN:115,(anonymous_4)
FN:135,(anonymous_5)
FN:174,(anonymous_6)
FN:179,(anonymous_7)
FN:189,(anonymous_8)
FN:198,(anonymous_9)
FN:205,(anonymous_10)
FN:214,(anonymous_11)
FNF:10
FNH:0
FNDA:0,(anonymous_2)
FNDA:0,(anonymous_3)
FNDA:0,(anonymous_4)
FNDA:0,(anonymous_5)
FNDA:0,(anonymous_6)
FNDA:0,(anonymous_7)
FNDA:0,(anonymous_8)
FNDA:0,(anonymous_9)
FNDA:0,(anonymous_10)
FNDA:0,(anonymous_11)
DA:3,0
DA:4,0
DA:5,0
DA:6,0
DA:8,0
DA:19,0
DA:57,0
DA:58,0
DA:59,0
DA:60,0
DA:61,0
DA:63,0
DA:74,0
DA:101,0
DA:116,0
DA:135,0
DA:174,0
DA:179,0
DA:190,0
DA:198,0
DA:206,0
DA:214,0
DA:230,0
LF:23
LH:0
BRDA:105,0,0,0
BRDA:105,0,1,0
BRDA:109,1,0,0
BRDA:109,1,1,0
BRDA:120,2,0,0
BRDA:120,2,1,0
BRDA:124,3,0,0
BRDA:124,3,1,0
BRDA:149,4,0,0
BRDA:171,5,0,0
BRDA:171,5,1,0
BRDA:194,6,0,0
BRDA:194,6,1,0
BRDA:199,7,0,0
BRDA:199,7,1,0
BRDA:210,8,0,0
BRDA:210,8,1,0
BRDA:215,9,0,0
BRDA:215,9,1,0
BRF:19
BRH:0
end_of_record
TN:
SF:app/components/Newsletter.tsx
FN:10,NewsletterForm
FN:17,(anonymous_2)
FN:25,(anonymous_3)
FN:30,(anonymous_4)
FN:62,(anonymous_5)
FN:78,(anonymous_6)
FN:127,(anonymous_7)
FN:156,Newsletter
FNF:8
FNH:0
FNDA:0,NewsletterForm
FNDA:0,(anonymous_2)
FNDA:0,(anonymous_3)
FNDA:0,(anonymous_4)
FNDA:0,(anonymous_5)
FNDA:0,(anonymous_6)
FNDA:0,(anonymous_7)
FNDA:0,Newsletter
DA:3,0
DA:4,0
DA:5,0
DA:6,0
DA:11,0
DA:12,0
DA:13,0
DA:14,0
DA:17,0
DA:18,0
DA:19,0
DA:20,0
DA:21,0
DA:25,0
DA:26,0
DA:27,0
DA:30,0
DA:31,0
DA:34,0
DA:35,0
DA:37,0
DA:40,0
DA:41,0
DA:42,0
DA:43,0
DA:44,0
DA:48,0
DA:49,0
DA:50,0
DA:51,0
DA:52,0
DA:55,0
DA:57,0
DA:58,0
DA:61,0
DA:62,0
DA:64,0
DA:65,0
DA:66,0
DA:68,0
DA:69,0
DA:70,0
DA:78,0
DA:79,0
DA:81,0
DA:83,0
DA:85,0
DA:127,0
DA:156,0
LF:49
LH:0
BRDA:18,0,0,0
BRDA:40,1,0,0
BRDA:48,2,0,0
BRDA:71,3,0,0
BRDA:71,3,1,0
BRDA:71,4,0,0
BRDA:71,4,1,0
BRDA:79,5,0,0
BRDA:79,5,1,0
BRDA:79,5,2,0
BRDA:103,6,0,0
BRDA:131,7,0,0
BRDA:131,7,1,0
BRDA:131,8,0,0
BRDA:131,8,1,0
BRDA:132,9,0,0
BRDA:132,9,1,0
BRDA:138,10,0,0
BRDA:138,10,1,0
BRDA:146,11,0,0
BRDA:146,11,1,0
BRDA:159,12,0,0
BRDA:159,12,1,0
BRF:23
BRH:0
end_of_record
TN:
SF:app/components/PageLayout.tsx
FN:18,PageLayout
FNF:1
FNH:0
FNDA:0,PageLayout
DA:2,0
DA:3,0
DA:18,0
DA:29,0
DA:30,0
DA:31,0
DA:32,0
DA:33,0
LF:8
LH:0
BRDA:22,0,0,0
BRDA:26,1,0,0
BRDA:27,2,0,0
BRDA:29,3,0,0
BRDA:29,3,1,0
BRDA:32,4,0,0
BRDA:32,4,1,0
BRDA:33,5,0,0
BRDA:33,5,1,0
BRDA:37,6,0,0
BRF:10
BRH:0
end_of_record
TN:
SF:app/components/Pagination.tsx
FN:12,Pagination
FN:17,(anonymous_3)
FN:38,(anonymous_4)
FN:38,(anonymous_5)
FNF:4
FNH:0
FNDA:0,Pagination
FNDA:0,(anonymous_3)
FNDA:0,(anonymous_4)
FNDA:0,(anonymous_5)
DA:3,0
DA:4,0
DA:12,0
DA:13,0
DA:14,0
DA:15,0
DA:17,0
DA:18,0
DA:19,0
DA:20,0
DA:21,0
DA:22,0
DA:25,0
DA:38,0
DA:39,0
LF:15
LH:0
BRDA:19,0,0,0
BRDA:20,1,0,0
BRDA:25,2,0,0
BRDA:29,3,0,0
BRDA:43,4,0,0
BRDA:43,4,1,0
BRDA:52,5,0,0
BRF:7
BRH:0
end_of_record
TN:
SF:app/components/ReCaptchaProvider.tsx
FN:5,ReCaptchaProvider
FNF:1
FNH:0
FNDA:0,ReCaptchaProvider
DA:3,0
DA:5,0
DA:6,0
DA:8,0
DA:9,0
LF:5
LH:0
BRDA:8,0,0,0
BRDA:14,1,0,0
BRDA:14,1,1,0
BRF:3
BRH:0
end_of_record
TN:
SF:app/components/ScrollProgress.tsx
FN:5,ScrollProgress
FN:8,(anonymous_2)
FN:9,(anonymous_3)
FN:18,(anonymous_4)
FNF:4
FNH:0
FNDA:0,ScrollProgress
FNDA:0,(anonymous_2)
FNDA:0,(anonymous_3)
FNDA:0,(anonymous_4)
DA:3,0
DA:5,0
DA:6,0
DA:8,0
DA:9,0
DA:10,0
DA:11,0
DA:12,0
DA:13,0
DA:14,0
DA:17,0
DA:18,0
LF:12
LH:0
BRF:0
BRH:0
end_of_record
TN:
SF:app/components/Search.tsx
FN:11,Search
FN:16,(anonymous_2)
FN:20,(anonymous_3)
FN:40,(anonymous_4)
FNF:4
FNH:0
FNDA:0,Search
FNDA:0,(anonymous_2)
FNDA:0,(anonymous_3)
FNDA:0,(anonymous_4)
DA:3,0
DA:4,0
DA:5,0
DA:11,0
DA:12,0
DA:13,0
DA:14,0
DA:16,0
DA:17,0
DA:20,0
DA:21,0
DA:22,0
DA:24,0
DA:25,0
DA:27,0
DA:30,0
DA:31,0
DA:40,0
LF:18
LH:0
BRDA:11,0,0,0
BRDA:24,1,0,0
BRDA:24,1,1,0
BRF:3
BRH:0
end_of_record
TN:
SF:app/components/SortDropdown.tsx
FN:10,SortDropdown
FN:14,(anonymous_2)
FN:29,(anonymous_3)
FNF:3
FNH:0
FNDA:0,SortDropdown
FNDA:0,(anonymous_2)
FNDA:0,(anonymous_3)
DA:3,0
DA:4,0
DA:10,0
DA:11,0
DA:12,0
DA:14,0
DA:15,0
DA:16,0
DA:18,0
DA:29,0
LF:10
LH:0
BRF:0
BRH:0
end_of_record
TN:
SF:app/components/StoryCard.tsx
FN:10,StoryCard
FN:24,(anonymous_3)
FN:58,(anonymous_4)
FNF:3
FNH:2
FNDA:3,StoryCard
FNDA:0,(anonymous_3)
FNDA:6,(anonymous_4)
DA:1,1
DA:2,1
DA:4,1
DA:10,3
DA:26,0
DA:27,0
DA:59,6
LF:7
LH:5
BRDA:15,0,0,2
BRDA:15,0,1,1
BRDA:23,1,0,2
BRDA:23,1,1,0
BRDA:31,2,0,1
BRDA:31,2,1,2
BRDA:34,3,0,3
BRDA:56,4,0,3
BRF:8
BRH:7
end_of_record
TN:
SF:app/components/StoryEditor.tsx
FN:13,StoryEditor
FN:33,(anonymous_3)
FN:45,(anonymous_4)
FN:59,(anonymous_5)
FN:91,(anonymous_6)
FN:116,(anonymous_7)
FN:130,(anonymous_8)
FN:133,(anonymous_9)
FN:149,(anonymous_10)
FN:163,(anonymous_11)
FN:182,(anonymous_12)
FN:198,(anonymous_13)
FN:215,(anonymous_14)
FN:217,(anonymous_15)
FN:240,(anonymous_16)
FN:265,(anonymous_17)
FN:281,(anonymous_18)
FN:292,(anonymous_19)
FN:309,(anonymous_20)
FNF:19
FNH:9
FNDA:19,StoryEditor
FNDA:8,(anonymous_3)
FNDA:2,(anonymous_4)
FNDA:0,(anonymous_5)
FNDA:0,(anonymous_6)
FNDA:1,(anonymous_7)
FNDA:1,(anonymous_8)
FNDA:95,(anonymous_9)
FNDA:1,(anonymous_10)
FNDA:1,(anonymous_11)
FNDA:0,(anonymous_12)
FNDA:0,(anonymous_13)
FNDA:0,(anonymous_14)
FNDA:0,(anonymous_15)
FNDA:0,(anonymous_16)
FNDA:0,(anonymous_17)
FNDA:3,(anonymous_18)
FNDA:0,(anonymous_19)
FNDA:0,(anonymous_20)
DA:3,1
DA:4,1
DA:6,1
DA:13,8
DA:14,19
DA:16,19
DA:33,19
DA:34,8
DA:35,8
DA:38,19
DA:39,19
DA:40,19
DA:41,19
DA:43,19
DA:45,19
DA:46,2
DA:47,2
DA:48,2
DA:49,2
DA:50,1
DA:52,1
DA:53,1
DA:55,2
DA:59,19
DA:60,0
DA:61,0
DA:63,0
DA:64,0
DA:65,0
DA:67,0
DA:72,0
DA:73,0
DA:76,0
DA:78,0
DA:86,0
DA:87,0
DA:91,19
DA:92,0
DA:99,0
DA:102,19
DA:116,1
DA:130,1
DA:134,95
DA:149,1
DA:163,1
DA:182,0
DA:198,0
DA:215,0
DA:217,0
DA:240,0
DA:265,0
DA:281,3
DA:292,0
DA:309,0
LF:54
LH:32
BRDA:17,0,0,19
BRDA:17,0,1,0
BRDA:18,1,0,19
BRDA:18,1,1,0
BRDA:19,2,0,19
BRDA:19,2,1,0
BRDA:20,3,0,19
BRDA:20,3,1,0
BRDA:21,4,0,19
BRDA:21,4,1,0
BRDA:22,5,0,19
BRDA:22,5,1,19
BRDA:23,6,0,19
BRDA:23,6,1,0
BRDA:24,7,0,19
BRDA:24,7,1,0
BRDA:25,8,0,19
BRDA:25,8,1,0
BRDA:26,9,0,19
BRDA:26,9,1,0
BRDA:61,10,0,0
BRDA:72,11,0,0
BRDA:162,12,0,19
BRDA:162,12,1,0
BRDA:181,13,0,19
BRDA:181,13,1,0
BRDA:184,14,0,0
BRDA:184,14,1,0
BRDA:197,15,0,19
BRDA:197,15,1,0
BRDA:200,16,0,0
BRDA:200,16,1,0
BRDA:214,17,0,19
BRDA:214,17,1,0
BRDA:217,18,0,0
BRDA:217,18,1,0
BRDA:232,19,0,19
BRDA:300,20,0,19
BRDA:300,20,1,7
BRDA:303,21,0,2
BRDA:303,21,1,17
BRF:41
BRH:20
end_of_record
TN:
SF:app/components/StoryForm.tsx
FN:52,StoryForm
FN:73,(anonymous_3)
FN:77,(anonymous_4)
FN:83,(anonymous_5)
FN:84,(anonymous_6)
FN:85,(anonymous_7)
FN:88,(anonymous_8)
FN:90,(anonymous_9)
FN:97,(anonymous_10)
FN:110,(anonymous_11)
FN:112,(anonymous_12)
FN:159,(anonymous_13)
FN:160,(anonymous_14)
FN:176,(anonymous_15)
FN:188,(anonymous_16)
FN:274,(anonymous_17)
FNF:16
FNH:0
FNDA:0,StoryForm
FNDA:0,(anonymous_3)
FNDA:0,(anonymous_4)
FNDA:0,(anonymous_5)
FNDA:0,(anonymous_6)
FNDA:0,(anonymous_7)
FNDA:0,(anonymous_8)
FNDA:0,(anonymous_9)
FNDA:0,(anonymous_10)
FNDA:0,(anonymous_11)
FNDA:0,(anonymous_12)
FNDA:0,(anonymous_13)
FNDA:0,(anonymous_14)
FNDA:0,(anonymous_15)
FNDA:0,(anonymous_16)
FNDA:0,(anonymous_17)
DA:3,0
DA:4,0
DA:5,0
DA:42,0
DA:52,0
DA:53,0
DA:54,0
DA:56,0
DA:69,0
DA:70,0
DA:71,0
DA:73,0
DA:76,0
DA:77,0
DA:83,0
DA:84,0
DA:85,0
DA:88,0
DA:89,0
DA:90,0
DA:97,0
DA:98,0
DA:99,0
DA:100,0
DA:101,0
DA:103,0
DA:104,0
DA:105,0
DA:106,0
DA:109,0
DA:110,0
DA:111,0
DA:112,0
DA:113,0
DA:114,0
DA:116,0
DA:120,0
DA:122,0
DA:127,0
DA:129,0
DA:130,0
DA:131,0
DA:134,0
DA:136,0
DA:149,0
DA:154,0
DA:155,0
DA:159,0
DA:160,0
DA:163,0
DA:176,0
DA:188,0
DA:275,0
LF:53
LH:0
BRDA:79,0,0,0
BRDA:79,0,1,0
BRDA:89,1,0,0
BRDA:105,2,0,0
BRDA:111,3,0,0
BRDA:111,3,1,0
BRDA:113,4,0,0
BRDA:113,4,1,0
BRDA:129,5,0,0
BRDA:130,6,0,0
BRDA:130,6,1,0
BRDA:151,7,0,0
BRDA:151,7,1,0
BRDA:163,8,0,0
BRDA:188,9,0,0
BRDA:207,10,0,0
BRDA:207,10,1,0
BRDA:211,11,0,0
BRDA:228,12,0,0
BRDA:228,12,1,0
BRDA:232,13,0,0
BRDA:249,14,0,0
BRDA:249,14,1,0
BRDA:253,15,0,0
BRDA:269,16,0,0
BRDA:269,16,1,0
BRDA:280,17,0,0
BRDA:297,18,0,0
BRDA:297,18,1,0
BRDA:301,19,0,0
BRDA:318,20,0,0
BRDA:318,20,1,0
BRDA:321,21,0,0
BRDA:344,22,0,0
BRDA:344,22,1,0
BRDA:347,23,0,0
BRDA:394,24,0,0
BRDA:394,24,1,0
BRF:38
BRH:0
end_of_record
TN:
SF:app/components/StoryList.tsx
FN:20,(anonymous_3)
FN:30,StoryList
FN:62,(anonymous_5)
FNF:3
FNH:0
FNDA:0,(anonymous_3)
FNDA:0,StoryList
FNDA:0,(anonymous_5)
DA:4,0
DA:5,0
DA:6,0
DA:7,0
DA:21,0
DA:30,0
DA:63,0
LF:7
LH:0
BRDA:36,0,0,0
BRDA:45,1,0,0
BRDA:54,2,0,0
BRF:3
BRH:0
end_of_record
TN:
SF:app/components/StoryRewriteForm.tsx
FN:5,StoryRewriteForm
FN:11,(anonymous_2)
FN:55,(anonymous_3)
FNF:3
FNH:0
FNDA:0,StoryRewriteForm
FNDA:0,(anonymous_2)
FNDA:0,(anonymous_3)
DA:3,0
DA:5,0
DA:6,0
DA:7,0
DA:8,0
DA:9,0
DA:11,0
DA:12,0
DA:13,0
DA:14,0
DA:16,0
DA:17,0
DA:25,0
DA:26,0
DA:29,0
DA:30,0
DA:32,0
DA:34,0
DA:55,0
LF:19
LH:0
BRDA:25,0,0,0
BRDA:66,1,0,0
BRDA:66,1,1,0
BRDA:69,2,0,0
BRDA:69,2,1,0
BRDA:73,3,0,0
BRDA:77,4,0,0
BRF:7
BRH:0
end_of_record
TN:
SF:app/components/ZipUploader.tsx
FN:18,ZipUploader
FN:23,(anonymous_2)
FN:91,(anonymous_3)
FNF:3
FNH:0
FNDA:0,ZipUploader
FNDA:0,(anonymous_2)
FNDA:0,(anonymous_3)
DA:3,0
DA:18,0
DA:19,0
DA:20,0
DA:21,0
DA:23,0
DA:24,0
DA:25,0
DA:27,0
DA:28,0
DA:29,0
DA:31,0
DA:32,0
DA:33,0
DA:35,0
DA:40,0
DA:42,0
DA:43,0
DA:46,0
DA:48,0
DA:50,0
DA:92,0
LF:22
LH:0
BRDA:25,0,0,0
BRDA:42,1,0,0
BRDA:43,2,0,0
BRDA:43,2,1,0
BRDA:48,3,0,0
BRDA:48,3,1,0
BRDA:78,4,0,0
BRDA:82,5,0,0
BRDA:86,6,0,0
BRDA:97,7,0,0
BRDA:97,7,1,0
BRF:11
BRH:0
end_of_record
TN:
SF:app/config/images.ts
FNF:0
FNH:0
DA:14,0
LF:1
LH:0
BRF:0
BRH:0
end_of_record
TN:
SF:app/config/site.ts
FNF:0
FNH:0
DA:1,0
LF:1
LH:0
BRF:0
BRH:0
end_of_record
TN:
SF:app/contact/page.tsx
FN:4,ContactPage
FNF:1
FNH:0
FNDA:0,ContactPage
DA:1,0
DA:2,0
DA:4,0
LF:3
LH:0
BRF:0
BRH:0
end_of_record
TN:
SF:app/contexts/AuthContext.tsx
FN:14,AuthProvider
FN:18,(anonymous_7)
FN:24,(anonymous_8)
FN:35,(anonymous_9)
FN:49,useAuth
FNF:5
FNH:0
FNDA:0,AuthProvider
FNDA:0,(anonymous_7)
FNDA:0,(anonymous_8)
FNDA:0,(anonymous_9)
FNDA:0,useAuth
DA:3,0
DA:4,0
DA:12,0
DA:14,0
DA:15,0
DA:16,0
DA:18,0
DA:20,0
DA:21,0
DA:24,0
DA:25,0
DA:27,0
DA:28,0
DA:29,0
DA:31,0
DA:35,0
DA:37,0
DA:38,0
DA:39,0
DA:49,0
DA:50,0
DA:51,0
DA:52,0
DA:54,0
LF:24
LH:0
BRDA:25,0,0,0
BRDA:25,0,1,0
BRDA:25,1,0,0
BRDA:25,1,1,0
BRDA:51,2,0,0
BRF:5
BRH:0
end_of_record
TN:
SF:app/contexts/ReCaptchaContext.tsx
FN:14,ReCaptchaProvider
FN:15,(anonymous_7)
FN:28,useReCaptcha
FNF:3
FNH:0
FNDA:0,ReCaptchaProvider
FNDA:0,(anonymous_7)
FNDA:0,useReCaptcha
DA:3,0
DA:9,0
DA:12,0
DA:14,0
DA:15,0
DA:17,0
DA:18,0
DA:28,0
DA:29,0
DA:30,0
DA:31,0
DA:33,0
LF:12
LH:0
BRDA:30,0,0,0
BRF:1
BRH:0
end_of_record
TN:
SF:app/countries/page.tsx
FN:4,CountriesPage
FN:8,(anonymous_3)
FN:15,(anonymous_4)
FN:25,(anonymous_5)
FNF:4
FNH:0
FNDA:0,CountriesPage
FNDA:0,(anonymous_3)
FNDA:0,(anonymous_4)
FNDA:0,(anonymous_5)
DA:1,0
DA:2,0
DA:4,0
DA:5,0
DA:8,0
DA:9,0
DA:10,0
DA:14,0
DA:15,0
DA:26,0
LF:10
LH:0
BRDA:9,0,0,0
BRDA:9,0,1,0
BRDA:36,1,0,0
BRDA:36,1,1,0
BRF:4
BRH:0
end_of_record
TN:
SF:app/countries/[country]/page.tsx
FN:14,CountryPage
FNF:1
FNH:0
FNDA:0,CountryPage
DA:1,0
DA:2,0
DA:14,0
DA:15,0
DA:16,0
DA:17,0
LF:6
LH:0
BRDA:15,0,0,0
BRDA:15,0,1,0
BRF:2
BRH:0
end_of_record
TN:
SF:app/country/[name]/page.tsx
FN:11,CountryPage
FN:26,(anonymous_3)
FNF:2
FNH:0
FNDA:0,CountryPage
FNDA:0,(anonymous_3)
DA:1,0
DA:2,0
DA:3,0
DA:11,0
DA:12,0
DA:14,0
DA:15,0
DA:27,0
LF:8
LH:0
BRDA:14,0,0,0
BRF:1
BRH:0
end_of_record
TN:
SF:app/data/articles.ts
FNF:0
FNH:0
DA:1,0
DA:3,0
LF:2
LH:0
BRF:0
BRH:0
end_of_record
TN:
SF:app/deals/page.tsx
FN:44,DealsPage
FNF:1
FNH:0
FNDA:0,DealsPage
DA:1,0
DA:2,0
DA:5,0
DA:44,0
LF:4
LH:0
BRF:0
BRH:0
end_of_record
TN:
SF:app/destinations/page.tsx
FN:62,DestinationsPage
FN:71,(anonymous_3)
FNF:2
FNH:0
FNDA:0,DestinationsPage
FNDA:0,(anonymous_3)
DA:1,0
DA:3,0
DA:5,0
DA:62,0
DA:72,0
LF:5
LH:0
BRF:0
BRH:0
end_of_record
TN:
SF:app/hooks/useReCaptcha.ts
FN:18,useReCaptcha
FN:24,(anonymous_2)
FN:27,(anonymous_3)
FN:39,(anonymous_4)
FN:41,(anonymous_5)
FN:44,(anonymous_6)
FN:47,(anonymous_7)
FN:52,(anonymous_8)
FN:58,(anonymous_9)
FNF:9
FNH:0
FNDA:0,useReCaptcha
FNDA:0,(anonymous_2)
FNDA:0,(anonymous_3)
FNDA:0,(anonymous_4)
FNDA:0,(anonymous_5)
FNDA:0,(anonymous_6)
FNDA:0,(anonymous_7)
FNDA:0,(anonymous_8)
FNDA:0,(anonymous_9)
DA:10,0
DA:11,0
DA:18,0
DA:19,0
DA:24,0
DA:26,0
DA:27,0
DA:28,0
DA:31,0
DA:34,0
DA:35,0
DA:36,0
DA:37,0
DA:39,0
DA:40,0
DA:41,0
DA:44,0
DA:45,0
DA:46,0
DA:47,0
DA:50,0
DA:52,0
DA:53,0
DA:54,0
DA:58,0
DA:59,0
DA:60,0
DA:61,0
DA:64,0
DA:65,0
DA:66,0
DA:67,0
DA:70,0
DA:71,0
DA:72,0
DA:73,0
DA:74,0
DA:76,0
DA:77,0
DA:81,0
LF:40
LH:0
BRDA:26,0,0,0
BRDA:59,1,0,0
BRDA:64,2,0,0
BRDA:64,3,0,0
BRDA:64,3,1,0
BRDA:73,4,0,0
BRDA:73,4,1,0
BRF:7
BRH:0
end_of_record
TN:
SF:app/lib/stories.ts
FN:35,(anonymous_13)
FN:47,fetchStory
FN:84,fetchStoryMetadata
FN:109,getAllStories
FN:113,(anonymous_17)
FN:117,(anonymous_18)
FN:118,(anonymous_19)
FN:125,getPublishedStories
FN:127,(anonymous_21)
FN:130,getStoryBySlug
FN:134,getStoriesByCategory
FN:137,(anonymous_24)
FN:138,(anonymous_25)
FN:141,getStoriesByCountry
FN:144,(anonymous_27)
FN:145,(anonymous_28)
FN:148,getRecentStories
FN:154,(anonymous_30)
FN:157,(anonymous_31)
FN:162,getTrendingStories
FN:168,(anonymous_33)
FN:173,(anonymous_34)
FN:192,getMetrics
FN:194,(anonymous_36)
FN:197,(anonymous_37)
FN:198,(anonymous_38)
FN:205,(anonymous_39)
FN:207,(anonymous_40)
FN:210,(anonymous_41)
FN:211,(anonymous_42)
FN:216,(anonymous_43)
FN:217,(anonymous_44)
FN:224,searchStories
FN:228,(anonymous_46)
FN:237,(anonymous_47)
FN:241,getStoriesByTag
FN:244,(anonymous_49)
FN:245,(anonymous_50)
FN:248,getPaginatedStories
FNF:39
FNH:0
FNDA:0,(anonymous_13)
FNDA:0,fetchStory
FNDA:0,fetchStoryMetadata
FNDA:0,getAllStories
FNDA:0,(anonymous_17)
FNDA:0,(anonymous_18)
FNDA:0,(anonymous_19)
FNDA:0,getPublishedStories
FNDA:0,(anonymous_21)
FNDA:0,getStoryBySlug
FNDA:0,getStoriesByCategory
FNDA:0,(anonymous_24)
FNDA:0,(anonymous_25)
FNDA:0,getStoriesByCountry
FNDA:0,(anonymous_27)
FNDA:0,(anonymous_28)
FNDA:0,getRecentStories
FNDA:0,(anonymous_30)
FNDA:0,(anonymous_31)
FNDA:0,getTrendingStories
FNDA:0,(anonymous_33)
FNDA:0,(anonymous_34)
FNDA:0,getMetrics
FNDA:0,(anonymous_36)
FNDA:0,(anonymous_37)
FNDA:0,(anonymous_38)
FNDA:0,(anonymous_39)
FNDA:0,(anonymous_40)
FNDA:0,(anonymous_41)
FNDA:0,(anonymous_42)
FNDA:0,(anonymous_43)
FNDA:0,(anonymous_44)
FNDA:0,searchStories
FNDA:0,(anonymous_46)
FNDA:0,(anonymous_47)
FNDA:0,getStoriesByTag
FNDA:0,(anonymous_49)
FNDA:0,(anonymous_50)
FNDA:0,getPaginatedStories
DA:1,0
DA:2,0
DA:35,0
DA:36,0
DA:37,0
DA:39,0
DA:43,0
DA:44,0
DA:45,0
DA:48,0
DA:50,0
DA:51,0
DA:52,0
DA:55,0
DA:56,0
DA:58,0
DA:59,0
DA:62,0
DA:63,0
DA:64,0
DA:68,0
DA:69,0
DA:73,0
DA:74,0
DA:77,0
DA:79,0
DA:80,0
DA:85,0
DA:87,0
DA:88,0
DA:89,0
DA:92,0
DA:93,0
DA:95,0
DA:96,0
DA:99,0
DA:100,0
DA:102,0
DA:104,0
DA:105,0
DA:109,0
DA:110,0
DA:111,0
DA:112,0
DA:113,0
DA:116,0
DA:117,0
DA:118,0
DA:120,0
DA:121,0
DA:125,0
DA:126,0
DA:127,0
DA:130,0
DA:131,0
DA:134,0
DA:135,0
DA:136,0
DA:137,0
DA:138,0
DA:141,0
DA:142,0
DA:143,0
DA:144,0
DA:145,0
DA:148,0
DA:149,0
DA:150,0
DA:151,0
DA:153,0
DA:155,0
DA:158,0
DA:162,0
DA:163,0
DA:164,0
DA:165,0
DA:169,0
DA:176,0
DA:182,0
DA:187,0
DA:192,0
DA:193,0
DA:194,0
DA:197,0
DA:198,0
DA:199,0
DA:201,0
DA:204,0
DA:205,0
DA:207,0
DA:210,0
DA:211,0
DA:213,0
DA:216,0
DA:217,0
DA:224,0
DA:225,0
DA:226,0
DA:228,0
DA:229,0
DA:237,0
DA:241,0
DA:242,0
DA:243,0
DA:244,0
DA:245,0
DA:248,0
DA:256,0
DA:257,0
DA:258,0
DA:260,0
LF:111
LH:0
BRDA:36,0,0,0
BRDA:39,1,0,0
BRDA:39,1,1,0
BRDA:50,2,0,0
BRDA:62,3,0,0
BRDA:68,4,0,0
BRDA:69,5,0,0
BRDA:69,5,1,0
BRDA:73,6,0,0
BRDA:88,7,0,0
BRDA:88,8,0,0
BRDA:88,8,1,0
BRDA:155,9,0,0
BRDA:155,9,1,0
BRDA:169,10,0,0
BRDA:169,10,1,0
BRDA:169,10,2,0
BRDA:176,11,0,0
BRDA:176,11,1,0
BRDA:177,12,0,0
BRDA:177,12,1,0
BRDA:178,13,0,0
BRDA:178,13,1,0
BRDA:179,14,0,0
BRDA:179,14,1,0
BRDA:182,15,0,0
BRDA:182,15,1,0
BRDA:183,16,0,0
BRDA:183,16,1,0
BRDA:184,17,0,0
BRDA:184,17,1,0
BRDA:185,18,0,0
BRDA:185,18,1,0
BRDA:199,19,0,0
BRDA:199,19,1,0
BRDA:250,20,0,0
BRDA:251,21,0,0
BRF:37
BRH:0
end_of_record
TN:
SF:app/lib/utils.ts
FN:1,formatDate
FNF:1
FNH:1
FNDA:3,formatDate
DA:1,3
DA:2,3
DA:3,3
LF:3
LH:3
BRF:0
BRH:0
end_of_record
TN:
SF:app/login/layout.tsx
FN:1,LoginLayout
FNF:1
FNH:0
FNDA:0,LoginLayout
DA:1,0
LF:1
LH:0
BRF:0
BRH:0
end_of_record
TN:
SF:app/login/page.tsx
FN:6,LoginPage
FN:14,(anonymous_2)
FN:69,(anonymous_3)
FN:85,(anonymous_4)
FNF:4
FNH:0
FNDA:0,LoginPage
FNDA:0,(anonymous_2)
FNDA:0,(anonymous_3)
FNDA:0,(anonymous_4)
DA:3,0
DA:4,0
DA:6,0
DA:7,0
DA:8,0
DA:9,0
DA:10,0
DA:11,0
DA:12,0
DA:14,0
DA:15,0
DA:16,0
DA:17,0
DA:19,0
DA:21,0
DA:22,0
DA:25,0
DA:33,0
DA:34,0
DA:38,0
DA:39,0
DA:41,0
DA:43,0
DA:69,0
DA:85,0
LF:25
LH:0
BRDA:21,0,0,0
BRDA:21,1,0,0
BRDA:21,1,1,0
BRDA:33,2,0,0
BRDA:38,3,0,0
BRDA:38,3,1,0
BRDA:41,4,0,0
BRDA:41,4,1,0
BRDA:91,5,0,0
BRDA:101,6,0,0
BRDA:101,6,1,0
BRF:11
BRH:0
end_of_record
TN:
SF:app/news/page.tsx
FN:62,NewsPage
FNF:1
FNH:0
FNDA:0,NewsPage
DA:1,0
DA:2,0
DA:5,0
DA:62,0
LF:4
LH:0
BRF:0
BRH:0
end_of_record
TN:
SF:app/nuch/page.tsx
FN:5,NuchPage
FN:11,(anonymous_2)
FN:62,(anonymous_3)
FN:101,(anonymous_4)
FN:112,(anonymous_5)
FNF:5
FNH:0
FNDA:0,NuchPage
FNDA:0,(anonymous_2)
FNDA:0,(anonymous_3)
FNDA:0,(anonymous_4)
FNDA:0,(anonymous_5)
DA:3,0
DA:5,0
DA:6,0
DA:7,0
DA:8,0
DA:9,0
DA:11,0
DA:12,0
DA:13,0
DA:14,0
DA:15,0
DA:16,0
DA:25,0
DA:26,0
DA:27,0
DA:30,0
DA:32,0
DA:34,0
DA:62,0
DA:102,0
DA:113,0
LF:21
LH:0
BRDA:26,0,0,0
BRDA:27,1,0,0
BRDA:27,1,1,0
BRDA:72,2,0,0
BRDA:72,2,1,0
BRDA:75,3,0,0
BRDA:75,3,1,0
BRDA:80,4,0,0
BRDA:86,5,0,0
BRF:9
BRH:0
end_of_record
TN:
SF:app/privacy/page.tsx
FN:13,PrivacyPolicyPage
FNF:1
FNH:0
FNDA:0,PrivacyPolicyPage
DA:2,0
DA:4,0
DA:13,0
LF:3
LH:0
BRF:0
BRH:0
end_of_record
TN:
SF:app/reviews/page.tsx
FN:62,ReviewsPage
FNF:1
FNH:0
FNDA:0,ReviewsPage
DA:1,0
DA:2,0
DA:5,0
DA:62,0
LF:4
LH:0
BRF:0
BRH:0
end_of_record
TN:
SF:app/rewrite/layout.tsx
FN:5,RewriteLayout
FNF:1
FNH:0
FNDA:0,RewriteLayout
DA:3,0
DA:5,0
LF:2
LH:0
BRF:0
BRH:0
end_of_record
TN:
SF:app/rewrite/page.tsx
FN:20,RewritePage
FN:29,(anonymous_2)
FN:59,(anonymous_3)
FN:62,(anonymous_4)
FN:64,(anonymous_5)
FN:84,(anonymous_6)
FN:84,(anonymous_7)
FN:94,(anonymous_8)
FN:94,(anonymous_9)
FNF:9
FNH:0
FNDA:0,RewritePage
FNDA:0,(anonymous_2)
FNDA:0,(anonymous_3)
FNDA:0,(anonymous_4)
FNDA:0,(anonymous_5)
FNDA:0,(anonymous_6)
FNDA:0,(anonymous_7)
FNDA:0,(anonymous_8)
FNDA:0,(anonymous_9)
DA:3,0
DA:4,0
DA:5,0
DA:6,0
DA:7,0
DA:8,0
DA:9,0
DA:10,0
DA:11,0
DA:20,0
DA:21,0
DA:22,0
DA:23,0
DA:27,0
DA:29,0
DA:30,0
DA:31,0
DA:32,0
DA:33,0
DA:34,0
DA:35,0
DA:36,0
DA:37,0
DA:40,0
DA:45,0
DA:46,0
DA:49,0
DA:50,0
DA:52,0
DA:53,0
DA:55,0
DA:59,0
DA:60,0
DA:61,0
DA:62,0
DA:63,0
DA:64,0
DA:65,0
DA:67,0
DA:84,0
DA:94,0
LF:41
LH:0
BRDA:36,0,0,0
BRDA:45,1,0,0
BRDA:61,2,0,0
BRDA:108,3,0,0
BRDA:120,4,0,0
BRDA:120,4,1,0
BRF:6
BRH:0
end_of_record
TN:
SF:app/rodney/page.tsx
FN:78,escapeHtml
FN:79,(anonymous_3)
FN:91,generateLocalSEO
FN:129,autoTagStory
FN:152,(anonymous_6)
FN:153,(anonymous_7)
FN:156,(anonymous_8)
FN:166,RodneyPage
FN:189,(anonymous_10)
FN:194,(anonymous_11)
FN:197,(anonymous_12)
FN:201,(anonymous_13)
FN:287,(anonymous_14)
FN:289,(anonymous_15)
FN:292,(anonymous_16)
FN:298,(anonymous_17)
FN:302,(anonymous_18)
FN:313,(anonymous_19)
FN:365,(anonymous_20)
FN:365,(anonymous_21)
FN:380,(anonymous_22)
FN:380,(anonymous_23)
FN:395,(anonymous_24)
FN:395,(anonymous_25)
FN:409,(anonymous_26)
FN:409,(anonymous_27)
FN:414,(anonymous_28)
FN:431,(anonymous_29)
FN:431,(anonymous_30)
FN:443,(anonymous_31)
FN:443,(anonymous_32)
FN:530,(anonymous_33)
FN:558,(anonymous_34)
FNF:33
FNH:0
FNDA:0,escapeHtml
FNDA:0,(anonymous_3)
FNDA:0,generateLocalSEO
FNDA:0,autoTagStory
FNDA:0,(anonymous_6)
FNDA:0,(anonymous_7)
FNDA:0,(anonymous_8)
FNDA:0,RodneyPage
FNDA:0,(anonymous_10)
FNDA:0,(anonymous_11)
FNDA:0,(anonymous_12)
FNDA:0,(anonymous_13)
FNDA:0,(anonymous_14)
FNDA:0,(anonymous_15)
FNDA:0,(anonymous_16)
FNDA:0,(anonymous_17)
FNDA:0,(anonymous_18)
FNDA:0,(anonymous_19)
FNDA:0,(anonymous_20)
FNDA:0,(anonymous_21)
FNDA:0,(anonymous_22)
FNDA:0,(anonymous_23)
FNDA:0,(anonymous_24)
FNDA:0,(anonymous_25)
FNDA:0,(anonymous_26)
FNDA:0,(anonymous_27)
FNDA:0,(anonymous_28)
FNDA:0,(anonymous_29)
FNDA:0,(anonymous_30)
FNDA:0,(anonymous_31)
FNDA:0,(anonymous_32)
FNDA:0,(anonymous_33)
FNDA:0,(anonymous_34)
DA:3,0
DA:4,0
DA:66,0
DA:79,0
DA:80,0
DA:101,0
DA:111,0
DA:112,0
DA:116,0
DA:117,0
DA:121,0
DA:130,0
DA:132,0
DA:143,0
DA:152,0
DA:153,0
DA:156,0
DA:157,0
DA:160,0
DA:166,0
DA:167,0
DA:179,0
DA:180,0
DA:181,0
DA:182,0
DA:183,0
DA:184,0
DA:185,0
DA:186,0
DA:189,0
DA:190,0
DA:193,0
DA:194,0
DA:196,0
DA:197,0
DA:201,0
DA:202,0
DA:203,0
DA:204,0
DA:206,0
DA:207,0
DA:208,0
DA:210,0
DA:211,0
DA:212,0
DA:213,0
DA:215,0
DA:220,0
DA:221,0
DA:222,0
DA:225,0
DA:226,0
DA:230,0
DA:251,0
DA:259,0
DA:260,0
DA:261,0
DA:265,0
DA:277,0
DA:278,0
DA:280,0
DA:281,0
DA:283,0
DA:287,0
DA:288,0
DA:289,0
DA:292,0
DA:293,0
DA:294,0
DA:295,0
DA:298,0
DA:299,0
DA:302,0
DA:303,0
DA:304,0
DA:305,0
DA:308,0
DA:309,0
DA:311,0
DA:312,0
DA:313,0
DA:314,0
DA:317,0
DA:322,0
DA:324,0
DA:325,0
DA:328,0
DA:329,0
DA:330,0
DA:331,0
DA:332,0
DA:335,0
DA:337,0
DA:365,0
DA:380,0
DA:395,0
DA:409,0
DA:415,0
DA:431,0
DA:443,0
DA:531,0
DA:559,0
LF:102
LH:0
BRDA:80,0,0,0
BRDA:80,0,1,0
BRDA:111,1,0,0
BRDA:161,2,0,0
BRDA:161,2,1,0
BRDA:162,3,0,0
BRDA:162,3,1,0
BRDA:193,4,0,0
BRDA:193,5,0,0
BRDA:193,5,1,0
BRDA:196,6,0,0
BRDA:196,7,0,0
BRDA:196,7,1,0
BRDA:211,8,0,0
BRDA:220,9,0,0
BRDA:222,10,0,0
BRDA:222,10,1,0
BRDA:233,11,0,0
BRDA:233,11,1,0
BRDA:233,11,2,0
BRDA:234,12,0,0
BRDA:234,12,1,0
BRDA:234,12,2,0
BRDA:244,13,0,0
BRDA:244,13,1,0
BRDA:247,14,0,0
BRDA:247,14,1,0
BRDA:259,15,0,0
BRDA:261,16,0,0
BRDA:261,16,1,0
BRDA:281,17,0,0
BRDA:281,17,1,0
BRDA:288,18,0,0
BRDA:288,18,1,0
BRDA:293,19,0,0
BRDA:293,19,1,0
BRDA:303,20,0,0
BRDA:324,21,0,0
BRDA:325,22,0,0
BRDA:325,22,1,0
BRDA:331,23,0,0
BRDA:335,24,0,0
BRDA:335,24,1,0
BRDA:349,25,0,0
BRDA:477,26,0,0
BRDA:477,26,1,0
BRDA:482,27,0,0
BRDA:482,27,1,0
BRDA:488,28,0,0
BRDA:526,29,0,0
BRDA:547,30,0,0
BRDA:547,30,1,0
BRDA:550,31,0,0
BRDA:550,31,1,0
BRDA:554,32,0,0
BRF:55
BRH:0
end_of_record
TN:
SF:app/stories/page.tsx
FN:14,StoriesPage
FN:26,(anonymous_3)
FN:29,(anonymous_4)
FN:32,(anonymous_5)
FN:36,(anonymous_6)
FN:44,(anonymous_7)
FNF:6
FNH:0
FNDA:0,StoriesPage
FNDA:0,(anonymous_3)
FNDA:0,(anonymous_4)
FNDA:0,(anonymous_5)
FNDA:0,(anonymous_6)
FNDA:0,(anonymous_7)
DA:1,0
DA:2,0
DA:14,0
DA:15,0
DA:16,0
DA:17,0
DA:18,0
DA:19,0
DA:22,0
DA:25,0
DA:26,0
DA:28,0
DA:29,0
DA:31,0
DA:32,0
DA:34,0
DA:35,0
DA:36,0
DA:37,0
DA:44,0
DA:49,0
LF:21
LH:0
BRDA:15,0,0,0
BRDA:15,0,1,0
BRDA:25,1,0,0
BRDA:28,2,0,0
BRDA:31,3,0,0
BRDA:34,4,0,0
BRF:6
BRH:0
end_of_record
TN:
SF:app/stories/[slug]/page.tsx
FN:13,StoryPage
FN:79,(anonymous_3)
FNF:2
FNH:0
FNDA:0,StoryPage
FNDA:0,(anonymous_3)
DA:1,0
DA:3,0
DA:4,0
DA:5,0
DA:13,0
DA:14,0
DA:16,0
DA:17,0
DA:80,0
LF:9
LH:0
BRDA:16,0,0,0
BRDA:22,1,0,0
BRDA:54,2,0,0
BRDA:77,3,0,0
BRDA:77,3,1,0
BRF:5
BRH:0
end_of_record
TN:
SF:app/submit/page.tsx
FN:9,SubmitPage
FNF:1
FNH:0
FNDA:0,SubmitPage
DA:1,0
DA:4,0
DA:9,0
LF:3
LH:0
BRF:0
BRH:0
end_of_record
TN:
SF:app/terms/page.tsx
FN:14,TermsPage
FNF:1
FNH:0
FNDA:0,TermsPage
DA:2,0
DA:4,0
DA:14,0
LF:3
LH:0
BRF:0
BRH:0
end_of_record
TN:
SF:app/test-upload/page.tsx
FN:5,TestUpload
FNF:1
FNH:0
FNDA:0,TestUpload
DA:3,0
DA:5,0
LF:2
LH:0
BRF:0
BRH:0
end_of_record
TN:
SF:app/tips/page.tsx
FN:62,TipsPage
FNF:1
FNH:0
FNDA:0,TipsPage
DA:1,0
DA:2,0
DA:5,0
DA:62,0
LF:4
LH:0
BRF:0
BRH:0
end_of_record
TN:
SF:app/unsplash-demo/page.tsx
FN:1,UnsplashDemo
FNF:1
FNH:0
FNDA:0,UnsplashDemo
DA:1,0
LF:1
LH:0
BRF:0
BRH:0
end_of_record
TN:
SF:app/unzip/page.tsx
FN:4,UnzipPage
FNF:1
FNH:0
FNDA:0,UnzipPage
DA:1,0
DA:2,0
DA:4,0
LF:3
LH:0
BRF:0
BRH:0
end_of_record
TN:
SF:app/utils/recaptcha.ts
FN:12,(anonymous_5)
FN:17,(anonymous_6)
FN:20,(anonymous_7)
FN:23,(anonymous_8)
FN:28,(anonymous_9)
FN:36,(anonymous_10)
FN:53,(anonymous_11)
FNF:7
FNH:0
FNDA:0,(anonymous_5)
FNDA:0,(anonymous_6)
FNDA:0,(anonymous_7)
FNDA:0,(anonymous_8)
FNDA:0,(anonymous_9)
FNDA:0,(anonymous_10)
FNDA:0,(anonymous_11)
DA:1,0
DA:2,0
DA:5,0
DA:6,0
DA:8,0
DA:11,0
DA:13,0
DA:14,0
DA:18,0
DA:21,0
DA:24,0
DA:25,0
DA:29,0
DA:30,0
DA:36,0
DA:37,0
DA:38,0
DA:39,0
DA:41,0
DA:42,0
DA:43,0
DA:45,0
DA:46,0
DA:47,0
DA:49,0
DA:53,0
DA:54,0
DA:55,0
DA:56,0
DA:59,0
DA:60,0
DA:63,0
DA:64,0
DA:67,0
LF:34
LH:0
BRDA:8,0,0,0
BRDA:8,0,1,0
BRDA:13,1,0,0
BRDA:13,2,0,0
BRDA:13,2,1,0
BRDA:14,3,0,0
BRDA:14,3,1,0
BRDA:18,4,0,0
BRDA:18,4,1,0
BRDA:21,5,0,0
BRDA:21,5,1,0
BRDA:24,6,0,0
BRDA:24,7,0,0
BRDA:24,7,1,0
BRDA:25,8,0,0
BRDA:25,8,1,0
BRDA:29,9,0,0
BRDA:30,10,0,0
BRDA:30,10,1,0
BRDA:37,11,0,0
BRDA:41,12,0,0
BRDA:45,13,0,0
BRDA:54,14,0,0
BRDA:59,15,0,0
BRDA:63,16,0,0
BRF:25
BRH:0
end_of_record
TN:
SF:app/utils/safeLogger.ts
FN:3,safeLogError
FNF:1
FNH:0
FNDA:0,safeLogError
DA:1,0
DA:3,0
DA:4,0
DA:13,0
LF:4
LH:0
BRDA:4,0,0,0
BRDA:4,0,1,0
BRDA:9,1,0,0
BRDA:9,1,1,0
BRF:4
BRH:0
end_of_record
